===== Results for clang, L=512, -O1 =====
===== Program output =====
# L: 512
# Minimum Temperature: 1.500000
# Maximum Temperature: 3.000000
# Temperature Step: 0.010000000000
# Equilibration Time: 5
# Measurement Time: 25
# Data Acquiring Step: 5
# Number of Points: 151
# Total Simulation Time (sec): 13.713731
# Temp	E	E^2	E^4	M	M^2	M^4
1.500000	-1.9528015137	3.8134345276	14.5422947294	0.9870040894	0.9741771172	0.9490212303
1.510000	-1.9492675781	3.7996446717	14.4373084537	0.9860214233	0.9722383245	0.9452476602
1.520000	-1.9464721680	3.7887550894	14.3546831368	0.9851303101	0.9704818703	0.9418356135
1.530000	-1.9441345215	3.7796621164	14.2858922725	0.9844848633	0.9692107039	0.9393703883
1.540000	-1.9436859131	3.7779164074	14.2726747370	0.9843826294	0.9690093022	0.9389795748
1.550000	-1.9410675049	3.7677439127	14.1959070587	0.9834945679	0.9672616405	0.9355953731
1.560000	-1.9366760254	3.7507145052	14.0678664674	0.9822174072	0.9647510855	0.9307448518
1.570000	-1.9363220215	3.7493444129	14.0576051445	0.9820343018	0.9643915288	0.9300516339
1.580000	-1.9327880859	3.7356702541	13.9552392558	0.9810531616	0.9624653355	0.9263396357
1.590000	-1.9316375732	3.7312249245	13.9220574940	0.9805892944	0.9615554682	0.9245893179
1.600000	-1.9264526367	3.7112238565	13.7732433231	0.9790115356	0.9584640829	0.9186553006
1.610000	-1.9255310059	3.7076725858	13.7468794871	0.9788330078	0.9581143202	0.9179840589
1.620000	-1.9222839355	3.6951768612	13.6543517292	0.9778167725	0.9561258196	0.9141772680
1.630000	-1.9201660156	3.6870384004	13.5942650410	0.9770996094	0.9547237815	0.9114980144
1.640000	-1.9171295166	3.6753867372	13.5084846371	0.9761428833	0.9528550653	0.9079332962
1.650000	-1.9135803223	3.6617934640	13.4087872738	0.9749832153	0.9505927801	0.9036285735
1.660000	-1.9109527588	3.6517453175	13.3353149340	0.9742446899	0.9491530789	0.9008929448
1.670000	-1.9085296631	3.6424895443	13.2677893943	0.9733291626	0.9473703240	0.8975130525
1.680000	-1.9051452637	3.6295803144	13.1738799695	0.9724365234	0.9456330913	0.8942230754
1.690000	-1.9020690918	3.6178702361	13.0890343502	0.9713348389	0.9434918358	0.8901786053
1.700000	-1.8979766846	3.6023221544	12.9768207648	0.9699050903	0.9407163649	0.8849490872
1.710000	-1.8955657959	3.5931704348	12.9108845265	0.9692916870	0.9395264899	0.8827104586
1.720000	-1.8920104980	3.5797046931	12.8142995592	0.9680358887	0.9370936449	0.8781451107
1.730000	-1.8873260498	3.5620059385	12.6879762571	0.9665466309	0.9342130956	0.8727567437
1.740000	-1.8847595215	3.5523206926	12.6190141021	0.9655822754	0.9323493217	0.8692759702
1.750000	-1.8802764893	3.5354408664	12.4993589559	0.9641448975	0.9295756147	0.8641116838
1.760000	-1.8772430420	3.5240454616	12.4189531141	0.9630569458	0.9274790009	0.8602184835
1.770000	-1.8712890625	3.5017299499	12.2622134787	0.9609497070	0.9234252245	0.8527174148
1.780000	-1.8687469482	3.4922197380	12.1956626486	0.9604522705	0.9224691310	0.8509513892
1.790000	-1.8627929688	3.4700032572	12.0410004927	0.9582580566	0.9182594513	0.8432039025
1.800000	-1.8602142334	3.4604044250	11.9745015533	0.9566879272	0.9152528737	0.8376917898
1.810000	-1.8565734863	3.4468702855	11.8809861210	0.9559204102	0.9137844503	0.8350042873
1.820000	-1.8503906250	3.4239536062	11.7235697593	0.9538253784	0.9097841755	0.8277120611
1.830000	-1.8460662842	3.4079763697	11.6145165533	0.9518905640	0.9060985515	0.8210251259
1.840000	-1.8403503418	3.3868945108	11.4711239109	0.9501907349	0.9028633085	0.8151653193
1.850000	-1.8347930908	3.3664677850	11.3331336173	0.9480194092	0.8987415332	0.8077389800
1.860000	-1.8323638916	3.3575585057	11.2732135572	0.9468139648	0.8964568665	0.8036355678
1.870000	-1.8239471436	3.3267887743	11.0675978995	0.9439010620	0.8909494269	0.7937916364
1.880000	-1.8191741943	3.3094021853	10.9522412056	0.9423675537	0.8880572533	0.7886479829
1.890000	-1.8164825439	3.2996132811	10.8875065575	0.9411697388	0.8858006774	0.7846435495
1.900000	-1.8075256348	3.2671528270	10.6743386790	0.9377105713	0.8793018843	0.7731745095
1.910000	-1.8036468506	3.2531594201	10.5832737146	0.9354141235	0.8750034525	0.7656446139
1.920000	-1.7966400146	3.2279169078	10.4194677860	0.9330078125	0.8705037019	0.7577771254
1.930000	-1.7908599854	3.2071854107	10.2861141741	0.9307754517	0.8663445045	0.7505582136
1.940000	-1.7862182617	3.1905824740	10.1799032913	0.9290054321	0.8630519149	0.7448614472
1.950000	-1.7778991699	3.1609323584	9.9915805635	0.9252212524	0.8560359924	0.7328031814
1.960000	-1.7729034424	3.1432055453	9.8799790685	0.9236984253	0.8532231559	0.7280046869
1.970000	-1.7666809082	3.1211665664	9.7417447791	0.9199310303	0.8462740566	0.7161830113
1.980000	-1.7597351074	3.0966692353	9.5893799981	0.9178985596	0.8425385413	0.7098738070
1.990000	-1.7549255371	3.0797650866	9.4849707912	0.9161437988	0.8393196227	0.7044579748
2.000000	-1.7450408936	3.0452000369	9.2736354604	0.9109878540	0.8299088136	0.6887815595
2.010000	-1.7366912842	3.0161045559	9.0969824408	0.9070999146	0.8228320881	0.6770586759
2.020000	-1.7320159912	2.9998890546	8.9994500353	0.9056472778	0.8202001683	0.6727387209
2.030000	-1.7215545654	2.9637580036	8.7839549137	0.8999191284	0.8098583836	0.6558833892
2.040000	-1.7176605225	2.9503732564	8.7048863593	0.8976760864	0.8058285833	0.6493797842
2.050000	-1.7078765869	2.9168557568	8.5082029347	0.8940765381	0.7993756309	0.6390102736
2.060000	-1.6979705811	2.8831271618	8.3126879406	0.8889251709	0.7901936046	0.6244237647
2.070000	-1.6915008545	2.8611842434	8.1864792915	0.8851348877	0.7834663195	0.6138274576
2.080000	-1.6802612305	2.8232955645	7.9711986430	0.8789611816	0.7725781968	0.5968938980
2.090000	-1.6729705811	2.7988564962	7.8338875877	0.8746292114	0.7649879827	0.5852425201
2.100000	-1.6627716064	2.7648183863	7.6443198587	0.8683074951	0.7539617861	0.5684700791
2.110000	-1.6543029785	2.7367271819	7.4897723982	0.8638534546	0.7462441185	0.5568842450
2.120000	-1.6416900635	2.6951506862	7.2638849159	0.8545272827	0.7302213264	0.5332361883
2.130000	-1.6309661865	2.6600628849	7.0760645396	0.8488235474	0.7205098713	0.5191588220
2.140000	-1.6217132568	2.6299719851	6.9169432593	0.8443954468	0.7130137247	0.5084172902
2.150000	-1.6114807129	2.5968822024	6.7439232571	0.8393508911	0.7045147633	0.4963547300
2.160000	-1.6011199951	2.5636028090	6.5722392788	0.8339828491	0.6955306075	0.4837717795
2.170000	-1.5914062500	2.5326308270	6.4147931849	0.8262664795	0.6827320946	0.4661659910
2.180000	-1.5760498047	2.4839512914	6.1701956680	0.8115371704	0.6585981918	0.4337663986
2.190000	-1.5626190186	2.4417862450	5.9623987658	0.7999130249	0.6398631662	0.4094308158
2.200000	-1.5490051270	2.3994347001	5.7574576795	0.7887161255	0.6220986723	0.3870701702
2.210000	-1.5351989746	2.3568438685	5.5547880636	0.7773757935	0.6043181653	0.3652126450
2.220000	-1.5192291260	2.3080766900	5.3273986947	0.7685073853	0.5906094092	0.3488332151
2.230000	-1.5063262939	2.2690306087	5.1486061718	0.7554870605	0.5707689472	0.3257960341
2.240000	-1.4943450928	2.2330801034	4.9867612226	0.7421142578	0.5507525202	0.3033699118
2.250000	-1.4770385742	2.1817032614	4.7603585556	0.7193420410	0.5175447906	0.2680448444
2.260000	-1.4595550537	2.1303178443	4.5383981081	0.6944076538	0.4822338619	0.2326107218
2.270000	-1.4435668945	2.0839207839	4.3430223859	0.6659606934	0.4435808920	0.1969026343
2.280000	-1.4153289795	2.0031793070	4.0129131463	0.6403732300	0.4100960135	0.1682083073
2.290000	-1.4078521729	1.9820634623	3.9287002039	0.6279129028	0.3943045489	0.1555236447
2.300000	-1.3859283447	1.9208232455	3.6897609186	0.5847305298	0.3420428623	0.1171748370
2.310000	-1.3629821777	1.8577546588	3.4515069643	0.5315841675	0.2827727648	0.0801750193
2.320000	-1.3353240967	1.7831035962	3.1795520510	0.4739379883	0.2247226776	0.0505945188
2.330000	-1.3238891602	1.7526867538	3.0719405723	0.4317474365	0.1866802362	0.0350522969
2.340000	-1.3064849854	1.7069394882	2.9138922127	0.3740737915	0.1399829518	0.0196241370
2.350000	-1.2844085693	1.6497307750	2.7217799328	0.3187255859	0.1016950373	0.0103859373
2.360000	-1.2702484131	1.6135668661	2.6038283918	0.2780075073	0.0774467426	0.0060463643
2.370000	-1.2491516113	1.5603932675	2.4349114402	0.2266937256	0.0514842640	0.0026696713
2.380000	-1.2369659424	1.5300920493	2.3412264219	0.1831756592	0.0338234224	0.0011805976
2.390000	-1.2204620361	1.4895465023	2.2188616536	0.1461959839	0.0214338220	0.0004645091
2.400000	-1.2058410645	1.4540565733	2.1143032262	0.0964187622	0.0093407839	0.0000887927
2.410000	-1.1965484619	1.4317497767	2.0500305728	0.0676284790	0.0046111524	0.0000219043
2.420000	-1.1815551758	1.3961199268	1.9494157055	0.0403991699	0.0016734636	0.0000030856
2.430000	-1.1722473145	1.3741727772	1.8884004015	0.0263702393	0.0007020274	0.0000005095
2.440000	-1.1602355957	1.3461644948	1.8122551224	0.0222549438	0.0005145043	0.0000002975
2.450000	-1.1565887451	1.3377084981	1.7895227510	0.0209793091	0.0004609338	0.0000002520
2.460000	-1.1415740967	1.3032090674	1.6984459555	0.0256851196	0.0007301421	0.0000006671
2.470000	-1.1343811035	1.2868271669	1.6559585414	0.0217712402	0.0004822542	0.0000002493
2.480000	-1.1247314453	1.2650359293	1.6003921627	0.0048431396	0.0000371950	0.0000000028
2.490000	-1.1157257080	1.2448602973	1.5497591609	0.0081970215	0.0001172911	0.0000000423
2.500000	-1.1074615479	1.2264718004	1.5042366119	0.0124557495	0.0001960281	0.0000000560
2.510000	-1.0999145508	1.2098271381	1.4637548734	0.0200454712	0.0004264692	0.0000002231
2.520000	-1.0898742676	1.1878406203	1.4110352310	0.0062988281	0.0000885177	0.0000000289
2.530000	-1.0786590576	1.1635306425	1.3539216280	0.0214569092	0.0004703376	0.0000002419
2.540000	-1.0681243896	1.1409101770	1.3017693066	0.0055572510	0.0000510286	0.0000000059
2.550000	-1.0655609131	1.1354398915	1.2893140125	0.0116958618	0.0001758367	0.0000000545
2.560000	-1.0592315674	1.1219799306	1.2588767611	0.0104904175	0.0001446375	0.0000000445
2.570000	-1.0488708496	1.1001319800	1.2102988224	0.0103027344	0.0001335066	0.0000000245
2.580000	-1.0417022705	1.0851588476	1.1776357814	0.0093353271	0.0001121592	0.0000000212
2.590000	-1.0365447998	1.0744599576	1.1546137950	0.0107589722	0.0001431293	0.0000000350
2.600000	-1.0307281494	1.0624041572	1.1287180859	0.0124023437	0.0002198826	0.0000001031
2.610000	-1.0232971191	1.0471466114	1.0965562679	0.0075942993	0.0000950183	0.0000000248
2.620000	-1.0144775391	1.0291713352	1.0592209610	0.0150039673	0.0003003295	0.0000001543
2.630000	-1.0088745117	1.0178294231	1.0359834288	0.0103332520	0.0001472134	0.0000000457
2.640000	-1.0035919189	1.0072246020	1.0146139368	0.0051834106	0.0000358101	0.0000000021
2.650000	-0.9968017578	0.9936206642	0.9873095115	0.0107528687	0.0001242756	0.0000000192
2.660000	-0.9893218994	0.9787735505	0.9580591563	0.0040832520	0.0000200906	0.0000000007
2.670000	-0.9821960449	0.9647266311	0.9307652475	0.0040466309	0.0000181296	0.0000000005
2.680000	-0.9741424561	0.9489591684	0.9005449101	0.0084716797	0.0001036620	0.0000000227
2.690000	-0.9688201904	0.9386200925	0.8810360037	0.0068878174	0.0000733196	0.0000000161
2.700000	-0.9622467041	0.9259309433	0.8573933122	0.0041137695	0.0000294030	0.0000000026
2.710000	-0.9595092773	0.9206654300	0.8476519642	0.0072723389	0.0001032806	0.0000000273
2.720000	-0.9520080566	0.9063218900	0.8214286079	0.0072174072	0.0000871057	0.0000000191
2.730000	-0.9465454102	0.8959641764	0.8028091670	0.0090057373	0.0001172621	0.0000000273
2.740000	-0.9394714355	0.8826144118	0.7790358794	0.0091873169	0.0001070452	0.0000000208
2.750000	-0.9325988770	0.8697569003	0.7565336321	0.0053237915	0.0000382605	0.0000000027
2.760000	-0.9281066895	0.8613944558	0.7420431440	0.0088897705	0.0000975101	0.0000000159
2.770000	-0.9244354248	0.8545847456	0.7303284258	0.0111907959	0.0001343390	0.0000000232
2.780000	-0.9167938232	0.8405535979	0.7066744684	0.0059768677	0.0000650085	0.0000000147
2.790000	-0.9133239746	0.8341619543	0.6958304161	0.0042861938	0.0000215520	0.0000000007
2.800000	-0.9124359131	0.8325488748	0.6931695036	0.0063262939	0.0000706039	0.0000000162
2.810000	-0.9064971924	0.8217460677	0.6752958808	0.0057388306	0.0000511430	0.0000000068
2.820000	-0.8968811035	0.8044044694	0.6470947550	0.0053253174	0.0000359762	0.0000000020
2.830000	-0.8951873779	0.8013821058	0.6422825020	0.0063217163	0.0000572239	0.0000000079
2.840000	-0.8887084961	0.7898106974	0.6238258079	0.0021591187	0.0000075878	0.0000000002
2.850000	-0.8846893311	0.7826803522	0.6126046381	0.0032592773	0.0000181600	0.0000000011
2.860000	-0.8770690918	0.7692541672	0.5917641967	0.0067306519	0.0000605843	0.0000000061
2.870000	-0.8722869873	0.7608885370	0.5789633761	0.0059524536	0.0000469711	0.0000000047
2.880000	-0.8736145020	0.7632214880	0.5825655785	0.0037414551	0.0000218632	0.0000000012
2.890000	-0.8618347168	0.7427837766	0.5518011395	0.0094360352	0.0001039032	0.0000000156
2.900000	-0.8579681396	0.7361131018	0.5418736248	0.0068664551	0.0000637103	0.0000000082
2.910000	-0.8568908691	0.7342696589	0.5391745999	0.0055938721	0.0000424077	0.0000000033
2.920000	-0.8526092529	0.7269458063	0.5284597040	0.0026412964	0.0000096155	0.0000000002
2.930000	-0.8468109131	0.7170940224	0.5142390568	0.0054687500	0.0000347525	0.0000000021
2.940000	-0.8435211182	0.7115342715	0.5062991500	0.0072967529	0.0000760367	0.0000000114
2.950000	-0.8373107910	0.7010987143	0.4915657474	0.0065673828	0.0000515200	0.0000000046
2.960000	-0.8313110352	0.6910938468	0.4776545366	0.0053054810	0.0000322128	0.0000000014
2.970000	-0.8318115234	0.6919118577	0.4787460247	0.0030715942	0.0000163203	0.0000000006
2.980000	-0.8248596191	0.6804051858	0.4629833472	0.0072326660	0.0000792615	0.0000000118
2.990000	-0.8225860596	0.6766594365	0.4578994099	0.0077682495	0.0000873648	0.0000000198
3.000000	-0.8181610107	0.6693994784	0.4481277205	0.0038269043	0.0000237577	0.0000000013

===== Performance statistics =====
# started on Mon Mar 24 18:24:42 2025


 Performance counter stats for './tiny_ising':

         13,714.88 msec task-clock                       #    1.000 CPUs utilized             
                15      context-switches                 #    1.094 /sec                      
                 0      cpu-migrations                   #    0.000 /sec                      
               334      page-faults                      #   24.353 /sec                      
    49,521,904,643      cycles                           #    3.611 GHz                       
     1,462,014,289      stalled-cycles-frontend          #    2.95% frontend cycles idle      
   129,621,397,836      instructions                     #    2.62  insn per cycle            
                                                  #    0.01  stalled cycles per insn   
    26,515,426,037      branches                         #    1.933 G/sec                     
       321,833,125      branch-misses                    #    1.21% of all branches           

      13.716562796 seconds time elapsed

      13.711749000 seconds user
       0.003999000 seconds sys


