===== Results for clang, L=256, -O3 =====
===== Program output =====
# L: 256
# Minimum Temperature: 1.500000
# Maximum Temperature: 3.000000
# Temperature Step: 0.010000000000
# Equilibration Time: 5
# Measurement Time: 25
# Data Acquiring Step: 5
# Number of Points: 151
# Total Simulation Time (sec): 3.425843
# Temp	E	E^2	E^4	M	M^2	M^4
1.500000	-1.9517456055	3.8093128301	14.5108935469	0.9865844727	0.9733491458	0.9474094327
1.510000	-1.9513549805	3.8077877454	14.4992701395	0.9865661621	0.9733129216	0.9473385474
1.520000	-1.9466308594	3.7893798217	14.3595224205	0.9851867676	0.9705935681	0.9420542071
1.530000	-1.9449340820	3.7827744804	14.3094719403	0.9848327637	0.9698962776	0.9407015247
1.540000	-1.9418701172	3.7708654359	14.2195147847	0.9837890625	0.9678415794	0.9367198755
1.550000	-1.9401245117	3.7640981890	14.1686618160	0.9833190918	0.9669180723	0.9349368820
1.560000	-1.9370605469	3.7522048622	14.0790608494	0.9822570801	0.9648292700	0.9308966729
1.570000	-1.9355102539	3.7462065630	14.0341627983	0.9818969727	0.9641223017	0.9295342690
1.580000	-1.9345581055	3.7425155304	14.0064294885	0.9815734863	0.9634865744	0.9283066309
1.590000	-1.9302734375	3.7259635121	13.8829227485	0.9803649902	0.9611162001	0.9237469861
1.600000	-1.9289672852	3.7209235735	13.8454030718	0.9799194336	0.9602429643	0.9220698856
1.610000	-1.9259643555	3.7093403734	13.7592308677	0.9789367676	0.9583174402	0.9183732564
1.620000	-1.9217651367	3.6931859784	13.6396926695	0.9776062012	0.9557144405	0.9133922171
1.630000	-1.9198120117	3.6856849514	13.5843736571	0.9771118164	0.9547482785	0.9115472409
1.640000	-1.9174682617	3.6766955681	13.5182528275	0.9764648437	0.9534847066	0.9091373399
1.650000	-1.9149658203	3.6670957655	13.4476158850	0.9754760742	0.9515537791	0.9054553853
1.660000	-1.9096191406	3.6466545984	13.2982259294	0.9736083984	0.9479144361	0.8985460334
1.670000	-1.9055664062	3.6311971381	13.1857933055	0.9724426270	0.9456457695	0.8942501073
1.680000	-1.9040527344	3.6254243180	13.1438103278	0.9717407227	0.9442807171	0.8916686597
1.690000	-1.9039916992	3.6251973353	13.1422434520	0.9722045898	0.9451830629	0.8933759341
1.700000	-1.8950317383	3.5911644019	12.8967359651	0.9689758301	0.9389155859	0.8815678355
1.710000	-1.8955688477	3.5932106517	12.9115857494	0.9693481445	0.9396398790	0.8829383483
1.720000	-1.8899658203	3.5719856903	12.7592945035	0.9674499512	0.9359609833	0.8760288583
1.730000	-1.8906127930	3.5744281568	12.7767001054	0.9674682617	0.9359971423	0.8760992931
1.740000	-1.8860839844	3.5573223189	12.6546777522	0.9664489746	0.9340250401	0.8724080860
1.750000	-1.8816284180	3.5405331694	12.5354837775	0.9646728516	0.9305948403	0.8660109629
1.760000	-1.8757812500	3.5185673729	12.3804863299	0.9629699707	0.9273125188	0.8599135326
1.770000	-1.8734130859	3.5096813098	12.3179290486	0.9618164062	0.9250914615	0.8557966595
1.780000	-1.8710449219	3.5008218482	12.2559320705	0.9610839844	0.9236839216	0.8531975171
1.790000	-1.8696777344	3.4957295075	12.2206093951	0.9604675293	0.9225014368	0.8510220388
1.800000	-1.8585815430	3.4543392248	11.9326511064	0.9564270020	0.9147533780	0.8367765511
1.810000	-1.8541748047	3.4379752755	11.8198263894	0.9549499512	0.9119319012	0.8316288816
1.820000	-1.8469116211	3.4111426048	11.6367106848	0.9528015137	0.9078380166	0.8241963385
1.830000	-1.8453247070	3.4052440740	11.5959703254	0.9518615723	0.9060452996	0.8209356545
1.840000	-1.8409790039	3.3892677240	11.4880039282	0.9507385254	0.9039110029	0.8170813586
1.850000	-1.8392822266	3.3829973415	11.4451888141	0.9495910645	0.9017272664	0.8131267879
1.860000	-1.8286132812	3.3438368708	11.1813833571	0.9458862305	0.8947029002	0.8005009470
1.870000	-1.8215332031	3.3180003121	11.0093537797	0.9431884766	0.8896067027	0.7914079189
1.880000	-1.8233154297	3.3245163724	11.0529043310	0.9438171387	0.8907957299	0.7935346435
1.890000	-1.8158691406	3.2974158958	10.8734155913	0.9418518066	0.8870889714	0.7869415416
1.900000	-1.8103515625	3.2774153113	10.7420093995	0.9387939453	0.8813407820	0.7767852331
1.910000	-1.8063232422	3.2628530651	10.6468555577	0.9376098633	0.8791184563	0.7728710701
1.920000	-1.7956176758	3.2242737032	10.3963386372	0.9314025879	0.8675164742	0.7526045912
1.930000	-1.7897705078	3.2033204317	10.2617987636	0.9304992676	0.8658350887	0.7496918820
1.940000	-1.7845947266	3.1847900733	10.1430373023	0.9273498535	0.8599781426	0.7395637540
1.950000	-1.7777587891	3.1604735598	9.9891906595	0.9262878418	0.8580168488	0.7362192830
1.960000	-1.7706787109	3.1353260040	9.8305566931	0.9224853516	0.8509845842	0.7241930292
1.970000	-1.7659301758	3.1185243659	9.7253811378	0.9195190430	0.8455183692	0.7149117988
1.980000	-1.7590332031	3.0942506015	9.5750407761	0.9171020508	0.8410834197	0.7074457006
1.990000	-1.7517822266	3.0687633589	9.4175834990	0.9145690918	0.8364422543	0.6996544434
2.000000	-1.7458496094	3.0480262265	9.2908963538	0.9113403320	0.8305478163	0.6898316952
2.010000	-1.7364624023	3.0153227709	9.0924256795	0.9066711426	0.8220597411	0.6758057626
2.020000	-1.7265747070	2.9811216019	8.8878186060	0.9030151367	0.8154575095	0.6650400436
2.030000	-1.7197265625	2.9574959904	8.7472153302	0.8982421875	0.8068460803	0.6510233290
2.040000	-1.7152832031	2.9422479182	8.6574257102	0.8970397949	0.8047026621	0.6476177892
2.050000	-1.7051757812	2.9076835841	8.4553122191	0.8919067383	0.7955067817	0.6328601452
2.060000	-1.7012817383	2.8943990551	8.3780016525	0.8912536621	0.7943373693	0.6309854363
2.070000	-1.6927612305	2.8654945157	8.2116797713	0.8839355469	0.7813573956	0.6105675080
2.080000	-1.6743408203	2.8034336582	7.8594250445	0.8746032715	0.7649390837	0.5851569303
2.090000	-1.6752441406	2.8064861670	7.8768502589	0.8762451172	0.7678373903	0.5896720616
2.100000	-1.6667846680	2.7782205932	7.7190602847	0.8711120605	0.7588640479	0.5759591980
2.110000	-1.6559326172	2.7421456233	7.5197217471	0.8656311035	0.7493475599	0.5616125440
2.120000	-1.6413818359	2.6941465959	7.2585579269	0.8582763672	0.7366436698	0.5426596903
2.130000	-1.6284790039	2.6520101197	7.0338596710	0.8454406738	0.7147955326	0.5110061625
2.140000	-1.6297607422	2.6561435312	7.0553476054	0.8499694824	0.7224568361	0.5219690057
2.150000	-1.6107543945	2.5946559377	6.7335432425	0.8377990723	0.7019811211	0.4929845530
2.160000	-1.6035156250	2.5712782517	6.6116351462	0.8316589355	0.6916714622	0.4784504801
2.170000	-1.5883056641	2.5227619603	6.3648024312	0.8217773438	0.6753730927	0.4562780953
2.180000	-1.5753662109	2.4818604574	6.1604434395	0.8122009277	0.6597389104	0.4354375551
2.190000	-1.5612548828	2.4376670226	5.9436824277	0.7965270996	0.6345703540	0.4029709799
2.200000	-1.5429687500	2.3807805106	5.6683809260	0.7816833496	0.6110391291	0.3733938799
2.210000	-1.5232421875	2.3204127297	5.3856759731	0.7552673340	0.5706427189	0.3261321937
2.220000	-1.5137695312	2.2915444329	5.2516022572	0.7449157715	0.5550699910	0.3084831850
2.230000	-1.5057006836	2.2672150277	5.1409922246	0.7348266602	0.5401617516	0.2921879060
2.240000	-1.4854736328	2.2067191333	4.8703793464	0.7210693359	0.5199683595	0.2704237937
2.250000	-1.4738403320	2.1722203858	4.7186721715	0.7003295898	0.4904685754	0.2405732175
2.260000	-1.4421142578	2.0797655568	4.3260243767	0.6722106934	0.4519346027	0.2043669199
2.270000	-1.4177734375	2.0101003155	4.0406545218	0.6090759277	0.3711999414	0.1381255764
2.280000	-1.4020874023	1.9658954330	3.8651092012	0.5729553223	0.3283270409	0.1078632405
2.290000	-1.3915283203	1.9364192918	3.7502462252	0.5749450684	0.3307271713	0.1095972329
2.300000	-1.3683837891	1.8725181445	3.5066528317	0.5347412109	0.2860365588	0.0819187400
2.310000	-1.3615966797	1.8539748028	3.4374406657	0.5262145996	0.2770082960	0.0768498559
2.320000	-1.3485229492	1.8185678802	3.3075803133	0.5089965820	0.2591394003	0.0672169217
2.330000	-1.3312500000	1.7722879753	3.1414399014	0.4891113281	0.2392488815	0.0572581336
2.340000	-1.3095947266	1.7151852667	2.9428717324	0.4441772461	0.1974864300	0.0391531312
2.350000	-1.2863891602	1.6548523270	2.7389012073	0.3946472168	0.1563692642	0.0248273338
2.360000	-1.2623291016	1.5934898838	2.5393062849	0.3065124512	0.0945696978	0.0091959607
2.370000	-1.2440917969	1.5478187799	2.3960789159	0.2662048340	0.0709996140	0.0050794884
2.380000	-1.2451171875	1.5503563762	2.4038501997	0.2034912109	0.0416186329	0.0017670242
2.390000	-1.2226684570	1.4949400224	2.2349763263	0.1650451660	0.0274897290	0.0007832490
2.400000	-1.2114257812	1.4676307842	2.1544010976	0.1173583984	0.0139639836	0.0002046852
2.410000	-1.1989013672	1.4373801231	2.0661514142	0.0691894531	0.0049452960	0.0000276559
2.420000	-1.1898559570	1.4159017898	2.0055941073	0.0096191406	0.0001590263	0.0000000581
2.430000	-1.1738769531	1.3781101644	1.8998642124	0.0219909668	0.0006266804	0.0000006328
2.440000	-1.1529418945	1.3293845437	1.7678477281	0.0137695312	0.0002966262	0.0000002026
2.450000	-1.1565063477	1.3375444956	1.7892252341	0.0440490723	0.0022509171	0.0000085165
2.460000	-1.1417968750	1.3038242146	1.7006113361	0.0266479492	0.0010020491	0.0000018086
2.470000	-1.1316162109	1.2806096926	1.6402398087	0.0330139160	0.0011858249	0.0000018994
2.480000	-1.1213134766	1.2574303970	1.5815671373	0.0145935059	0.0005135963	0.0000009977
2.490000	-1.1166992188	1.2470327809	1.5551687195	0.0670532227	0.0047700100	0.0000284685
2.500000	-1.1053588867	1.2218636118	1.4931709110	0.0425231934	0.0020099340	0.0000054688
2.510000	-1.0937500000	1.1964249894	1.4320827270	0.0106994629	0.0002002170	0.0000001053
2.520000	-1.0920166016	1.1925456956	1.4223829287	0.0301940918	0.0010607326	0.0000018082
2.530000	-1.0854125977	1.1781862848	1.3884332865	0.0429443359	0.0019889146	0.0000051560
2.540000	-1.0663940430	1.1374554344	1.2949772523	0.0182983398	0.0004806396	0.0000005233
2.550000	-1.0695312500	1.1439246640	1.3086898475	0.0184875488	0.0004029540	0.0000002525
2.560000	-1.0543212891	1.1116581902	1.2360730883	0.0223815918	0.0010081632	0.0000027778
2.570000	-1.0517211914	1.1061286949	1.2235703452	0.0269165039	0.0012611572	0.0000043238
2.580000	-1.0387695313	1.0790905833	1.1646445596	0.0122192383	0.0002038196	0.0000000704
2.590000	-1.0389404297	1.0794321850	1.1653241519	0.0082946777	0.0001113785	0.0000000270
2.600000	-1.0285400391	1.0579033956	1.1191967500	0.0118957520	0.0002324333	0.0000001292
2.610000	-1.0213623047	1.0432523191	1.0886739765	0.0284667969	0.0008959264	0.0000010342
2.620000	-1.0215576172	1.0436154172	1.0892801263	0.0081909180	0.0001082648	0.0000000334
2.630000	-1.0013183594	1.0026492506	1.0053487461	0.0086730957	0.0001226621	0.0000000280
2.640000	-1.0012817383	1.0025878154	1.0052734670	0.0132141113	0.0003085824	0.0000002743
2.650000	-0.9925537109	0.9852500573	0.9710614188	0.0213745117	0.0005524818	0.0000004785
2.660000	-0.9923706055	0.9848163597	0.9699299224	0.0163513184	0.0003202317	0.0000001467
2.670000	-0.9793579102	0.9592436768	0.9205374975	0.0180847168	0.0004096327	0.0000002651
2.680000	-0.9700439453	0.9410194874	0.8856462932	0.0054565430	0.0000438843	0.0000000052
2.690000	-0.9612304687	0.9240192041	0.8540140904	0.0117309570	0.0002032749	0.0000000815
2.700000	-0.9634155273	0.9281953268	0.8616420093	0.0115173340	0.0001661962	0.0000000360
2.710000	-0.9549926758	0.9120235212	0.8318324272	0.0119384766	0.0002265003	0.0000001012
2.720000	-0.9502563477	0.9030026935	0.8154703345	0.0082214355	0.0000862336	0.0000000144
2.730000	-0.9504272461	0.9033247970	0.8160421498	0.0107543945	0.0001873262	0.0000000864
2.740000	-0.9376586914	0.8792336591	0.7731567030	0.0156555176	0.0003017901	0.0000001446
2.750000	-0.9360473633	0.8761945061	0.7677511812	0.0115417480	0.0001854001	0.0000000652
2.760000	-0.9260620117	0.8576327972	0.7356776341	0.0038452148	0.0000235047	0.0000000011
2.770000	-0.9224609375	0.8509468704	0.7241536877	0.0255859375	0.0009675723	0.0000020380
2.780000	-0.9146484375	0.8365894690	0.6999078052	0.0151062012	0.0002730375	0.0000001113
2.790000	-0.9139770508	0.8354200833	0.6981473531	0.0102111816	0.0001572186	0.0000000514
2.800000	-0.9082153320	0.8248711191	0.6804651956	0.0106384277	0.0001367310	0.0000000272
2.810000	-0.9074829102	0.8235558666	0.6783445868	0.0126770020	0.0002103416	0.0000001001
2.820000	-0.8999511719	0.8099247247	0.6560190148	0.0121765137	0.0001850286	0.0000000645
2.830000	-0.8916381836	0.7950534679	0.6322206460	0.0127075195	0.0002701811	0.0000001346
2.840000	-0.8877685547	0.7881803438	0.6213776219	0.0159423828	0.0003810991	0.0000003748
2.850000	-0.8865234375	0.7859284341	0.6176980253	0.0112365723	0.0002146678	0.0000001127
2.860000	-0.8821533203	0.7782349482	0.6057757945	0.0140869141	0.0003701523	0.0000004671
2.870000	-0.8746948242	0.7651264109	0.5855274717	0.0087280273	0.0000770979	0.0000000062
2.880000	-0.8687866211	0.7548100390	0.5697982120	0.0065185547	0.0000522904	0.0000000044
2.890000	-0.8618408203	0.7428259164	0.5519574825	0.0141296387	0.0002597300	0.0000001155
2.900000	-0.8617797852	0.7427153401	0.5517778950	0.0160827637	0.0004488511	0.0000006618
2.910000	-0.8488647461	0.7206352524	0.5194999378	0.0064575195	0.0000957493	0.0000000370
2.920000	-0.8570800781	0.7346266940	0.5397960787	0.0146362305	0.0003633332	0.0000004374
2.930000	-0.8464599609	0.7165120810	0.5134400404	0.0134887695	0.0001915291	0.0000000446
2.940000	-0.8398803711	0.7054170571	0.4976644179	0.0082641602	0.0000844285	0.0000000124
2.950000	-0.8385375977	0.7031727277	0.4945285069	0.0072143555	0.0000784475	0.0000000154
2.960000	-0.8384887695	0.7030871473	0.4943983849	0.0145812988	0.0003692580	0.0000004355
2.970000	-0.8349365234	0.6971786782	0.4862232378	0.0089782715	0.0001077881	0.0000000259
2.980000	-0.8250244141	0.6807146922	0.4635066330	0.0082885742	0.0000804033	0.0000000111
2.990000	-0.8235473633	0.6782853223	0.4602210412	0.0079162598	0.0001179958	0.0000000330
3.000000	-0.8234863281	0.6781819880	0.4600728646	0.0119628906	0.0001878310	0.0000000667

===== Performance statistics =====
# started on Mon Mar 24 18:24:15 2025


 Performance counter stats for './tiny_ising':

          3,426.86 msec task-clock                       #    1.000 CPUs utilized             
                 7      context-switches                 #    2.043 /sec                      
                 0      cpu-migrations                   #    0.000 /sec                      
               142      page-faults                      #   41.437 /sec                      
    12,357,093,288      cycles                           #    3.606 GHz                       
       411,692,302      stalled-cycles-frontend          #    3.33% frontend cycles idle      
    32,074,003,539      instructions                     #    2.60  insn per cycle            
                                                  #    0.01  stalled cycles per insn   
     6,630,396,333      branches                         #    1.935 G/sec                     
        81,215,741      branch-misses                    #    1.22% of all branches           

       3.428014788 seconds time elapsed

       3.423868000 seconds user
       0.003999000 seconds sys


