===== Results for clang, L=64, -O3 =====
===== Program output =====
# L: 64
# Minimum Temperature: 1.500000
# Maximum Temperature: 3.000000
# Temperature Step: 0.010000000000
# Equilibration Time: 5
# Measurement Time: 25
# Data Acquiring Step: 5
# Number of Points: 151
# Total Simulation Time (sec): 0.221804
# Temp	E	E^2	E^4	M	M^2	M^4
1.500000	-1.9486328125	3.7972574234	14.4204887570	0.9855468750	0.9713108063	0.9434763282
1.510000	-1.9568359375	3.8292627335	14.6641087405	0.9881835937	0.9765109539	0.9535898031
1.520000	-1.9544921875	3.8202161789	14.5967573607	0.9872070312	0.9745923519	0.9498874261
1.530000	-1.9408203125	3.7668405533	14.1899451465	0.9834960938	0.9672716618	0.9356418679
1.540000	-1.9500000000	3.8025653839	14.4605035682	0.9866210937	0.9734256268	0.9475748030
1.550000	-1.9476562500	3.7934513092	14.3915827485	0.9851562500	0.9705422401	0.9419887028
1.560000	-1.9345703125	3.7427396774	14.0107709380	0.9815429688	0.9634429455	0.9282854090
1.570000	-1.9406250000	3.7661499023	14.1857641810	0.9838867188	0.9680447102	0.9371556127
1.580000	-1.9212890625	3.6914342880	13.6279059141	0.9778320312	0.9561647892	0.9142867326
1.590000	-1.9277343750	3.7162311554	13.8114360657	0.9796875000	0.9597924232	0.9212200510
1.600000	-1.9304687500	3.7270118713	13.8951261840	0.9798828125	0.9601966858	0.9220788484
1.610000	-1.9332031250	3.7374919891	13.9721180555	0.9808593750	0.9621044159	0.9257194732
1.620000	-1.9277343750	3.7162143707	13.8110603522	0.9792968750	0.9590296745	0.9197659532
1.630000	-1.9298828125	3.7245038986	13.8727691645	0.9796875000	0.9597930908	0.9212238938
1.640000	-1.9150390625	3.6675527573	13.4535477981	0.9756835938	0.9519769192	0.9063300566
1.650000	-1.9189453125	3.6824464798	13.5618190147	0.9775390625	0.9555887222	0.9131731488
1.660000	-1.9082031250	3.6413574219	13.2612002203	0.9732421875	0.9472192764	0.8972959364
1.670000	-1.9117187500	3.6547199249	13.3577242289	0.9736328125	0.9479664803	0.8986617587
1.680000	-1.9105468750	3.6503005981	13.3263134388	0.9727539063	0.9462611675	0.8954519300
1.690000	-1.9082031250	3.6413173676	13.2603332241	0.9733398438	0.9473980427	0.8975918588
1.700000	-1.8980468750	3.6026878357	12.9808770838	0.9699218750	0.9407595634	0.8850702733
1.710000	-1.8845703125	3.5519750595	12.6217474121	0.9637695312	0.9288910389	0.8629850174
1.720000	-1.8861328125	3.5580617905	12.6677541236	0.9664062500	0.9340247154	0.8727117073
1.730000	-1.8876953125	3.5637025833	12.7043426650	0.9673828125	0.9358551025	0.8759202531
1.740000	-1.8818359375	3.5417402267	12.5500242204	0.9647460937	0.9307876110	0.8665601026
1.750000	-1.8855468750	3.5553535461	12.6414864237	0.9661132812	0.9333827496	0.8712328439
1.760000	-1.8843750000	3.5512653351	12.6171165512	0.9643554688	0.9300370693	0.8651764276
1.770000	-1.8796875000	3.5333202362	12.4857028726	0.9649414063	0.9311236858	0.8670353630
1.780000	-1.8681640625	3.4901769638	12.1832965752	0.9576171875	0.9170783043	0.8412074496
1.790000	-1.8673828125	3.4877016068	12.1723053598	0.9587890625	0.9193482399	0.8454670176
1.800000	-1.8830078125	3.5459157944	12.5763087392	0.9656250000	0.9324504852	0.8695341053
1.810000	-1.8361328125	3.3718774796	11.3762645156	0.9472656250	0.8973859787	0.8055690473
1.820000	-1.8552734375	3.4421190262	11.8492747548	0.9555664062	0.9131148815	0.8338069615
1.830000	-1.8388671875	3.3817873001	11.4412410190	0.9449218750	0.8929656029	0.7977021196
1.840000	-1.8402343750	3.3867328644	11.4736469100	0.9515625000	0.9054964066	0.8200151749
1.850000	-1.8279296875	3.3419618607	11.1772120663	0.9477539062	0.8983066082	0.8072039838
1.860000	-1.8173828125	3.3033975601	10.9192686963	0.9415039063	0.8865000248	0.7861321922
1.870000	-1.8324218750	3.3578277588	11.2757836187	0.9439453125	0.8910563469	0.7940653606
1.880000	-1.8103515625	3.2776830673	10.7472581998	0.9411132813	0.8857682705	0.7848455424
1.890000	-1.8113281250	3.2810268402	10.7666767749	0.9411132813	0.8857137203	0.7845580842
1.900000	-1.8332031250	3.3608791351	11.2987848588	0.9471679687	0.8971929073	0.8051895785
1.910000	-1.7818359375	3.1750753403	10.0828411497	0.9279296875	0.8610902786	0.7416025898
1.920000	-1.7976562500	3.2316669464	10.4449412615	0.9338867187	0.8721774578	0.7608089915
1.930000	-1.8089843750	3.2729698181	10.7194939873	0.9379882812	0.8798770428	0.7743777547
1.940000	-1.7625000000	3.1066913605	9.6551013221	0.9208984375	0.8481808662	0.7198399494
1.950000	-1.7962890625	3.2270345688	10.4186482848	0.9366210938	0.8772891521	0.7697415934
1.960000	-1.7707031250	3.1356460571	9.8355310063	0.9221679687	0.8505111217	0.7237710068
1.970000	-1.7562500000	3.0849842072	9.5240263172	0.9178710937	0.8425973415	0.7103380756
1.980000	-1.7710937500	3.1376892090	9.8564882422	0.9235351563	0.8530154705	0.7279686035
1.990000	-1.7341796875	3.0079931259	9.0554220425	0.9101562500	0.8284689903	0.6866404065
2.000000	-1.7517578125	3.0687974930	9.4192665480	0.9128906250	0.8333864212	0.6945901631
2.010000	-1.7376953125	3.0202962875	9.1307056024	0.9094726562	0.8272176266	0.6845430108
2.020000	-1.7175781250	2.9504444122	8.7094627985	0.8989257812	0.8081206799	0.6532315859
2.030000	-1.7224609375	2.9670209885	8.8050014538	0.9046875000	0.8186334610	0.6707229104
2.040000	-1.7083984375	2.9187994003	8.5214134415	0.8964843750	0.8037415504	0.6461838308
2.050000	-1.7097656250	2.9236324310	8.5514823100	0.8938476562	0.7990356922	0.6386898531
2.060000	-1.7054687500	2.9088050842	8.4632628769	0.8963867187	0.8035544872	0.6458452921
2.070000	-1.6962890625	2.8776979446	8.2846476035	0.8897460938	0.7916665554	0.6267942939
2.080000	-1.6984375000	2.8857582092	8.3399850682	0.8915039062	0.7950534344	0.6329882428
2.090000	-1.6794921875	2.8209775925	7.9611538847	0.8753906250	0.7664426804	0.5878441670
2.100000	-1.6441406250	2.7036792755	7.3150609785	0.8577148437	0.7357430935	0.5415174802
2.110000	-1.6361328125	2.6783124924	7.1883463189	0.8625000000	0.7443771362	0.5555323019
2.120000	-1.6552734375	2.7401971817	7.5115732506	0.8728515625	0.7619964600	0.5810247859
2.130000	-1.6119140625	2.5990983963	6.7638034926	0.8383789062	0.7031138897	0.4950215798
2.140000	-1.6441406250	2.7037509918	7.3162270330	0.8612304687	0.7418554783	0.5507628587
2.150000	-1.6195312500	2.6234600067	6.8886549408	0.8456054687	0.7154605389	0.5130506233
2.160000	-1.6093750000	2.5903720856	6.7129946939	0.8363281250	0.6996709824	0.4901792505
2.170000	-1.5789062500	2.4931926727	6.2184566441	0.7990234375	0.6386647224	0.4084629844
2.180000	-1.5869140625	2.5184057236	6.3434750263	0.8187500000	0.6706440926	0.4505546624
2.190000	-1.5583984375	2.4305509567	5.9264514295	0.7929687500	0.6290739059	0.3964225186
2.200000	-1.5812500000	2.5007556915	6.2578268256	0.8243164063	0.6798352718	0.4630980363
2.210000	-1.5347656250	2.3557819366	5.5523227642	0.7810546875	0.6102336884	0.3728431757
2.220000	-1.5408203125	2.3742979050	5.6389110722	0.7876953125	0.6206603050	0.3857131605
2.230000	-1.5406250000	2.3748699188	5.6526747060	0.8070312500	0.6518111229	0.4261843439
2.240000	-1.4912109375	2.2245683670	4.9562602518	0.7468750000	0.5597381592	0.3173742316
2.250000	-1.4921875000	2.2271373749	4.9647497854	0.7455078125	0.5562302589	0.3104095085
2.260000	-1.4810546875	2.1943899155	4.8229236798	0.7096679688	0.5062575817	0.2616527371
2.270000	-1.3900390625	1.9344587326	3.7600039907	0.6521484375	0.4268834114	0.1848919704
2.280000	-1.3976562500	1.9547035217	3.8306034499	0.5968750000	0.3575668335	0.1296839974
2.290000	-1.3832031250	1.9147953033	3.6782043829	0.6463867187	0.4184607029	0.1762003254
2.300000	-1.4216796875	2.0221647263	4.0972208541	0.6988281250	0.4893980980	0.2415703741
2.310000	-1.4169921875	2.0088575363	4.0435392050	0.6537109375	0.4277819633	0.1837254020
2.320000	-1.3509765625	1.8263624191	3.3446165528	0.5677734375	0.3235018730	0.1061179988
2.330000	-1.3445312500	1.8089214325	3.2804717519	0.5369140625	0.2891259193	0.0845750169
2.340000	-1.3455078125	1.8113416672	3.2879027509	0.6040039062	0.3677846432	0.1395501095
2.350000	-1.3191406250	1.7411144257	3.0385278384	0.5217773437	0.2744468212	0.0777841930
2.360000	-1.2666015625	1.6047967911	2.5786999487	0.2860351562	0.0822381496	0.0069016778
2.370000	-1.2361328125	1.5284128189	2.3384054789	0.2542968750	0.0698027611	0.0062980270
2.380000	-1.2697265625	1.6144330978	2.6206883012	0.2532226563	0.0646884441	0.0043318647
2.390000	-1.2402343750	1.5388450623	2.3720574516	0.3835937500	0.1515277863	0.0250424027
2.400000	-1.2281250000	1.5094776154	2.2857004125	0.2741210937	0.0782787800	0.0068882683
2.410000	-1.2515625000	1.5674812317	2.4637545162	0.2386718750	0.0590099335	0.0038298519
2.420000	-1.1861328125	1.4071363449	1.9812807644	0.1617187500	0.0289100647	0.0012637621
2.430000	-1.1695312500	1.3683692932	1.8755515476	0.1327148438	0.0305997372	0.0023414997
2.440000	-1.1621093750	1.3509483337	1.8274446751	0.0892578125	0.0099888802	0.0001409278
2.450000	-1.1091796875	1.2322828293	1.5281858052	0.0292968750	0.0014155388	0.0000040480
2.460000	-1.1683593750	1.3652954102	1.8652884906	0.0675781250	0.0054181099	0.0000469389
2.470000	-1.1183593750	1.2513366699	1.5689356909	0.0680664063	0.0063397884	0.0000754645
2.480000	-1.1509765625	1.3267019272	1.7709266820	0.0810546875	0.0077060699	0.0000764922
2.490000	-1.0992187500	1.2099826813	1.4719708380	0.1358398437	0.0211774349	0.0005854147
2.500000	-1.1259765625	1.2687414169	1.6143855707	0.1602539062	0.0269702435	0.0008641876
2.510000	-1.0914062500	1.1914489746	1.4208991572	0.0917968750	0.0128259659	0.0003029899
2.520000	-1.1250000000	1.2664440155	1.6080256024	0.0814453125	0.0101295471	0.0002396532
2.530000	-1.0824218750	1.1731472015	1.3834896838	0.1306640625	0.0179308891	0.0003740791
2.540000	-1.0812500000	1.1691406250	1.3670725109	0.1142578125	0.0144406319	0.0002895011
2.550000	-1.0503906250	1.1043270111	1.2239418263	0.0537109375	0.0043267250	0.0000432399
2.560000	-1.0386718750	1.0801513672	1.1726729045	0.1566406250	0.0294847488	0.0012186469
2.570000	-1.0611328125	1.1282361984	1.2825861132	0.0347656250	0.0018376350	0.0000098623
2.580000	-1.0228515625	1.0466905594	1.0974634259	0.0519531250	0.0068958282	0.0001759116
2.590000	-1.0388671875	1.0797819138	1.1682022171	0.0933593750	0.0113894463	0.0002428960
2.600000	-1.0628906250	1.1314609528	1.2879981721	0.2056640625	0.0472107887	0.0032530653
2.610000	-1.0402343750	1.0832664490	1.1785634433	0.0469726563	0.0033668995	0.0000231815
2.620000	-1.0117187500	1.0237804413	1.0489655290	0.0166015625	0.0004967690	0.0000006061
2.630000	-1.0255859375	1.0525087357	1.1106617664	0.0222656250	0.0008296967	0.0000016075
2.640000	-0.9933593750	0.9878635406	0.9803112651	0.0388671875	0.0018510818	0.0000057346
2.650000	-0.9761718750	0.9540588379	0.9147170819	0.0564453125	0.0053191185	0.0000780884
2.660000	-1.0021484375	1.0046922684	1.0109559063	0.0590820312	0.0049401760	0.0000483947
2.670000	-0.9835937500	0.9689422607	0.9445600153	0.0947265625	0.0106848717	0.0001555577
2.680000	-0.9513671875	0.9052331924	0.8199284727	0.0818359375	0.0090904236	0.0002122323
2.690000	-0.9888671875	0.9780317307	0.9572290798	0.1680664062	0.0291285038	0.0009533736
2.700000	-0.9523437500	0.9082431793	0.8297158114	0.0528320313	0.0036260128	0.0000249070
2.710000	-0.9644531250	0.9307582855	0.8685316130	0.0574218750	0.0041978836	0.0000335100
2.720000	-0.9273437500	0.8603420258	0.7414661779	0.0468750000	0.0026095390	0.0000112202
2.730000	-0.9542968750	0.9113513947	0.8330169368	0.0339843750	0.0016610146	0.0000052819
2.740000	-0.9505859375	0.9040208817	0.8187690731	0.0280273437	0.0010140896	0.0000015759
2.750000	-0.9335937500	0.8719310760	0.7614343932	0.0329101563	0.0018053532	0.0000105044
2.760000	-0.9324218750	0.8697853088	0.7578316675	0.0783203125	0.0074747086	0.0001123217
2.770000	-0.9115234375	0.8319700241	0.6957826803	0.0515625000	0.0034511566	0.0000231158
2.780000	-0.9267578125	0.8590669632	0.7386364025	0.0451171875	0.0028737068	0.0000162349
2.790000	-0.9027343750	0.8157836914	0.6684018486	0.0944335938	0.0147221088	0.0004909326
2.800000	-0.8992187500	0.8093204498	0.6573353803	0.0390625000	0.0024602890	0.0000123679
2.810000	-0.8748046875	0.7666795731	0.5921120742	0.0365234375	0.0017706871	0.0000064799
2.820000	-0.9029296875	0.8157022476	0.6667570812	0.0378906250	0.0025258064	0.0000141947
2.830000	-0.9054687500	0.8201866150	0.6737098293	0.0510742187	0.0028962612	0.0000124135
2.840000	-0.8921875000	0.7962688446	0.6349182017	0.0623046875	0.0049015999	0.0000349844
2.850000	-0.8646484375	0.7479539871	0.5604375805	0.0205078125	0.0006846428	0.0000010051
2.860000	-0.8720703125	0.7610521317	0.5809012120	0.0713867187	0.0066910267	0.0000801241
2.870000	-0.8763671875	0.7685400009	0.5922749934	0.0231445312	0.0005973339	0.0000005071
2.880000	-0.8652343750	0.7492473602	0.5631688045	0.0390625000	0.0029336929	0.0000236133
2.890000	-0.8349609375	0.6982042313	0.4903899066	0.0274414063	0.0008122921	0.0000009005
2.900000	-0.8781250000	0.7712162018	0.5951244366	0.0875976563	0.0081101894	0.0000768939
2.910000	-0.8722656250	0.7617504120	0.5828972331	0.0389648437	0.0017669201	0.0000046844
2.920000	-0.8496093750	0.7221286774	0.5223265229	0.0372070313	0.0021299839	0.0000093152
2.930000	-0.8460937500	0.7171863556	0.5182478913	0.0629882812	0.0051907063	0.0000487885
2.940000	-0.8542968750	0.7301288605	0.5339941029	0.0349609375	0.0023907661	0.0000190991
2.950000	-0.8464843750	0.7165748596	0.5135912975	0.0399414062	0.0023759365	0.0000134143
2.960000	-0.8322265625	0.6928316116	0.4806637022	0.0392578125	0.0020728111	0.0000074609
2.970000	-0.8345703125	0.6968976974	0.4867598560	0.0454101562	0.0031187534	0.0000205967
2.980000	-0.8212890625	0.6748655319	0.4563915107	0.0332031250	0.0015179634	0.0000038480
2.990000	-0.8347656250	0.6977924347	0.4896363637	0.0290039062	0.0013843060	0.0000063402
3.000000	-0.8322265625	0.6930624008	0.4815897280	0.0579101562	0.0044045925	0.0000334824

===== Performance statistics =====
# started on Mon Mar 24 18:23:56 2025


 Performance counter stats for './tiny_ising':

            222.90 msec task-clock                       #    0.996 CPUs utilized             
                 0      context-switches                 #    0.000 /sec                      
                 0      cpu-migrations                   #    0.000 /sec                      
                84      page-faults                      #  376.858 /sec                      
       795,758,045      cycles                           #    3.570 GHz                       
        22,852,368      stalled-cycles-frontend          #    2.87% frontend cycles idle      
     2,038,006,590      instructions                     #    2.56  insn per cycle            
                                                  #    0.01  stalled cycles per insn   
       415,939,002      branches                         #    1.866 G/sec                     
         5,347,110      branch-misses                    #    1.29% of all branches           

       0.223735384 seconds time elapsed

       0.219875000 seconds user
       0.003997000 seconds sys


