===== Results for clang, L=64, -O0 =====
===== Program output =====
# L: 64
# Minimum Temperature: 1.500000
# Maximum Temperature: 3.000000
# Temperature Step: 0.010000000000
# Equilibration Time: 5
# Measurement Time: 25
# Data Acquiring Step: 5
# Number of Points: 151
# Total Simulation Time (sec): 0.371617
# Temp	E	E^2	E^4	M	M^2	M^4
1.500000	-1.9531250000	3.8147380829	14.5528480238	0.9873046875	0.9747732162	0.9501932265
1.510000	-1.9542968750	3.8194438934	14.5907080728	0.9875976562	0.9753617764	0.9513798937
1.520000	-1.9492187500	3.7994743347	14.4363173627	0.9851562500	0.9705349922	0.9419465261
1.530000	-1.9412109375	3.7684507370	14.2034940372	0.9835937500	0.9674751282	0.9360795119
1.540000	-1.9500000000	3.8025081635	14.4591924481	0.9861328125	0.9724589348	0.9456803093
1.550000	-1.9398437500	3.7631160736	14.1628811760	0.9827148437	0.9657432079	0.9327167742
1.560000	-1.9392578125	3.7607637405	14.1439863489	0.9833984375	0.9670770645	0.9352557212
1.570000	-1.9267578125	3.7124444962	13.7829727334	0.9788085937	0.9580698490	0.9179116085
1.580000	-1.9279296875	3.7169965744	13.8173084114	0.9792968750	0.9590346336	0.9197944389
1.590000	-1.9166015625	3.6734659195	13.4958900523	0.9767578125	0.9540635109	0.9102665506
1.600000	-1.9234375000	3.6998210907	13.6917444323	0.9774414062	0.9554103374	0.9128799383
1.610000	-1.9275390625	3.7156667709	13.8100430567	0.9795898438	0.9596191883	0.9209569499
1.620000	-1.9179687500	3.6788234711	13.5369597890	0.9763671875	0.9533182144	0.9089119872
1.630000	-1.9281250000	3.7177326202	13.8225238435	0.9794921875	0.9594115257	0.9204956520
1.640000	-1.9103515625	3.6498186111	13.3267231596	0.9744140625	0.9495160103	0.9017079887
1.650000	-1.9195312500	3.6848518372	13.5818381607	0.9760742188	0.9527459621	0.9078205778
1.660000	-1.9099609375	3.6480260849	13.3091896250	0.9739257812	0.9485369205	0.8997431258
1.670000	-1.9095703125	3.6465375900	13.2983849824	0.9743164063	0.9493010998	0.9012053721
1.680000	-1.9046875000	3.6279476166	13.1636485371	0.9727539063	0.9462628841	0.8954616105
1.690000	-1.8958984375	3.5945501328	12.9225035946	0.9696289062	0.9401924610	0.8840079577
1.700000	-1.9060546875	3.6331315994	13.2009124821	0.9726562500	0.9460752487	0.8951154366
1.710000	-1.8902343750	3.5733665466	12.7743754682	0.9672851562	0.9356986523	0.8757487476
1.720000	-1.8875000000	3.5627403259	12.6943161271	0.9642578125	0.9297991753	0.8645490256
1.730000	-1.8921875000	3.5804752350	12.8212546205	0.9675781250	0.9362332344	0.8766287362
1.740000	-1.8734375000	3.5101436615	12.3263637267	0.9605468750	0.9226833344	0.8514665991
1.750000	-1.8699218750	3.4967006683	12.2282135007	0.9599609375	0.9215395927	0.8492889683
1.760000	-1.8656250000	3.4811008453	12.1256802542	0.9611328125	0.9238278389	0.8536487290
1.770000	-1.8648437500	3.4777858734	12.0969957068	0.9595703125	0.9207959175	0.8479414182
1.780000	-1.8582031250	3.4531444550	11.9273301400	0.9553710937	0.9127660275	0.8332592320
1.790000	-1.8640625000	3.4751766205	12.0831057391	0.9590820313	0.9198917866	0.8463980934
1.800000	-1.8533203125	3.4350248337	11.8025426908	0.9550781250	0.9122089386	0.8322518390
1.810000	-1.8634765625	3.4733198166	12.0746846105	0.9586914063	0.9191730022	0.8451865268
1.820000	-1.8541015625	3.4380926132	11.8260220127	0.9553710937	0.9127889156	0.8333847128
1.830000	-1.8462890625	3.4091619492	11.6275587825	0.9513671875	0.9052114487	0.8198099014
1.840000	-1.8400390625	3.3860486984	11.4694914043	0.9492187500	0.9010340691	0.8119267490
1.850000	-1.8294921875	3.3474531174	11.2109874400	0.9468750000	0.8966333389	0.8041705571
1.860000	-1.8363281250	3.3723476410	11.3760397875	0.9478515625	0.8984463692	0.8072912865
1.870000	-1.8410156250	3.3895236969	11.4913841610	0.9526367188	0.9075360775	0.8236920521
1.880000	-1.8154296875	3.2959829330	10.8661239836	0.9427734375	0.8888437271	0.7901215178
1.890000	-1.8144531250	3.2924144745	10.8422940458	0.9408203125	0.8851572990	0.7835544659
1.900000	-1.8033203125	3.2523920059	10.5835804002	0.9345703125	0.8734956741	0.7632513559
1.910000	-1.8083984375	3.2707937241	10.7045899452	0.9398437500	0.8833912849	0.7806834787
1.920000	-1.7996093750	3.2386302948	10.4891982691	0.9323242188	0.8692460537	0.7556501402
1.930000	-1.8041015625	3.2549970627	10.5977911878	0.9389648438	0.8817063808	0.7775869890
1.940000	-1.7808593750	3.1716850281	10.0624221662	0.9278320313	0.8609033108	0.7412611355
1.950000	-1.7882812500	3.1984844208	10.2371056968	0.9322265625	0.8691078186	0.7555613917
1.960000	-1.7708984375	3.1368188858	9.8488506229	0.9222656250	0.8507597923	0.7244251452
1.970000	-1.7714843750	3.1383724213	9.8520943371	0.9238281250	0.8534809113	0.7285065870
1.980000	-1.7568359375	3.0866998672	9.5305235286	0.9169921875	0.8409204483	0.7073014184
1.990000	-1.7517578125	3.0689146042	9.4213993922	0.9155273438	0.8382440090	0.7028315646
2.000000	-1.7476562500	3.0547401428	9.3367751505	0.9115234375	0.8309294701	0.6906243010
2.010000	-1.7628906250	3.1081249237	9.6646688540	0.9208007812	0.8479769230	0.7194111644
2.020000	-1.7402343750	3.0286178589	9.1749762185	0.9135742188	0.8346513271	0.6967549072
2.030000	-1.7234375000	2.9711177826	8.8378852077	0.9017578125	0.8133693695	0.6622268572
2.040000	-1.7183593750	2.9531661987	8.7260090060	0.8980468750	0.8066027641	0.6509786760
2.050000	-1.7142578125	2.9397684097	8.6550486729	0.9023437500	0.8143377304	0.6635153042
2.060000	-1.7031250000	2.9023769379	8.4439293751	0.8841796875	0.7824047089	0.6141328213
2.070000	-1.6830078125	2.8335393906	8.0405621372	0.8809570313	0.7767050266	0.6051977242
2.080000	-1.6742187500	2.8037693024	7.8695199998	0.8769531250	0.7692999840	0.5926004621
2.090000	-1.6582031250	2.7500068665	7.5665953874	0.8476562500	0.7188677788	0.5177584908
2.100000	-1.6597656250	2.7551662445	7.5946947911	0.8603515625	0.7403567314	0.5485751535
2.110000	-1.6408203125	2.6931261063	7.2618640594	0.8582031250	0.7367862701	0.5436573768
2.120000	-1.6556640625	2.7413816452	7.5168985040	0.8659179688	0.7498919010	0.5625717878
2.130000	-1.6427734375	2.7004053116	7.3098735012	0.8618164062	0.7432928562	0.5541150119
2.140000	-1.5966796875	2.5501592636	6.5111794726	0.8175781250	0.6689669609	0.4489473449
2.150000	-1.6085937500	2.5884445190	6.7090003517	0.8431640625	0.7110516548	0.5059505171
2.160000	-1.6000000000	2.5608951569	6.5674731521	0.8308593750	0.6908541679	0.4787677131
2.170000	-1.5839843750	2.5093753815	6.3007066194	0.8076171875	0.6525658607	0.4266786507
2.180000	-1.5507812500	2.4055908203	5.7933585039	0.7929687500	0.6293957710	0.3976414995
2.190000	-1.5601562500	2.4342525482	5.9271908314	0.7949218750	0.6321266174	0.4001524749
2.200000	-1.5074218750	2.2728420258	5.1704927853	0.6943359375	0.4826958656	0.2341407135
2.210000	-1.4960937500	2.2409133911	5.0442480996	0.7292968750	0.5361196518	0.2956755814
2.220000	-1.5042968750	2.2635047913	5.1288861158	0.7247070313	0.5258770466	0.2779857422
2.230000	-1.4968750000	2.2418186188	5.0365389167	0.7139648438	0.5098233700	0.2600788677
2.240000	-1.4857421875	2.2087629318	4.8905588659	0.7456054688	0.5565359592	0.3111045786
2.250000	-1.5123046875	2.2884164810	5.2494259275	0.7475585938	0.5597865582	0.3155430677
2.260000	-1.4427734375	2.0825220108	4.3445049988	0.6712890625	0.4521452904	0.2073099499
2.270000	-1.4623046875	2.1407880783	4.6040368189	0.7258789062	0.5278229237	0.2804982689
2.280000	-1.4304687500	2.0470077515	4.1965856816	0.7084960938	0.5025120258	0.2536501193
2.290000	-1.3949218750	1.9473682404	3.8043309139	0.6266601563	0.3966479778	0.1633369272
2.300000	-1.3806640625	1.9084257126	3.6592509517	0.5729492188	0.3304655552	0.1121254921
2.310000	-1.4046875000	1.9738143921	3.9012233926	0.5443359375	0.2977894783	0.0905748318
2.320000	-1.3423828125	1.8025381088	3.2530636335	0.3703125000	0.1564681053	0.0353675683
2.330000	-1.2886718750	1.6618888855	2.7699535969	0.2340820312	0.0570357800	0.0037827422
2.340000	-1.2996093750	1.6895290375	2.8582156831	0.0977539062	0.0157505512	0.0006621545
2.350000	-1.2517578125	1.5679101944	2.4648222010	0.1043945313	0.0146989346	0.0004115476
2.360000	-1.2437500000	1.5475940704	2.3993767636	0.2171875000	0.0514155388	0.0036114957
2.370000	-1.2292968750	1.5117389679	2.2887336463	0.0829101563	0.0072689533	0.0000658112
2.380000	-1.2138671875	1.4747106552	2.1821659579	0.0790039063	0.0081241131	0.0001293046
2.390000	-1.1888671875	1.4149549484	2.0107984881	0.1856445312	0.0355506420	0.0013936791
2.400000	-1.2162109375	1.4807504654	2.2019035631	0.1532226563	0.0259087086	0.0009195413
2.410000	-1.2427734375	1.5451810837	2.3918282073	0.2382812500	0.0634507179	0.0055408663
2.420000	-1.1597656250	1.3470382690	1.8252023768	0.0981445312	0.0128405094	0.0002889300
2.430000	-1.1712890625	1.3731882095	1.8927115850	0.0721679688	0.0077439785	0.0001188998
2.440000	-1.1460937500	1.3139167786	1.7284042155	0.0368164063	0.0018031597	0.0000058219
2.450000	-1.1337890625	1.2864744186	1.6602264424	0.0913085938	0.0123582363	0.0003062432
2.460000	-1.1707031250	1.3708713531	1.8810721771	0.0570312500	0.0063183784	0.0001142378
2.470000	-1.1082031250	1.2293701172	1.5174554830	0.1055664062	0.0125430584	0.0002454956
2.480000	-1.1099609375	1.2329603195	1.5249123247	0.1851562500	0.0401073456	0.0021603371
2.490000	-1.1113281250	1.2370063782	1.5398490131	0.0628906250	0.0058397293	0.0000950579
2.500000	-1.0822265625	1.1719713211	1.3770070120	0.0980468750	0.0108798027	0.0001668643
2.510000	-1.0675781250	1.1401954651	1.3021687825	0.0610351562	0.0057696819	0.0000726626
2.520000	-1.0978515625	1.2055097580	1.4543545192	0.0170898438	0.0004465580	0.0000005020
2.530000	-1.0824218750	1.1720558167	1.3757118947	0.0511718750	0.0037152290	0.0000289541
2.540000	-1.1097656250	1.2330753326	1.5276885465	0.0901367187	0.0100134373	0.0002063109
2.550000	-1.0753906250	1.1567100525	1.3391218430	0.0532226562	0.0037015438	0.0000260639
2.560000	-1.0640625000	1.1330638885	1.2876433611	0.1219726563	0.0153701305	0.0002650012
2.570000	-1.0562500000	1.1162708282	1.2487825687	0.0638671875	0.0053158760	0.0000602535
2.580000	-1.0255859375	1.0527181625	1.1120380642	0.0892578125	0.0088912010	0.0001130926
2.590000	-1.0289062500	1.0596099854	1.1267668227	0.0694335937	0.0065525532	0.0000774409
2.600000	-1.0404296875	1.0828134537	1.1738953659	0.2059570313	0.0440242290	0.0022336803
2.610000	-1.0248046875	1.0504953384	1.1046626371	0.0795898438	0.0081815243	0.0001259941
2.620000	-1.0216796875	1.0444005966	1.0931292424	0.0302734375	0.0016796112	0.0000083141
2.630000	-1.0187500000	1.0385345459	1.0813827191	0.1112304688	0.0130381107	0.0002128763
2.640000	-1.0171875000	1.0352664948	1.0742467714	0.1568359375	0.0249805450	0.0006616039
2.650000	-0.9783203125	0.9578432083	0.9202543695	0.0445312500	0.0027283669	0.0000150612
2.660000	-0.9781250000	0.9575649261	0.9202188721	0.0432617187	0.0024452686	0.0000102459
2.670000	-1.0029296875	1.0059774399	1.0124249036	0.0419921875	0.0035374641	0.0000472313
2.680000	-0.9642578125	0.9307291031	0.8696917186	0.0490234375	0.0032939911	0.0000230761
2.690000	-0.9521484375	0.9071878433	0.8251275305	0.1014648438	0.0108699322	0.0001406540
2.700000	-0.9820312500	0.9650203705	0.9336912590	0.0894531250	0.0122526169	0.0003885467
2.710000	-0.9501953125	0.9043256760	0.8229219191	0.0695312500	0.0058363914	0.0000503823
2.720000	-0.9519531250	0.9072055817	0.8265262318	0.0169921875	0.0003819466	0.0000002923
2.730000	-0.9425781250	0.8892810822	0.7937699739	0.0367187500	0.0017740250	0.0000049388
2.740000	-0.9265625000	0.8593437195	0.7413163193	0.0324218750	0.0015277863	0.0000047597
2.750000	-0.9556640625	0.9133825302	0.8345908902	0.0536132812	0.0036560535	0.0000286426
2.760000	-0.8978515625	0.8063734055	0.6510016906	0.0606445313	0.0060404301	0.0000743586
2.770000	-0.9162109375	0.8397817612	0.7063668981	0.0788085938	0.0091931820	0.0001762507
2.780000	-0.9070312500	0.8228153229	0.6773866408	0.0285156250	0.0013728142	0.0000050068
2.790000	-0.8914062500	0.7947692871	0.6321739822	0.0340820312	0.0017412663	0.0000059219
2.800000	-0.9087890625	0.8268079758	0.6867166747	0.0371093750	0.0015658379	0.0000034370
2.810000	-0.8886718750	0.7904170990	0.6268838267	0.0814453125	0.0070297241	0.0000580690
2.820000	-0.9138671875	0.8356000900	0.6997260309	0.0836914063	0.0087440014	0.0001130863
2.830000	-0.8908203125	0.7941434860	0.6324484229	0.0571289062	0.0043742657	0.0000309770
2.840000	-0.8710937500	0.7599636078	0.5811548391	0.0515625000	0.0035917282	0.0000259089
2.850000	-0.8662109375	0.7510305405	0.5661636413	0.0325195312	0.0014426708	0.0000048948
2.860000	-0.8837890625	0.7814580917	0.6118395652	0.0257812500	0.0010235786	0.0000018326
2.870000	-0.8994140625	0.8101732254	0.6604544085	0.0268554688	0.0014924526	0.0000061753
2.880000	-0.8572265625	0.7356500626	0.5436065746	0.0418945312	0.0034567356	0.0000389406
2.890000	-0.8652343750	0.7497730255	0.5656228685	0.0507812500	0.0038971901	0.0000330616
2.900000	-0.8769531250	0.7694061279	0.5930987796	0.0547851563	0.0035905361	0.0000250171
2.910000	-0.8509765625	0.7245122910	0.5259231800	0.0582031250	0.0044702530	0.0000391274
2.920000	-0.8695312500	0.7569221497	0.5754347054	0.0523437500	0.0030423164	0.0000123090
2.930000	-0.8287109375	0.6869764328	0.4725364363	0.0313476563	0.0011340618	0.0000018175
2.940000	-0.8443359375	0.7134717941	0.5106612152	0.0315429687	0.0014188290	0.0000041606
2.950000	-0.8308593750	0.6912677765	0.4804001753	0.0410156250	0.0021134377	0.0000080275
2.960000	-0.8345703125	0.6967355728	0.4860783956	0.0444335938	0.0026368618	0.0000151647
2.970000	-0.8251953125	0.6816488266	0.4665604649	0.0496093750	0.0030133247	0.0000153476
2.980000	-0.8287109375	0.6868780136	0.4721248505	0.0389648437	0.0018707752	0.0000054830
2.990000	-0.8314453125	0.6924966812	0.4828159789	0.0702148438	0.0082149029	0.0001255431
3.000000	-0.8164062500	0.6670761108	0.4464437088	0.0316406250	0.0011631012	0.0000019345

===== Performance statistics =====
# started on Mon Mar 24 18:23:54 2025


 Performance counter stats for './tiny_ising':

            372.65 msec task-clock                       #    0.998 CPUs utilized             
                 0      context-switches                 #    0.000 /sec                      
                 0      cpu-migrations                   #    0.000 /sec                      
                82      page-faults                      #  220.044 /sec                      
     1,343,814,487      cycles                           #    3.606 GHz                       
        31,214,356      stalled-cycles-frontend          #    2.32% frontend cycles idle      
     3,646,957,715      instructions                     #    2.71  insn per cycle            
                                                  #    0.01  stalled cycles per insn   
       443,504,867      branches                         #    1.190 G/sec                     
         5,686,714      branch-misses                    #    1.28% of all branches           

       0.373467192 seconds time elapsed

       0.373604000 seconds user
       0.000000000 seconds sys


