===== Results for clang, L=128, -O3 =====
===== Program output =====
# L: 128
# Minimum Temperature: 1.500000
# Maximum Temperature: 3.000000
# Temperature Step: 0.010000000000
# Equilibration Time: 5
# Measurement Time: 25
# Data Acquiring Step: 5
# Number of Points: 151
# Total Simulation Time (sec): 0.862681
# Temp	E	E^2	E^4	M	M^2	M^4
1.500000	-1.9497070312	3.8014020681	14.4513337719	0.9863281250	0.9728455782	0.9464378861
1.510000	-1.9466796875	3.7895725012	14.3610219118	0.9852294922	0.9706780046	0.9422190976
1.520000	-1.9423828125	3.7728545904	14.2344861577	0.9839599609	0.9681779712	0.9373715542
1.530000	-1.9469238281	3.7905267596	14.3683113307	0.9851806641	0.9705824763	0.9420363132
1.540000	-1.9421386719	3.7719356418	14.2279962753	0.9841552734	0.9685639352	0.9381251351
1.550000	-1.9402832031	3.7647216439	14.1734711653	0.9834228516	0.9671225697	0.9353340480
1.560000	-1.9428222656	3.7745705962	14.2475676422	0.9841552734	0.9685627252	0.9381180984
1.570000	-1.9384277344	3.7575304151	14.1194612420	0.9826660156	0.9656351209	0.9324613227
1.580000	-1.9252929688	3.7067828894	13.7406819875	0.9784912109	0.9574476868	0.9167161578
1.590000	-1.9321777344	3.7333295226	13.9380289383	0.9809326172	0.9622313112	0.9258987693
1.600000	-1.9300292969	3.7250254989	13.8759999817	0.9803710937	0.9611284316	0.9237715151
1.610000	-1.9206054688	3.6887450457	13.6071306872	0.9770263672	0.9545838684	0.9112431436
1.620000	-1.9198730469	3.6859540820	13.5868679916	0.9768310547	0.9542036444	0.9105226413
1.630000	-1.9197753906	3.6855511308	13.5834871540	0.9768066406	0.9541527808	0.9104135137
1.640000	-1.9224121094	3.6956876397	13.6583927871	0.9780761719	0.9566340506	0.9151527338
1.650000	-1.9171875000	3.6756458521	13.5109309220	0.9762451172	0.9530572981	0.9083287748
1.660000	-1.9066406250	3.6353435755	13.2166726271	0.9725585937	0.9458747685	0.8946963335
1.670000	-1.9095703125	3.6464926481	13.2974011520	0.9739746094	0.9486296892	0.8999102308
1.680000	-1.9042968750	3.6264420509	13.1524645777	0.9720947266	0.9449780434	0.8930207768
1.690000	-1.9055664062	3.6312470675	13.1868803515	0.9722656250	0.9453114271	0.8936551109
1.700000	-1.9044921875	3.6271430016	13.1569267860	0.9726074219	0.9459702790	0.8948789822
1.710000	-1.8905273438	3.5741446257	12.7752414241	0.9674072266	0.9358818859	0.8758942086
1.720000	-1.8947753906	3.5901836753	12.8895609820	0.9688476563	0.9386670113	0.8811003772
1.730000	-1.8912109375	3.5767482281	12.7941201428	0.9678710938	0.9367820442	0.8775890299
1.740000	-1.8816894531	3.5408141971	12.5382012252	0.9652099609	0.9316337377	0.8679543587
1.750000	-1.8782226562	3.5278335571	12.4471970822	0.9629882813	0.9273614287	0.8600546755
1.760000	-1.8750000000	3.5156507254	12.3601617903	0.9618408203	0.9251449436	0.8559196906
1.770000	-1.8739257813	3.5116490841	12.3323981998	0.9627197266	0.9268333286	0.8590350314
1.780000	-1.8737792969	3.5111520410	12.3296370928	0.9621826172	0.9258187681	0.8572266707
1.790000	-1.8692871094	3.4943088889	12.2112377312	0.9609863281	0.9235024035	0.8528850856
1.800000	-1.8665039062	3.4838803053	12.1380271230	0.9599121094	0.9214379072	0.8490723067
1.810000	-1.8567871094	3.4477691531	11.8886399685	0.9565673828	0.9150379032	0.8373556856
1.820000	-1.8541992188	3.4382688761	11.8246363940	0.9554931641	0.9129964620	0.8336693281
1.830000	-1.8499511719	3.4224011779	11.7139428152	0.9538330078	0.9098024338	0.8277587155
1.840000	-1.8356445313	3.3696380615	11.3550968548	0.9471191406	0.8970452011	0.8047278237
1.850000	-1.8379882812	3.3783531904	11.4153334611	0.9498535156	0.9022384942	0.8140949918
1.860000	-1.8376464844	3.3770793557	11.4064801240	0.9477539062	0.8982576072	0.8069388727
1.870000	-1.8240722656	3.3273069739	11.0718716179	0.9431396484	0.8895240933	0.7912948464
1.880000	-1.8138183594	3.2900051475	10.8250332183	0.9408447266	0.8851984710	0.7836105146
1.890000	-1.8174316406	3.3031649947	10.9123134561	0.9405273438	0.8846240580	0.7826736430
1.900000	-1.8082519531	3.2698104262	10.6921200933	0.9363037109	0.8766773194	0.7686074473
1.910000	-1.7964355469	3.2272537827	10.4161087110	0.9334960937	0.8714392960	0.7594908372
1.920000	-1.7927734375	3.2140943766	10.3311486489	0.9315917969	0.8678789794	0.7532686282
1.930000	-1.7940429687	3.2188216686	10.3637992845	0.9318359375	0.8683545649	0.7541663547
1.940000	-1.7911132812	3.2081424952	10.2928951986	0.9309570312	0.8666981876	0.7512254573
1.950000	-1.7884765625	3.1987433434	10.2331715091	0.9302490234	0.8653756708	0.7489179368
1.960000	-1.7705566406	3.1350637794	9.8310529014	0.9232910156	0.8525025904	0.7268845526
1.970000	-1.7715820312	3.1385379076	9.8508601841	0.9240234375	0.8538343430	0.7290845446
1.980000	-1.7604003906	3.0990519404	9.6046491010	0.9187255859	0.8440715283	0.7125068532
1.990000	-1.7509277344	3.0659294009	9.4021610778	0.9148193359	0.8369524747	0.7006842956
2.000000	-1.7427734375	3.0374509096	9.2284222336	0.9114990234	0.8308705896	0.6904781417
2.010000	-1.7327636719	3.0026365876	9.0178325478	0.8999267578	0.8099814743	0.6564321417
2.020000	-1.7199218750	2.9583638191	8.7546821704	0.8938476562	0.7989986718	0.6385110942
2.030000	-1.7232910156	2.9698299050	8.8210568211	0.9032958984	0.8159919471	0.6660002250
2.040000	-1.7140625000	2.9380892992	8.6332964982	0.8971679688	0.8049339235	0.6479943308
2.050000	-1.7018066406	2.8962124705	8.3888202594	0.8888671875	0.7901041329	0.6243250498
2.060000	-1.7028808594	2.8998719573	8.4100538623	0.8886230469	0.7896839559	0.6237047688
2.070000	-1.6875976562	2.8482644796	8.1158299311	0.8833251953	0.7803334445	0.6091415263
2.080000	-1.6765136719	2.8108248115	7.9021527094	0.8779541016	0.7708500832	0.5943537057
2.090000	-1.6729492187	2.7988301754	7.8342454091	0.8790039063	0.7726818979	0.5971428765
2.100000	-1.6575683594	2.7476085067	7.5501851413	0.8640136719	0.7465908349	0.5576102087
2.110000	-1.6605957031	2.7575912118	7.6044539552	0.8635498047	0.7457593650	0.5562792089
2.120000	-1.6518554688	2.7286725044	7.4461537307	0.8695312500	0.7560886681	0.5716823955
2.130000	-1.6456054687	2.7081184864	7.3350025678	0.8637207031	0.7460782111	0.5568265372
2.140000	-1.6250488281	2.6413109183	6.9821151899	0.8482910156	0.7197933495	0.5186681311
2.150000	-1.6168945313	2.6145421982	6.8378590457	0.8426269531	0.7101361215	0.5046211634
2.160000	-1.6183593750	2.6191920280	6.8612633014	0.8500732422	0.7226891845	0.5224661708
2.170000	-1.5840332031	2.5093182206	6.2982602614	0.8188720703	0.6706844479	0.4501768449
2.180000	-1.5826171875	2.5048528910	6.2760463927	0.8223388672	0.6763009280	0.4575443960
2.190000	-1.5680175781	2.4588647008	6.0478311925	0.7958007812	0.6333487988	0.4012567215
2.200000	-1.5481933594	2.3971556544	5.7487888613	0.7787597656	0.6065810978	0.3682201012
2.210000	-1.5340820313	2.3536252260	5.5416067476	0.7775146484	0.6048747569	0.3667200920
2.220000	-1.5093261719	2.2781011939	5.1900696881	0.7527832031	0.5668175280	0.3215868668
2.230000	-1.5223632813	2.3182962656	5.3809581974	0.7651367188	0.5856907189	0.3436233850
2.240000	-1.4766113281	2.1808485866	4.7601646752	0.7287353516	0.5314016610	0.2831281416
2.250000	-1.4675292969	2.1539275050	4.6418723138	0.6825927734	0.4660621613	0.2174562321
2.260000	-1.4558105469	2.1196029305	4.4945727645	0.6624267578	0.4388865620	0.1927594500
2.270000	-1.4158203125	2.0051642418	4.0256098977	0.6349121094	0.4041076958	0.1649354213
2.280000	-1.4053222656	1.9752723098	3.9043773810	0.5995117187	0.3597467005	0.1298878590
2.290000	-1.3939941406	1.9432961106	3.7769961842	0.6123046875	0.3752101123	0.1412292879
2.300000	-1.3842285156	1.9162308574	3.6730267842	0.6049560547	0.3661525220	0.1343309434
2.310000	-1.3651367188	1.8638896465	3.4762767110	0.5644042969	0.3191086471	0.1025339411
2.320000	-1.3164550781	1.7333865762	3.0068919572	0.4040039062	0.1641028047	0.0275442879
2.330000	-1.2798339844	1.6381755233	2.6849309039	0.3653076172	0.1335881203	0.0179177015
2.340000	-1.2959960937	1.6805304050	2.8304048047	0.3692382813	0.1367900610	0.0189666850
2.350000	-1.2793457031	1.6368663430	2.6802485337	0.3004394531	0.0906174839	0.0083413115
2.360000	-1.2766601562	1.6300392151	2.6581882218	0.2374511719	0.0566291511	0.0032606150
2.370000	-1.2703613281	1.6141802669	2.6078892119	0.1615966797	0.0265097648	0.0007440001
2.380000	-1.2322753906	1.5185692668	2.3064586085	0.0596679688	0.0036960304	0.0000155670
2.390000	-1.2281250000	1.5085463285	2.2772553335	0.0599365234	0.0046210200	0.0000329690
2.400000	-1.1998046875	1.4396931887	2.0736446044	0.0172363281	0.0003578484	0.0000002247
2.410000	-1.1784667969	1.3888990521	1.9296788448	0.0552246094	0.0033373773	0.0000147239
2.420000	-1.1791015625	1.3904577255	1.9343545552	0.0197753906	0.0004844189	0.0000003203
2.430000	-1.1740722656	1.3785660386	1.9011076913	0.0347900391	0.0013117701	0.0000022728
2.440000	-1.1502929688	1.3233671904	1.7523143244	0.0218261719	0.0006361902	0.0000007016
2.450000	-1.1402343750	1.3002455950	1.6912166607	0.0303222656	0.0013034344	0.0000035967
2.460000	-1.1401855469	1.3002582908	1.6918827914	0.0356201172	0.0020408601	0.0000103263
2.470000	-1.1288574219	1.2747011065	1.6268084218	0.0149902344	0.0003180087	0.0000001832
2.480000	-1.1099121094	1.2326409221	1.5230289267	0.0306152344	0.0016240537	0.0000080177
2.490000	-1.1101562500	1.2327297688	1.5210108317	0.0217285156	0.0005563080	0.0000005001
2.500000	-1.1047851562	1.2212642193	1.4949502402	0.0154296875	0.0003667176	0.0000003693
2.510000	-1.0878417969	1.1836218238	1.4020063505	0.0362548828	0.0016680390	0.0000048344
2.520000	-1.0844238281	1.1761545300	1.3841884799	0.1000244141	0.0100953311	0.0001056786
2.530000	-1.0898925781	1.1882206321	1.4135409530	0.0729736328	0.0067054957	0.0000687856
2.540000	-1.0704101562	1.1458821297	1.3135242275	0.0914550781	0.0104561627	0.0001761161
2.550000	-1.0819335938	1.1707419157	1.3713948983	0.0530029297	0.0044927329	0.0000499174
2.560000	-1.0614746094	1.1270336509	1.2715776142	0.0711181641	0.0075059086	0.0001163561
2.570000	-1.0488769531	1.1003332257	1.2115663144	0.0239501953	0.0012320250	0.0000052566
2.580000	-1.0495605469	1.1017842174	1.2148285955	0.0221191406	0.0005349815	0.0000003782
2.590000	-1.0444824219	1.0911833167	1.1917408820	0.0943847656	0.0103304029	0.0001675018
2.600000	-1.0277832031	1.0568341613	1.1189959196	0.0172851562	0.0004810035	0.0000005713
2.610000	-1.0255859375	1.0521706104	1.1085165639	0.0537597656	0.0036836147	0.0000250239
2.620000	-1.0280761719	1.0570402026	1.1177592112	0.0415283203	0.0028334171	0.0000226042
2.630000	-1.0107421875	1.0216798306	1.0441559562	0.0342529297	0.0018569440	0.0000090028
2.640000	-0.9975585938	0.9953912735	0.9918694347	0.0327880859	0.0015673608	0.0000047427
2.650000	-0.9872558594	0.9747449279	0.9504041523	0.0186767578	0.0005615383	0.0000007250
2.660000	-0.9956054688	0.9914333105	0.9837535002	0.0335937500	0.0012686908	0.0000022555
2.670000	-0.9617187500	0.9254229546	0.8583192790	0.0295654297	0.0012223989	0.0000031578
2.680000	-0.9869140625	0.9743374586	0.9506538288	0.0228027344	0.0008808494	0.0000021789
2.690000	-0.9687500000	0.9385867357	0.8813576423	0.0291992187	0.0009352863	0.0000011936
2.700000	-0.9571289063	0.9162811756	0.8402582138	0.0673828125	0.0055998266	0.0000475044
2.710000	-0.9539550781	0.9101674438	0.8289044796	0.0281494141	0.0011276156	0.0000028602
2.720000	-0.9508300781	0.9041330695	0.8176556411	0.0385009766	0.0020122200	0.0000078822
2.730000	-0.9508789063	0.9042041063	0.8177061358	0.0127685547	0.0002431959	0.0000001007
2.740000	-0.9358398437	0.8759166241	0.7676508192	0.0348876953	0.0023768038	0.0000217464
2.750000	-0.9316894531	0.8683546901	0.7551072607	0.0317382812	0.0013606489	0.0000034320
2.760000	-0.9291503906	0.8633457303	0.7454532733	0.0208984375	0.0007198155	0.0000010819
2.770000	-0.9282714844	0.8618136764	0.7431562670	0.0297363281	0.0014168918	0.0000045236
2.780000	-0.9267578125	0.8592631102	0.7396378745	0.0229980469	0.0006762564	0.0000009441
2.790000	-0.9176269531	0.8420637965	0.7091545508	0.0186523438	0.0003608584	0.0000001469
2.800000	-0.9139160156	0.8353478074	0.6981580950	0.0257324219	0.0008672357	0.0000013706
2.810000	-0.8983886719	0.8073279023	0.6525093661	0.0153076172	0.0004195899	0.0000005122
2.820000	-0.8958007812	0.8027094126	0.6451463239	0.0139648438	0.0003368139	0.0000002694
2.830000	-0.9087402344	0.8259588838	0.6827099623	0.0341796875	0.0016189575	0.0000043641
2.840000	-0.8805664063	0.7755116463	0.6017712395	0.0295654297	0.0010922164	0.0000022866
2.850000	-0.8743652344	0.7646240830	0.5849856712	0.0241943359	0.0009337097	0.0000024057
2.860000	-0.8845214844	0.7826290488	0.6132920882	0.0237792969	0.0007191539	0.0000008805
2.870000	-0.8604492188	0.7405875444	0.5491095293	0.0107666016	0.0001614481	0.0000000467
2.880000	-0.8672363281	0.7523181796	0.5666338996	0.0352539063	0.0017080903	0.0000054327
2.890000	-0.8582031250	0.7367136240	0.5433436067	0.0247558594	0.0009650528	0.0000020151
2.900000	-0.8638183594	0.7462656379	0.5571605350	0.0189208984	0.0004277319	0.0000002479
2.910000	-0.8663574219	0.7509405494	0.5650379129	0.0164306641	0.0003709644	0.0000002821
2.920000	-0.8549316406	0.7316979289	0.5376849949	0.0178222656	0.0005934417	0.0000013271
2.930000	-0.8569335938	0.7345978975	0.5404009903	0.0318359375	0.0010925055	0.0000014503
2.940000	-0.8317382813	0.6920619488	0.4797144452	0.0204345703	0.0007403225	0.0000017808
2.950000	-0.8312988281	0.6914920688	0.4793628106	0.0090332031	0.0001514018	0.0000000541
2.960000	-0.8273925781	0.6846937060	0.4691201346	0.0140380859	0.0002672344	0.0000001353
2.970000	-0.8258789063	0.6825393438	0.4671136128	0.0374267578	0.0023938984	0.0000156059
2.980000	-0.8297851563	0.6886377811	0.4744809933	0.0253417969	0.0010890841	0.0000041422
2.990000	-0.8227539062	0.6771069288	0.4589771430	0.0379150391	0.0016734689	0.0000041379
3.000000	-0.8255371094	0.6817237973	0.4653342737	0.0140869141	0.0003227681	0.0000003168

===== Performance statistics =====
# started on Mon Mar 24 18:24:00 2025


 Performance counter stats for './tiny_ising':

            863.50 msec task-clock                       #    0.999 CPUs utilized             
                 8      context-switches                 #    9.265 /sec                      
                 0      cpu-migrations                   #    0.000 /sec                      
                93      page-faults                      #  107.701 /sec                      
     3,118,896,984      cycles                           #    3.612 GHz                       
        84,389,978      stalled-cycles-frontend          #    2.71% frontend cycles idle      
     8,117,383,703      instructions                     #    2.60  insn per cycle            
                                                  #    0.01  stalled cycles per insn   
     1,658,944,273      branches                         #    1.921 G/sec                     
        20,748,706      branch-misses                    #    1.25% of all branches           

       0.864547689 seconds time elapsed

       0.860485000 seconds user
       0.003983000 seconds sys


