===== Results for clang, L=256, -O0 =====
===== Program output =====
# L: 256
# Minimum Temperature: 1.500000
# Maximum Temperature: 3.000000
# Temperature Step: 0.010000000000
# Equilibration Time: 5
# Measurement Time: 25
# Data Acquiring Step: 5
# Number of Points: 151
# Total Simulation Time (sec): 5.891458
# Temp	E	E^2	E^4	M	M^2	M^4
1.500000	-1.9515991211	3.8087425344	14.5065715516	0.9866333008	0.9734456021	0.9475976328
1.510000	-1.9475463867	3.7929420345	14.3864867378	0.9855041504	0.9712189605	0.9432683285
1.520000	-1.9480957031	3.7950842515	14.4027765301	0.9856079102	0.9714238171	0.9436675917
1.530000	-1.9447631836	3.7821102582	14.3044550012	0.9845520020	0.9693431785	0.9396282675
1.540000	-1.9412353516	3.7684055045	14.2010431500	0.9835998535	0.9674693653	0.9359996570
1.550000	-1.9420898438	3.7717152193	14.2258697324	0.9837280273	0.9677210744	0.9364850166
1.560000	-1.9375976562	3.7542926475	14.0948330184	0.9823913574	0.9650936181	0.9314089311
1.570000	-1.9374267578	3.7536290094	14.0898293595	0.9822998047	0.9649136435	0.9310611826
1.580000	-1.9297485352	3.7239426933	13.8679471695	0.9802001953	0.9607935298	0.9231284625
1.590000	-1.9308471680	3.7281729214	13.8993051508	0.9803771973	0.9611397708	0.9237908961
1.600000	-1.9287963867	3.7202563293	13.8403194793	0.9801025391	0.9606011178	0.9227550102
1.610000	-1.9255126953	3.7076051638	13.7464254575	0.9786315918	0.9577204948	0.9172312379
1.620000	-1.9213378906	3.6915493235	13.6276845173	0.9775939941	0.9556906952	0.9133472965
1.630000	-1.9221435547	3.6946414694	13.6504587835	0.9777038574	0.9559052659	0.9137565333
1.640000	-1.9141479492	3.6639762916	13.4249263084	0.9752685547	0.9511498321	0.9046901053
1.650000	-1.9157348633	3.6700422309	13.4692417482	0.9756958008	0.9519827828	0.9062730739
1.660000	-1.9120849609	3.6560819760	13.3671262631	0.9746459961	0.9499364663	0.9023855457
1.670000	-1.9104125977	3.6496772312	13.3201575898	0.9738403320	0.9483651441	0.8993970222
1.680000	-1.9062622070	3.6338421978	13.2049049957	0.9728637695	0.9464646753	0.8957982638
1.690000	-1.9021606445	3.6182228930	13.0916493581	0.9713989258	0.9436173528	0.8904192899
1.700000	-1.8997070312	3.6088971749	13.0242882524	0.9705627441	0.9419933451	0.8873563719
1.710000	-1.8943481445	3.5885573842	12.8777798706	0.9688598633	0.9386896618	0.8811391335
1.720000	-1.8895874023	3.5705408417	12.7487660515	0.9671081543	0.9352983134	0.8747834261
1.730000	-1.8847900391	3.5524422914	12.6199710481	0.9658752441	0.9329169748	0.8703414840
1.740000	-1.8814819336	3.5399846129	12.5316374031	0.9643737793	0.9300173266	0.8649342387
1.750000	-1.8815185547	3.5401213855	12.5325912129	0.9645568848	0.9303709174	0.8655935142
1.760000	-1.8756958008	3.5182508402	12.3783154026	0.9629638672	0.9273020372	0.8598988116
1.770000	-1.8698242188	3.4962696776	12.2242801003	0.9606506348	0.9228526963	0.8516683676
1.780000	-1.8666992188	3.4845846355	12.1425901695	0.9593933105	0.9204369096	0.8472092046
1.790000	-1.8670532227	3.4858999975	12.1516696143	0.9596130371	0.9208585659	0.8479855975
1.800000	-1.8578735352	3.4517071597	11.9144633270	0.9566162109	0.9151165307	0.8374454259
1.810000	-1.8575683594	3.4505807683	11.9067908091	0.9565307617	0.9149549376	0.8371565791
1.820000	-1.8511840820	3.4269599132	11.7451155940	0.9543212891	0.9107380848	0.8294765397
1.830000	-1.8502929688	3.4236178130	11.7216209114	0.9537597656	0.9096606582	0.8274933132
1.840000	-1.8404785156	3.3874080598	11.4751675363	0.9504455566	0.9033512020	0.8160594438
1.850000	-1.8316528320	3.3549675934	11.2560159815	0.9467468262	0.8963340728	0.8034309800
1.860000	-1.8316284180	3.3548848934	11.2555505506	0.9465270996	0.8959172999	0.8026812365
1.870000	-1.8253295898	3.3318347715	11.1012116173	0.9440979004	0.8913223835	0.7944610700
1.880000	-1.8199340820	3.3121984698	10.9711674023	0.9428039551	0.8888863912	0.7901442716
1.890000	-1.8148803711	3.2938711606	10.8506476374	0.9405822754	0.8847087985	0.7827584567
1.900000	-1.8095214844	3.2743864521	10.7218481631	0.9389465332	0.8816257728	0.7772822742
1.910000	-1.8057373047	3.2606980160	10.6322922545	0.9379272461	0.8797115348	0.7739065061
1.920000	-1.7982055664	3.2335525729	10.4559827390	0.9340026855	0.8723634621	0.7610265590
1.930000	-1.7898315430	3.2035358362	10.2631404730	0.9300537109	0.8650082301	0.7482680521
1.940000	-1.7864501953	3.1914348215	10.1856456847	0.9288391113	0.8627461961	0.7443451395
1.950000	-1.7836303711	3.1813555934	10.1212561895	0.9278259277	0.8608658256	0.7411067540
1.960000	-1.7726684570	3.1423749767	9.8747901039	0.9236389160	0.8531151319	0.7278268392
1.970000	-1.7692993164	3.1305210970	9.8014197591	0.9216613770	0.8494758697	0.7216639425
1.980000	-1.7571289062	3.0875337899	9.5332571631	0.9164245605	0.8398391819	0.7053473904
1.990000	-1.7580200195	3.0906804003	9.5528738047	0.9166320801	0.8402221782	0.7059995733
2.000000	-1.7415161133	3.0328923829	9.1986062317	0.9097351074	0.8276222939	0.6849730112
2.010000	-1.7318359375	2.9992627427	8.9956613709	0.9050781250	0.8191704504	0.6710534867
2.020000	-1.7272827148	2.9835606553	8.9022913218	0.9043579102	0.8178795643	0.6689803427
2.030000	-1.7254394531	2.9771471947	8.8634755109	0.9032226562	0.8158131890	0.6655577602
2.040000	-1.7098144531	2.9235009789	8.5472752987	0.8945617676	0.8002508400	0.6404337767
2.050000	-1.7067016602	2.9129112996	8.4859865606	0.8924987793	0.7965815192	0.6346292559
2.060000	-1.6958129883	2.8759145327	8.2724166410	0.8857360840	0.7845618198	0.6156422866
2.070000	-1.6874877930	2.8476425491	8.1093806074	0.8821533203	0.7782011639	0.6056178186
2.080000	-1.6849487305	2.8390801184	8.0606924032	0.8822509766	0.7783710200	0.6058746299
2.090000	-1.6727050781	2.7979583040	7.8287502248	0.8765014648	0.7682649039	0.5902620922
2.100000	-1.6659667969	2.7754697606	7.7035043561	0.8709228516	0.7585317753	0.5754468148
2.110000	-1.6523925781	2.7304523960	7.4559278666	0.8644104004	0.7472184254	0.5583744847
2.120000	-1.6508544922	2.7253551632	7.4279384503	0.8651062012	0.7484171784	0.5601535274
2.130000	-1.6239501953	2.6373193100	6.9565642138	0.8468627930	0.7172301542	0.5145728324
2.140000	-1.6250244141	2.6407235578	6.9736235211	0.8456787109	0.7151891265	0.5115428395
2.150000	-1.6055419922	2.5777942404	6.6453240650	0.8295715332	0.6882164257	0.4737173595
2.160000	-1.6097656250	2.5913978770	6.7158847171	0.8414794922	0.7081044421	0.5014588947
2.170000	-1.5781982422	2.4907574594	6.2043493533	0.8142761230	0.6631097523	0.4398850196
2.180000	-1.5756347656	2.4826763704	6.1641939789	0.8079162598	0.6527847817	0.4262744215
2.190000	-1.5607177734	2.4358834192	5.9339491895	0.7959472656	0.6335555982	0.4014521881
2.200000	-1.5375244141	2.3641683146	5.5910604534	0.7905273438	0.6250031490	0.3908024903
2.210000	-1.5390747070	2.3688337095	5.6121573727	0.7779052734	0.6052188780	0.3664895614
2.220000	-1.5108398437	2.2826803803	5.2110239681	0.7596740723	0.5771500522	0.3332070392
2.230000	-1.5096191406	2.2790608272	5.1951279286	0.7504455566	0.5633934068	0.3179209954
2.240000	-1.4883422852	2.2151912533	4.9073246353	0.7293334961	0.5320237283	0.2832565387
2.250000	-1.4830322266	2.1994245023	4.8378189702	0.7310607910	0.5344759857	0.2857202475
2.260000	-1.4547973633	2.1164622836	4.4796397370	0.6775878906	0.4593107820	0.2113015062
2.270000	-1.4326538086	2.0525716178	4.2136631336	0.6597351074	0.4352864126	0.1895368921
2.280000	-1.4164916992	2.0065100394	4.0265757427	0.6301513672	0.3975707639	0.1588244008
2.290000	-1.4043579102	1.9722716309	3.8902528668	0.6160888672	0.3797650613	0.1445199132
2.300000	-1.3749755859	1.8906025320	3.5747165499	0.5695678711	0.3244846832	0.1053906339
2.310000	-1.3527221680	1.8299397595	3.3492802310	0.5059814453	0.2564200114	0.0661728315
2.320000	-1.3488037109	1.8192783251	3.3098237107	0.5033935547	0.2534753162	0.0643215376
2.330000	-1.3265136719	1.7596643195	3.0966005694	0.4875549316	0.2380125599	0.0569267156
2.340000	-1.3036254883	1.6996427990	2.8901640499	0.3979675293	0.1587995065	0.0254847714
2.350000	-1.2874389648	1.6575904615	2.7482117534	0.3607116699	0.1302121935	0.0170067093
2.360000	-1.2630126953	1.5952786967	2.5454058548	0.3402709961	0.1161291517	0.0136477382
2.370000	-1.2549438477	1.5749465533	2.4808499423	0.2858215332	0.0819900481	0.0068175418
2.380000	-1.2224609375	1.4944546089	2.2336567087	0.2190063477	0.0484040041	0.0024260273
2.390000	-1.2167358398	1.4804524101	2.1917766483	0.1563110352	0.0245445125	0.0006128431
2.400000	-1.2047729492	1.4515380688	2.1073144987	0.1105773926	0.0124627413	0.0001680239
2.410000	-1.1934814453	1.4245058551	2.0298314483	0.0698486328	0.0049345486	0.0000253474
2.420000	-1.1742553711	1.3789026357	1.9015206551	0.0101135254	0.0002276516	0.0000002133
2.430000	-1.1743774414	1.3792655788	1.9029392889	0.0577941895	0.0043169467	0.0000331101
2.440000	-1.1620849609	1.3504626587	1.8238641339	0.0729980469	0.0056861911	0.0000399377
2.450000	-1.1566894531	1.3379490301	1.7902065460	0.0257324219	0.0008731056	0.0000012976
2.460000	-1.1384521484	1.2961194009	1.6801644720	0.0249145508	0.0006884370	0.0000005982
2.470000	-1.1260253906	1.2679394603	1.6077022866	0.0278381348	0.0008103637	0.0000007911
2.480000	-1.1207519531	1.2561017379	1.5778760762	0.0223999023	0.0006485697	0.0000007084
2.490000	-1.1194335937	1.2531726614	1.5706479381	0.0560241699	0.0031616909	0.0000102732
2.500000	-1.1145507812	1.2423449799	1.5440220891	0.0525146484	0.0028411008	0.0000090543
2.510000	-1.0978149414	1.2052811407	1.4531058861	0.0647460937	0.0042422187	0.0000187954
2.520000	-1.0903198242	1.1888387062	1.4135351475	0.0836181641	0.0071261849	0.0000549295
2.530000	-1.0819335938	1.1705958292	1.3703673038	0.0514282227	0.0028276104	0.0000097713
2.540000	-1.0736450195	1.1527526371	1.3290182871	0.0106689453	0.0001772530	0.0000000891
2.550000	-1.0671508789	1.1388143741	1.2969135681	0.0662719727	0.0045588646	0.0000235282
2.560000	-1.0548339844	1.1128058612	1.2389176380	0.0301574707	0.0018812830	0.0000126662
2.570000	-1.0490234375	1.1004795909	1.2111840153	0.0077087402	0.0000875792	0.0000000205
2.580000	-1.0407470703	1.0831783101	1.1733778729	0.0095825195	0.0000999894	0.0000000131
2.590000	-1.0285400391	1.0579153612	1.1192727748	0.0244445801	0.0006916488	0.0000007759
2.600000	-1.0230468750	1.0466305628	1.0954592259	0.0106811523	0.0001424614	0.0000000385
2.610000	-1.0246215820	1.0498938285	1.1024639980	0.0158325195	0.0003874473	0.0000002971
2.620000	-1.0174804688	1.0353777185	1.0724700365	0.0439697266	0.0020563871	0.0000051207
2.630000	-1.0079101562	1.0159121215	1.0321966013	0.0366821289	0.0014348619	0.0000026226
2.640000	-1.0015014648	1.0030908801	1.0065327038	0.0139587402	0.0002165316	0.0000000571
2.650000	-0.9944335937	0.9888999134	0.9779299197	0.0169067383	0.0003468893	0.0000002064
2.660000	-0.9950927734	0.9902491435	0.9807505619	0.0236572266	0.0007425815	0.0000008606
2.670000	-0.9801757813	0.9608369961	0.9235618011	0.0242675781	0.0006933223	0.0000006816
2.680000	-0.9756103516	0.9518606454	0.9062105621	0.0214294434	0.0007302770	0.0000009949
2.690000	-0.9721557617	0.9451354615	0.8934654980	0.0143859863	0.0002963630	0.0000001872
2.700000	-0.9672607422	0.9356720269	0.8757762008	0.0184082031	0.0004917115	0.0000005051
2.710000	-0.9619262695	0.9253485925	0.8564429006	0.0115356445	0.0001496539	0.0000000313
2.720000	-0.9565795898	0.9150909282	0.8375616494	0.0242919922	0.0006786034	0.0000006171
2.730000	-0.9466552734	0.8962805673	0.8037706405	0.0159301758	0.0003717180	0.0000002771
2.740000	-0.9343994141	0.8731509119	0.7625635379	0.0110412598	0.0001411689	0.0000000293
2.750000	-0.9382324219	0.8802868083	0.7749284833	0.0052185059	0.0000620997	0.0000000155
2.760000	-0.9264282227	0.8582892351	0.7367293694	0.0173034668	0.0005862581	0.0000012196
2.770000	-0.9244384766	0.8546026677	0.7304010813	0.0082763672	0.0001166563	0.0000000251
2.780000	-0.9169433594	0.8408574626	0.7072860871	0.0110046387	0.0001612777	0.0000000448
2.790000	-0.9189575195	0.8445179723	0.7133290932	0.0131652832	0.0002143553	0.0000000662
2.800000	-0.9056762695	0.8203270204	0.6731924480	0.0163513184	0.0003402563	0.0000001830
2.810000	-0.9073608398	0.8233625136	0.6781203407	0.0084838867	0.0000985522	0.0000000153
2.820000	-0.8959960938	0.8029004738	0.6449464120	0.0223266602	0.0007198423	0.0000010993
2.830000	-0.8874023438	0.7875511006	0.6204515577	0.0125488281	0.0002417270	0.0000001347
2.840000	-0.8892333984	0.7907796815	0.6254700137	0.0098632812	0.0001995545	0.0000001613
2.850000	-0.8844238281	0.7822205797	0.6119161605	0.0051147461	0.0000581235	0.0000000103
2.860000	-0.8818481445	0.7776771508	0.6048473161	0.0174743652	0.0003451897	0.0000001594
2.870000	-0.8715576172	0.7597410008	0.5775929875	0.0093078613	0.0000987114	0.0000000155
2.880000	-0.8690795898	0.7553903662	0.5708891063	0.0164489746	0.0003822623	0.0000002765
2.890000	-0.8665283203	0.7508945689	0.5639128471	0.0148193359	0.0003278539	0.0000002322
2.900000	-0.8647827148	0.7478768878	0.5594030119	0.0174682617	0.0005512401	0.0000007981
2.910000	-0.8562500000	0.7331862748	0.5376272735	0.0141479492	0.0002207112	0.0000000672
2.920000	-0.8501220703	0.7227448612	0.5224671965	0.0164245605	0.0004007446	0.0000002661
2.930000	-0.8472412109	0.7178494021	0.5153994217	0.0101989746	0.0001935372	0.0000000881
2.940000	-0.8421997070	0.7093350373	0.5032544595	0.0150024414	0.0002982903	0.0000001597
2.950000	-0.8407958984	0.7069560081	0.4998383554	0.0088745117	0.0000953335	0.0000000132
2.960000	-0.8376953125	0.7017464846	0.4924848787	0.0096740723	0.0001156250	0.0000000252
2.970000	-0.8275390625	0.6848510429	0.4691035790	0.0147705078	0.0003173694	0.0000001833
2.980000	-0.8255371094	0.6815882027	0.4647707238	0.0097961426	0.0001296973	0.0000000407
2.990000	-0.8188842773	0.6706157826	0.4498445170	0.0054443359	0.0000714693	0.0000000181
3.000000	-0.8192016602	0.6711192600	0.4504760581	0.0039672852	0.0000246827	0.0000000017

===== Performance statistics =====
# started on Mon Mar 24 18:24:01 2025


 Performance counter stats for './tiny_ising':

          5,891.71 msec task-clock                       #    1.000 CPUs utilized             
                53      context-switches                 #    8.996 /sec                      
                 0      cpu-migrations                   #    0.000 /sec                      
               142      page-faults                      #   24.102 /sec                      
    21,282,850,346      cycles                           #    3.612 GHz                       
       477,878,701      stalled-cycles-frontend          #    2.25% frontend cycles idle      
    58,258,436,058      instructions                     #    2.74  insn per cycle            
                                                  #    0.01  stalled cycles per insn   
     7,068,261,705      branches                         #    1.200 G/sec                     
        84,800,767      branch-misses                    #    1.20% of all branches           

       5.893834367 seconds time elapsed

       5.888549000 seconds user
       0.003997000 seconds sys


