===== Results for clang, L=256, -O1 =====
===== Program output =====
# L: 256
# Minimum Temperature: 1.500000
# Maximum Temperature: 3.000000
# Temperature Step: 0.010000000000
# Equilibration Time: 5
# Measurement Time: 25
# Data Acquiring Step: 5
# Number of Points: 151
# Total Simulation Time (sec): 3.478808
# Temp	E	E^2	E^4	M	M^2	M^4
1.500000	-1.9497070312	3.8013633430	14.4504518943	0.9860900879	0.9723740606	0.9455128655
1.510000	-1.9496582031	3.8011748642	14.4490484419	0.9860168457	0.9722300468	0.9452344820
1.520000	-1.9472290039	3.7917074181	14.3771455887	0.9852905273	0.9707981188	0.9424516878
1.530000	-1.9459106445	3.7865724169	14.3381939714	0.9848937988	0.9700162010	0.9409330057
1.540000	-1.9421508789	3.7719519474	14.2276503317	0.9838134766	0.9678891249	0.9368100096
1.550000	-1.9396606445	3.7622919105	14.1549684686	0.9831604004	0.9666054094	0.9343300310
1.560000	-1.9388916016	3.7593065456	14.1324744632	0.9829772949	0.9662447942	0.9336306718
1.570000	-1.9358276367	3.7474405490	14.0434890124	0.9818847656	0.9640989564	0.9294916654
1.580000	-1.9322875977	3.7337401502	13.9408869677	0.9808288574	0.9620256690	0.9254950090
1.590000	-1.9290161133	3.7211070202	13.8466948468	0.9798950195	0.9601944853	0.9219743557
1.600000	-1.9266479492	3.7119802795	13.7789156780	0.9791076660	0.9586531976	0.9190212230
1.610000	-1.9242797852	3.7028550409	13.7111702767	0.9785644531	0.9575886723	0.9169771512
1.620000	-1.9222167969	3.6949275568	13.6526394854	0.9776550293	0.9558101205	0.9135759071
1.630000	-1.9197631836	3.6854964964	13.5829700325	0.9768493652	0.9542355364	0.9105687158
1.640000	-1.9162353516	3.6719592497	13.4833042331	0.9758972168	0.9523756521	0.9070204281
1.650000	-1.9138916016	3.6629869550	13.4175597656	0.9751098633	0.9508397613	0.9040982133
1.660000	-1.9108520508	3.6513648085	13.3325999221	0.9741760254	0.9490195869	0.9006406731
1.670000	-1.9065673828	3.6350049153	13.2133440589	0.9727661133	0.9462744992	0.8954376530
1.680000	-1.9039672852	3.6250986151	13.1414442903	0.9716003418	0.9440082008	0.8911551740
1.690000	-1.9002685547	3.6110317111	13.0397107745	0.9707153320	0.9422894742	0.8879140438
1.700000	-1.8955200195	3.5930329375	12.9104133815	0.9690917969	0.9391443025	0.8820122448
1.710000	-1.8943359375	3.5885220706	12.8776831565	0.9687438965	0.9384661986	0.8807242910
1.720000	-1.8890869141	3.5686609313	12.7355063327	0.9672729492	0.9356178582	0.8753841481
1.730000	-1.8850463867	3.5534029059	12.6267152207	0.9655761719	0.9323375341	0.8692539871
1.740000	-1.8866455078	3.5594422087	12.6697844570	0.9664611816	0.9340483284	0.8724504383
1.750000	-1.8790161133	3.5307109438	12.4660524341	0.9633483887	0.9280421065	0.8612695369
1.760000	-1.8753540039	3.5169565029	12.3690373998	0.9626037598	0.9266063793	0.8586007949
1.770000	-1.8733642578	3.5095416382	12.3175539646	0.9617980957	0.9250597483	0.8557509449
1.780000	-1.8666503906	3.4844029143	12.1413319364	0.9589355469	0.9195601277	0.8456009258
1.790000	-1.8632568359	3.4717275366	12.0529129093	0.9582519531	0.9182470802	0.8431787090
1.800000	-1.8591674805	3.4565147318	11.9476464644	0.9567138672	0.9153020013	0.8377798682
1.810000	-1.8491088867	3.4192104153	11.6910920282	0.9532287598	0.9086456230	0.8256388843
1.820000	-1.8508789062	3.4257591143	11.7359129148	0.9539672852	0.9100539811	0.8281997039
1.830000	-1.8452270508	3.4049260773	11.5943826597	0.9517089844	0.9057581190	0.8204272084
1.840000	-1.8417236328	3.3919609621	11.5056030917	0.9506958008	0.9038245324	0.8169061214
1.850000	-1.8361083984	3.3713101685	11.3659501084	0.9484252930	0.8995145179	0.8091407203
1.860000	-1.8344116211	3.3650722571	11.3237956070	0.9473999023	0.8975689322	0.8056384614
1.870000	-1.8289428711	3.3450508289	11.1896169209	0.9454650879	0.8939068167	0.7990786278
1.880000	-1.8206420898	3.3147464983	10.9876620104	0.9423095703	0.8879505649	0.7884677143
1.890000	-1.8195922852	3.3109546907	10.9629344552	0.9419799805	0.8873317495	0.7873770946
1.900000	-1.8113525391	3.2810120285	10.7652237815	0.9392456055	0.8821861278	0.7782658435
1.910000	-1.8056884766	3.2605148941	10.6310097932	0.9370910645	0.8781402027	0.7711321103
1.920000	-1.8017211914	3.2462466903	10.5387323678	0.9362121582	0.8764998553	0.7682752836
1.930000	-1.7927001953	3.2138097927	10.3290341676	0.9319580078	0.8685471158	0.7543789145
1.940000	-1.7810546875	3.1721950069	10.0633191251	0.9271850586	0.8596774280	0.7390635044
1.950000	-1.7793334961	3.1660652302	10.0244440481	0.9246337891	0.8549542319	0.7309692574
1.960000	-1.7769165039	3.1574345611	9.9694220581	0.9253601074	0.8562934009	0.7332454857
1.970000	-1.7610595703	3.1013490632	9.6185926879	0.9174255371	0.8416740427	0.7084300943
1.980000	-1.7586669922	3.0929742202	9.5672892282	0.9171508789	0.8411857385	0.7076607986
1.990000	-1.7491943359	3.0597793460	9.3634574923	0.9125732422	0.8328075953	0.6936274559
2.000000	-1.7413940430	3.0324970208	9.1965683896	0.9106933594	0.8293700438	0.6878800226
2.010000	-1.7386230469	3.0228673220	9.1384165801	0.9088012695	0.8259358399	0.6822229224
2.020000	-1.7314331055	2.9978718422	8.9873701504	0.9039733887	0.8171718279	0.6677826599
2.030000	-1.7240966797	2.9725472093	8.8364850580	0.9018005371	0.8132509658	0.6613990379
2.040000	-1.7178222656	2.9509340107	8.7082553527	0.8978088379	0.8060686907	0.6497724993
2.050000	-1.7087890625	2.9199726343	8.5263871601	0.8924316406	0.7964384902	0.6343278319
2.060000	-1.6896362305	2.8549522527	8.1516918668	0.8860290527	0.7850674653	0.6163939108
2.070000	-1.6886108398	2.8514323555	8.1309607895	0.8840332031	0.7815230761	0.6108044659
2.080000	-1.6782958984	2.8166936606	7.9339491046	0.8796875000	0.7738609679	0.5988943301
2.090000	-1.6685668945	2.7841275312	7.7515002814	0.8686950684	0.7546346543	0.5694841331
2.100000	-1.6574951172	2.7473026469	7.5478098542	0.8675476074	0.7526638770	0.5665780211
2.110000	-1.6575317383	2.7474612944	7.5490927597	0.8700500488	0.7569956044	0.5730681768
2.120000	-1.6398071289	2.6890319400	7.2315861637	0.8566894531	0.7339647703	0.5388450926
2.130000	-1.6339111328	2.6697006822	7.1276758119	0.8522521973	0.7263438737	0.5276047641
2.140000	-1.6253051758	2.6416627638	6.9788667767	0.8508850098	0.7240142437	0.5242224281
2.150000	-1.6017333984	2.5656165972	6.5830744408	0.8282165527	0.6860386366	0.4709125421
2.160000	-1.6024414063	2.5678489089	6.5941599007	0.8334716797	0.6946939576	0.4826522981
2.170000	-1.5957153320	2.5463402651	6.4841825823	0.8305175781	0.6898051005	0.4759566112
2.180000	-1.5703979492	2.4662188701	6.0829155884	0.8093017578	0.6550099589	0.4291441943
2.190000	-1.5596313477	2.4324840777	5.9173120693	0.7983886719	0.6374864690	0.4065480195
2.200000	-1.5504272461	2.4038481571	5.7787122787	0.7854736328	0.6169719245	0.3806620002
2.210000	-1.5346435547	2.3552015066	5.5476385005	0.7795227051	0.6076731620	0.3693092168
2.220000	-1.5255493164	2.3273098938	5.4164568019	0.7719604492	0.5959487785	0.3552169276
2.230000	-1.5070190430	2.2711591817	5.1586423716	0.7570678711	0.5731990326	0.3286651666
2.240000	-1.4921875000	2.2266895592	4.9587358111	0.7454162598	0.5556609863	0.3087940258
2.250000	-1.4640869141	2.1435927138	4.5953512637	0.7041687012	0.4959475873	0.2461512336
2.260000	-1.4423461914	2.0804200314	4.3286257866	0.6723388672	0.4520591963	0.2043927111
2.270000	-1.4414428711	2.0778122894	4.3177588614	0.6333190918	0.4015680118	0.1620003620
2.280000	-1.4080932617	1.9827601276	3.9316031067	0.6000122070	0.3600663267	0.1297225394
2.290000	-1.3837646484	1.9148130178	3.6665733512	0.5415588379	0.2933842046	0.0861903393
2.300000	-1.3745727539	1.8894949086	3.5705302400	0.5095947266	0.2597233690	0.0674936322
2.310000	-1.3443481445	1.8074183099	3.2678207739	0.4377746582	0.1921770280	0.0373392109
2.320000	-1.3184326172	1.7383180946	3.0221199953	0.3047912598	0.0932283273	0.0088203955
2.330000	-1.3115356445	1.7201653324	2.9592411622	0.2706726074	0.0733838549	0.0054195294
2.340000	-1.2914306641	1.6678804994	2.7824090513	0.2164550781	0.0471835874	0.0022859315
2.350000	-1.2745849609	1.6245882928	2.6394265084	0.2075073242	0.0431046095	0.0018658392
2.360000	-1.2528442383	1.5697350077	2.4647974430	0.2004150391	0.0405370753	0.0017024083
2.370000	-1.2417602539	1.5420026295	2.3779824214	0.1345825195	0.0187713038	0.0003974136
2.380000	-1.2271850586	1.5062007464	2.2699503459	0.0709533691	0.0053675575	0.0000352315
2.390000	-1.2139526367	1.4737324111	2.1721919119	0.0156250000	0.0002948746	0.0000001154
2.400000	-1.2122314453	1.4695669279	2.1599915287	0.0683471680	0.0047121618	0.0000229287
2.410000	-1.1917480469	1.4202833697	2.0173183352	0.0390380859	0.0021120306	0.0000079180
2.420000	-1.1838623047	1.4016108707	1.9649641754	0.0171203613	0.0004681012	0.0000005480
2.430000	-1.1708251953	1.3708815679	1.8795895327	0.0415161133	0.0021086134	0.0000070771
2.440000	-1.1614746094	1.3491024539	1.8205048186	0.0112060547	0.0001779627	0.0000000594
2.450000	-1.1513305664	1.3255975582	1.7573968052	0.0611389160	0.0040752152	0.0000211317
2.460000	-1.1474975586	1.3168321706	1.7344779469	0.0795043945	0.0065112345	0.0000481359
2.470000	-1.1379028320	1.2949550144	1.6775921914	0.0692749023	0.0049020637	0.0000259048
2.480000	-1.1252441406	1.2662736192	1.6039488274	0.0476135254	0.0025164435	0.0000089545
2.490000	-1.1132812500	1.2394824326	1.5367504706	0.0185302734	0.0004525397	0.0000004931
2.500000	-1.1113647461	1.2352111928	1.5261401930	0.0231323242	0.0008095410	0.0000012630
2.510000	-1.0998046875	1.2095774457	1.4631119029	0.0143676758	0.0002834141	0.0000001595
2.520000	-1.0975341797	1.2046569973	1.4515638423	0.0188049316	0.0004989473	0.0000004298
2.530000	-1.0831787109	1.1733512819	1.3771068486	0.0248352051	0.0010570949	0.0000026269
2.540000	-1.0748168945	1.1553780966	1.3355842506	0.0203002930	0.0005174797	0.0000004344
2.550000	-1.0616088867	1.1270698659	1.2705401491	0.0158752441	0.0002668714	0.0000000851
2.560000	-1.0549560547	1.1130209491	1.2392086702	0.0122070312	0.0001971122	0.0000000681
2.570000	-1.0523681641	1.1075582698	1.2270359891	0.0181335449	0.0004500860	0.0000003679
2.580000	-1.0421997070	1.0862510718	1.1802462517	0.0090820313	0.0001149882	0.0000000244
2.590000	-1.0426513672	1.0872079492	1.1823943261	0.0120544434	0.0002149111	0.0000000942
2.600000	-1.0322021484	1.0654929593	1.1354962051	0.0082519531	0.0001143128	0.0000000385
2.610000	-1.0188842773	1.0382127188	1.0782497540	0.0172607422	0.0004559845	0.0000004030
2.620000	-1.0175292969	1.0354887500	1.0727441903	0.0296997070	0.0011338867	0.0000022257
2.630000	-1.0092407227	1.0186896555	1.0382267290	0.0106750488	0.0001754379	0.0000000703
2.640000	-1.0036499023	1.0073266141	1.0147615368	0.0273559570	0.0010455545	0.0000022139
2.650000	-0.9896850586	0.9795080058	0.9595593687	0.0236755371	0.0006174551	0.0000005230
2.660000	-0.9837158203	0.9677176252	0.9365580960	0.0250183105	0.0008941164	0.0000015939
2.670000	-0.9834106445	0.9671113633	0.9353620438	0.0351074219	0.0015990030	0.0000037990
2.680000	-0.9784790039	0.9574418388	0.9167742061	0.0098022461	0.0001230020	0.0000000279
2.690000	-0.9609008789	0.9234072037	0.8529633682	0.0227294922	0.0005651224	0.0000003929
2.700000	-0.9649414063	0.9311848298	0.8673779046	0.0102661133	0.0001409221	0.0000000335
2.710000	-0.9584716797	0.9187117234	0.8441934344	0.0134094238	0.0002146130	0.0000000675
2.720000	-0.9470458984	0.8969623089	0.8047782465	0.0145324707	0.0004051568	0.0000005265
2.730000	-0.9441650391	0.8915089875	0.7950066130	0.0083740234	0.0001379881	0.0000000577
2.740000	-0.9351440430	0.8744985335	0.7647621982	0.0175048828	0.0003119990	0.0000001045
2.750000	-0.9343505859	0.8730393142	0.7622962875	0.0124389648	0.0002264857	0.0000001257
2.760000	-0.9263793945	0.8582284398	0.7367276072	0.0081481934	0.0001163034	0.0000000311
2.770000	-0.9219726563	0.8501133487	0.7229634093	0.0107543945	0.0001592409	0.0000000628
2.780000	-0.9217041016	0.8495762840	0.7219081615	0.0220458984	0.0007543046	0.0000013571
2.790000	-0.9125976562	0.8328635514	0.6937587575	0.0097229004	0.0001094976	0.0000000203
2.800000	-0.9064941406	0.8217546165	0.6753557656	0.0068237305	0.0000742797	0.0000000135
2.810000	-0.8995849609	0.8093056798	0.6551454919	0.0102172852	0.0001487546	0.0000000427
2.820000	-0.8998779297	0.8098668441	0.6561646563	0.0103027344	0.0001358792	0.0000000285
2.830000	-0.8969604492	0.8045530058	0.6473535990	0.0158020020	0.0003417419	0.0000002491
2.840000	-0.8866210937	0.7861333996	0.6181205448	0.0139160156	0.0002184074	0.0000000621
2.850000	-0.8843383789	0.7821044646	0.6118429727	0.0119201660	0.0001888501	0.0000000601
2.860000	-0.8737670898	0.7635039903	0.5830455119	0.0079406738	0.0001084452	0.0000000261
2.870000	-0.8726074219	0.7614860535	0.5799897393	0.0086364746	0.0001233334	0.0000000342
2.880000	-0.8635986328	0.7458324283	0.5563554118	0.0166198730	0.0004378384	0.0000004731
2.890000	-0.8636840820	0.7460265540	0.5567821731	0.0102172852	0.0001593709	0.0000000473
2.900000	-0.8597167969	0.7391292915	0.5463601491	0.0230285645	0.0006173747	0.0000004936
2.910000	-0.8562744141	0.7333272144	0.5381253121	0.0070373535	0.0001167888	0.0000000425
2.920000	-0.8492065430	0.7211746775	0.5201589769	0.0163940430	0.0003415834	0.0000002011
2.930000	-0.8454833984	0.7149489149	0.5114568092	0.0069213867	0.0000718158	0.0000000096
2.940000	-0.8450805664	0.7142864294	0.5105637473	0.0173217773	0.0003464717	0.0000001695
2.950000	-0.8312255859	0.6909842506	0.4775925795	0.0222412109	0.0005236421	0.0000003303
2.960000	-0.8338012695	0.6952853076	0.4835911178	0.0096923828	0.0001134731	0.0000000187
2.970000	-0.8280517578	0.6856747866	0.4701638486	0.0138183594	0.0002688471	0.0000001524
2.980000	-0.8308837891	0.6904552326	0.4769711390	0.0097412109	0.0001443710	0.0000000563
2.990000	-0.8230102539	0.6773803018	0.4589376965	0.0138488770	0.0002506865	0.0000001484
3.000000	-0.8144775391	0.6634020105	0.4401774199	0.0103393555	0.0001488887	0.0000000426

===== Performance statistics =====
# started on Mon Mar 24 18:24:07 2025


 Performance counter stats for './tiny_ising':

          3,479.44 msec task-clock                       #    1.000 CPUs utilized             
                25      context-switches                 #    7.185 /sec                      
                 0      cpu-migrations                   #    0.000 /sec                      
               142      page-faults                      #   40.811 /sec                      
    12,588,795,647      cycles                           #    3.618 GHz                       
       429,923,871      stalled-cycles-frontend          #    3.42% frontend cycles idle      
    32,074,282,080      instructions                     #    2.55  insn per cycle            
                                                  #    0.01  stalled cycles per insn   
     6,630,847,358      branches                         #    1.906 G/sec                     
        81,504,785      branch-misses                    #    1.23% of all branches           

       3.480959136 seconds time elapsed

       3.480377000 seconds user
       0.000000000 seconds sys


