===== Results for gcc, L=128, -O3 =====
===== Program output =====
# L: 128
# Minimum Temperature: 1.500000
# Maximum Temperature: 3.000000
# Temperature Step: 0.010000000000
# Equilibration Time: 5
# Measurement Time: 25
# Data Acquiring Step: 5
# Number of Points: 151
# Total Simulation Time (sec): 0.902839
# Temp	E	E^2	E^4	M	M^2	M^4
1.500000	-1.9474121094	3.7924508929	14.3832449735	0.9855468750	0.9713060260	0.9434485540
1.510000	-1.9507812500	3.8055791140	14.4829125838	0.9863037109	0.9727974743	0.9463444999
1.520000	-1.9488769531	3.7981540561	14.4264710988	0.9856933594	0.9715953410	0.9440128322
1.530000	-1.9453613281	3.7844419599	14.3221715166	0.9849609375	0.9701494455	0.9411953705
1.540000	-1.9401855469	3.7643271804	14.1702677626	0.9834228516	0.9671213776	0.9353271300
1.550000	-1.9450683594	3.7833419681	14.3144494457	0.9848876953	0.9700078160	0.9409308627
1.560000	-1.9364257813	3.7498154640	14.0621700968	0.9817382812	0.9638161123	0.9289648143
1.570000	-1.9341308594	3.7408882499	13.9946345624	0.9812011719	0.9627591074	0.9269180640
1.580000	-1.9331542969	3.7371241450	13.9666718736	0.9811035156	0.9625675082	0.9265492720
1.590000	-1.9331054688	3.7369008541	13.9644892904	0.9811279297	0.9626123101	0.9266235976
1.600000	-1.9273925781	3.7148662925	13.8005892041	0.9790527344	0.9585473299	0.9188247415
1.610000	-1.9290039062	3.7210843325	13.8468896550	0.9800292969	0.9604612768	0.9225006695
1.620000	-1.9199218750	3.6861342669	13.5880912193	0.9774414062	0.9553943932	0.9127887357
1.630000	-1.9193359375	3.6839007139	13.5718654126	0.9771240234	0.9547760695	0.9116153643
1.640000	-1.9188964844	3.6821744800	13.5585673959	0.9764648437	0.9534845352	0.9091363585
1.650000	-1.9086914062	3.6431370020	13.2729446242	0.9731201172	0.9469688088	0.8967728373
1.660000	-1.9072265625	3.6375857353	13.2330851984	0.9731933594	0.9471105337	0.8970381317
1.670000	-1.9020019531	3.6176330924	13.0875835682	0.9712646484	0.9433577985	0.8899344532
1.680000	-1.9045410156	3.6273239970	13.1581679602	0.9717285156	0.9442596853	0.8916390977
1.690000	-1.8980957031	3.6027849555	12.9803138473	0.9702636719	0.9414148152	0.8862739867
1.700000	-1.9006347656	3.6124367118	13.0500488648	0.9709716797	0.9427879542	0.8888564831
1.710000	-1.8998535156	3.6094786048	13.0288430909	0.9709960937	0.9428375661	0.8889583058
1.720000	-1.8928710937	3.5830326557	12.8391564387	0.9686767578	0.9383406371	0.8805056613
1.730000	-1.8877441406	3.5637161851	12.7020333418	0.9672851562	0.9356622279	0.8755443988
1.740000	-1.8873535156	3.5621463180	12.6895003326	0.9661376953	0.9334250599	0.8712935893
1.750000	-1.8751953125	3.5164901018	12.3675618854	0.9620117188	0.9254862607	0.8565975360
1.760000	-1.8704101562	3.4984803438	12.2400096322	0.9592529297	0.9201761454	0.8467606977
1.770000	-1.8701171875	3.4974005938	12.2326841217	0.9604248047	0.9224250525	0.8509021330
1.780000	-1.8651855469	3.4790136218	12.1048803950	0.9589111328	0.9195273191	0.8455921665
1.790000	-1.8626953125	3.4697093964	12.0399318815	0.9583251953	0.9184039265	0.8435269915
1.800000	-1.8541015625	3.4377690315	11.8193069608	0.9552490234	0.9125078350	0.8326966165
1.810000	-1.8616210937	3.4656603575	12.0111786298	0.9584228516	0.9185751289	0.8437830828
1.820000	-1.8517578125	3.4290318727	11.7586014172	0.9543212891	0.9107337683	0.8294529614
1.830000	-1.8496093750	3.4211227417	11.7050044601	0.9527832031	0.9078122437	0.8241824640
1.840000	-1.8259277344	3.3340245605	11.1158861850	0.9455810547	0.8941289991	0.7994862546
1.850000	-1.8316894531	3.3551292062	11.2574679613	0.9470458984	0.8969013602	0.8044515071
1.860000	-1.8249023438	3.3303710222	11.0927448992	0.9443603516	0.8918320924	0.7954203584
1.870000	-1.8362792969	3.3719251513	11.3699263860	0.9490234375	0.9006476045	0.8111737496
1.880000	-1.8264648437	3.3360236883	11.1297198616	0.9445312500	0.8921470463	0.7959540658
1.890000	-1.8172851563	3.3025571585	10.9073029721	0.9417480469	0.8868937790	0.7865961756
1.900000	-1.8107421875	3.2788222790	10.7511349612	0.9370117188	0.8780006468	0.7709190754
1.910000	-1.8068847656	3.2650445819	10.6632729105	0.9365478516	0.8771473795	0.7694764898
1.920000	-1.8015625000	3.2456996679	10.5355032483	0.9354492187	0.8750854790	0.7658453632
1.930000	-1.7947753906	3.2213672519	10.3791148311	0.9322021484	0.8690399677	0.7553662529
1.940000	-1.7872070312	3.1941465139	10.2030505996	0.9287841797	0.8626571149	0.7442361958
1.950000	-1.7729492188	3.1435536861	9.8844747971	0.9225830078	0.8512513131	0.7249375303
1.960000	-1.7736816406	3.1460861087	9.8996089206	0.9234375000	0.8527878940	0.7274199674
1.970000	-1.7668945312	3.1219905376	9.7477499906	0.9228027344	0.8515688002	0.7251827449
1.980000	-1.7608886719	3.1007841945	9.6155483639	0.9182373047	0.8431737691	0.7109892268
1.990000	-1.7411132813	3.0316495895	9.1930085557	0.9055419922	0.8200827092	0.6727838012
2.000000	-1.7479003906	3.0553266644	9.3370867706	0.9148437500	0.8369824648	0.7006839440
2.010000	-1.7320312500	3.0000898838	9.0024455131	0.9065673828	0.8218935400	0.6756046320
2.020000	-1.7329589844	3.0032523513	9.0207899628	0.9048339844	0.8187335789	0.6703542687
2.030000	-1.7206054688	2.9605877876	8.7663261712	0.9002929687	0.8105690420	0.6571572159
2.040000	-1.7151855469	2.9419456363	8.6560313643	0.8969970703	0.8046068877	0.6474023708
2.050000	-1.7167968750	2.9474749088	8.6885890589	0.8959716797	0.8028124720	0.6446592920
2.060000	-1.6931640625	2.8670405865	8.2226348836	0.8895507812	0.7913279831	0.6262865849
2.070000	-1.6892578125	2.8537388802	8.1455028470	0.8860595703	0.7851141542	0.6164437822
2.080000	-1.6797851562	2.8218836069	7.9653384130	0.8786132813	0.7719830155	0.5960246452
2.090000	-1.6724121094	2.7970544696	7.8245420048	0.8688232422	0.7549124926	0.5700681264
2.100000	-1.6718750000	2.7952893972	7.8150181100	0.8729736328	0.7621451885	0.5810537502
2.110000	-1.6542480469	2.7367121339	7.4915207865	0.8684326172	0.7542497307	0.5691181130
2.120000	-1.6362304688	2.6775857210	7.1731152846	0.8527343750	0.7274018943	0.5298391966
2.130000	-1.6393554688	2.6875487566	7.2235889764	0.8556640625	0.7321945846	0.5362072463
2.140000	-1.6090820313	2.5892964125	6.7060353909	0.8339111328	0.6954928607	0.4839487501
2.150000	-1.6105468750	2.5939115286	6.7288997755	0.8429687500	0.7106216252	0.5050549752
2.160000	-1.5995605469	2.5589404941	6.5517016635	0.8299804687	0.6890976846	0.4754856733
2.170000	-1.5806152344	2.4983889699	6.2423905918	0.8231201172	0.6776110798	0.4593844419
2.180000	-1.5569824219	2.4244098067	5.8798447577	0.7997558594	0.6397361994	0.4095881889
2.190000	-1.5470214844	2.3933278441	5.7285185696	0.7734130859	0.5983538955	0.3584720392
2.200000	-1.5450683594	2.3873478293	5.7004957491	0.7886718750	0.6221266925	0.3873456339
2.210000	-1.5375976562	2.3642801046	5.5905127362	0.7823730469	0.6121827543	0.3749512704
2.220000	-1.5319335938	2.3469701290	5.5096645930	0.7803955078	0.6090977997	0.3711967405
2.230000	-1.5021972656	2.2568773150	5.0960308155	0.7489990234	0.5610538334	0.3149032935
2.240000	-1.4924804687	2.2277219296	4.9647425991	0.7468994141	0.5581616014	0.3122216068
2.250000	-1.4671386719	2.1527287364	4.6362565997	0.6802001953	0.4635120124	0.2164151172
2.260000	-1.4479003906	2.0967523217	4.3991681140	0.6443603516	0.4156664461	0.1735455224
2.270000	-1.4285156250	2.0407370090	4.1652609139	0.6399169922	0.4096415848	0.1680495522
2.280000	-1.3991699219	1.9578118682	3.8340867885	0.5780517578	0.3343451411	0.1120514663
2.290000	-1.3867675781	1.9232558131	3.6999270790	0.5221923828	0.2739229113	0.0763112945
2.300000	-1.3499023437	1.8230247259	3.3290277004	0.4054443359	0.1646169573	0.0272502010
2.310000	-1.3323730469	1.7755836844	3.1552754159	0.4368652344	0.1916547000	0.0373437571
2.320000	-1.3197753906	1.7423886418	3.0399304743	0.4822021484	0.2330034643	0.0547229075
2.330000	-1.3361816406	1.7857521415	3.1915756454	0.5175781250	0.2686538517	0.0729729419
2.340000	-1.3022460938	1.6965550900	2.8831624514	0.4322998047	0.1872915298	0.0353797449
2.350000	-1.2834472656	1.6474549651	2.7155532294	0.2723388672	0.0759993225	0.0063789309
2.360000	-1.2623535156	1.5940041423	2.5438429125	0.1805419922	0.0332333893	0.0011927813
2.370000	-1.2414062500	1.5412030220	2.3760067869	0.2520019531	0.0651000082	0.0046356667
2.380000	-1.2585449219	1.5840937972	2.5103445468	0.2793212891	0.0782013327	0.0061707824
2.390000	-1.2289550781	1.5104700923	2.2823540517	0.3095703125	0.0965401828	0.0096002308
2.400000	-1.2229492187	1.4959767103	2.2401711340	0.2717529297	0.0744725913	0.0057302878
2.410000	-1.2073730469	1.4579954743	2.1271906751	0.2269042969	0.0553641260	0.0037603165
2.420000	-1.1927246094	1.4226446986	2.0242188286	0.0693603516	0.0062044889	0.0000626971
2.430000	-1.1820800781	1.3974361300	1.9535162767	0.0336181641	0.0017257065	0.0000065855
2.440000	-1.1648437500	1.3579530239	1.8499768000	0.0656738281	0.0050988317	0.0000355626
2.450000	-1.1558593750	1.3366189957	1.7897454660	0.0268554688	0.0010985553	0.0000027468
2.460000	-1.1432128906	1.3071576953	1.7098194128	0.0598144531	0.0049734116	0.0000394725
2.470000	-1.1251953125	1.2665345907	1.6064466234	0.0179443359	0.0004435390	0.0000003213
2.480000	-1.1188964844	1.2523393273	1.5704284967	0.0306396484	0.0010627538	0.0000015739
2.490000	-1.1185058594	1.2511624694	1.5659472254	0.0700927734	0.0052043945	0.0000328319
2.500000	-1.1055664062	1.2224132538	1.4949524625	0.0619628906	0.0038806319	0.0000156961
2.510000	-1.0946289063	1.1982940435	1.4363011101	0.1125244141	0.0128204674	0.0001725352
2.520000	-1.0893554688	1.1868906736	1.4096311181	0.0366210938	0.0014918685	0.0000030214
2.530000	-1.0993164063	1.2088794470	1.4632455887	0.0411132813	0.0023938894	0.0000118419
2.540000	-1.0625488281	1.1290896297	1.2752030385	0.0430908203	0.0019210964	0.0000042381
2.550000	-1.0459472656	1.0940597653	1.1972029949	0.0747558594	0.0057799697	0.0000376542
2.560000	-1.0491699219	1.1010054231	1.2133261921	0.0684082031	0.0048729360	0.0000273045
2.570000	-1.0408691406	1.0836998820	1.1756671783	0.0359863281	0.0017588317	0.0000068735
2.580000	-1.0396972656	1.0811411738	1.1695977889	0.0142822266	0.0003251106	0.0000002970
2.590000	-1.0373535156	1.0762506366	1.1589557655	0.0195312500	0.0004667222	0.0000003753
2.600000	-1.0311523438	1.0633339167	1.1309293272	0.0544433594	0.0037273347	0.0000197238
2.610000	-1.0267578125	1.0544108629	1.1125352312	0.0358154297	0.0016682059	0.0000058897
2.620000	-1.0189453125	1.0384561062	1.0792556542	0.0303955078	0.0011450022	0.0000020749
2.630000	-1.0042480469	1.0087130904	1.0183067349	0.0696044922	0.0060646564	0.0000552398
2.640000	-1.0040527344	1.0083450675	1.0176534269	0.0133789062	0.0003058970	0.0000003089
2.650000	-0.9931152344	0.9871985316	0.9782164393	0.0270019531	0.0012734294	0.0000041081
2.660000	-0.9816406250	0.9637785435	0.9294830974	0.0335693359	0.0014704674	0.0000036126
2.670000	-0.9801757813	0.9607808352	0.9232391943	0.0201171875	0.0007699013	0.0000021452
2.680000	-0.9689453125	0.9390016556	0.8822717417	0.0311767578	0.0012938529	0.0000031389
2.690000	-0.9753906250	0.9514982462	0.9057758583	0.0353759766	0.0015478104	0.0000035555
2.700000	-0.9571777344	0.9163007140	0.8400140509	0.0400878906	0.0022426724	0.0000115591
2.710000	-0.9758789062	0.9524977207	0.9078461301	0.0296386719	0.0011717558	0.0000023706
2.720000	-0.9572265625	0.9163997650	0.8402194138	0.0128417969	0.0002262175	0.0000000977
2.730000	-0.9340332031	0.8727806926	0.7630145940	0.0297607422	0.0012122065	0.0000025789
2.740000	-0.9489746094	0.9008340955	0.8125022721	0.0254150391	0.0010567158	0.0000031392
2.750000	-0.9294921875	0.8640632868	0.7469798925	0.0292724609	0.0015260667	0.0000070883
2.760000	-0.9341796875	0.8728893042	0.7626325669	0.0486328125	0.0027448595	0.0000111132
2.770000	-0.9305664062	0.8660197020	0.7502196604	0.0309082031	0.0010857999	0.0000016489
2.780000	-0.9251464844	0.8560092568	0.7331410175	0.0323730469	0.0014584959	0.0000044289
2.790000	-0.9196777344	0.8461405635	0.7170899719	0.0361328125	0.0016308010	0.0000039901
2.800000	-0.9041992187	0.8177188158	0.6691349215	0.0134765625	0.0003454745	0.0000002979
2.810000	-0.9141113281	0.8360050797	0.7002452289	0.0293212891	0.0011216551	0.0000028147
2.820000	-0.8901855469	0.7928534389	0.6299732646	0.0307373047	0.0012257427	0.0000026236
2.830000	-0.8901855469	0.7926533341	0.6290119493	0.0215087891	0.0005960494	0.0000005971
2.840000	-0.8877441406	0.7882754207	0.6219723881	0.0427001953	0.0022271067	0.0000072719
2.850000	-0.8844238281	0.7822584748	0.6120933774	0.0157958984	0.0004886955	0.0000008208
2.860000	-0.8683593750	0.7541643381	0.5691164690	0.0200439453	0.0008127481	0.0000025636
2.870000	-0.8653320313	0.7489205122	0.5612445606	0.0252197266	0.0012649685	0.0000046002
2.880000	-0.8685058594	0.7545627952	0.5701449088	0.0183593750	0.0006217659	0.0000014224
2.890000	-0.8549804688	0.7310026407	0.5343971495	0.0157958984	0.0003419727	0.0000002037
2.900000	-0.8672363281	0.7521463275	0.5658658091	0.0335449219	0.0017229736	0.0000065538
2.910000	-0.8688964844	0.7550733209	0.5704169852	0.0225341797	0.0008152157	0.0000014903
2.920000	-0.8563964844	0.7335660100	0.5385638627	0.0190185547	0.0005812079	0.0000009972
2.930000	-0.8484375000	0.7202374220	0.5198686095	0.0237548828	0.0007387608	0.0000011730
2.940000	-0.8498046875	0.7222837210	0.5220287567	0.0202636719	0.0005517900	0.0000006109
2.950000	-0.8351562500	0.6975260496	0.4866547393	0.0257324219	0.0007698238	0.0000009075
2.960000	-0.8389648438	0.7040336847	0.4961507407	0.0277832031	0.0010817468	0.0000025316
2.970000	-0.8288574219	0.6871393085	0.4725310605	0.0148925781	0.0003526151	0.0000003148
2.980000	-0.8245605469	0.6800706506	0.4629597715	0.0187011719	0.0005931735	0.0000008617
2.990000	-0.8141113281	0.6631040454	0.4405469603	0.0255859375	0.0008313656	0.0000011757
3.000000	-0.8108398437	0.6575675488	0.4326733095	0.0049316406	0.0000536323	0.0000000105

===== Performance statistics =====
# started on Mon Mar 24 18:17:59 2025


 Performance counter stats for './tiny_ising':

            903.90 msec task-clock                       #    0.999 CPUs utilized             
                 1      context-switches                 #    1.106 /sec                      
                 0      cpu-migrations                   #    0.000 /sec                      
                91      page-faults                      #  100.675 /sec                      
     3,265,395,826      cycles                           #    3.613 GHz                       
        87,810,775      stalled-cycles-frontend          #    2.69% frontend cycles idle      
     9,503,966,482      instructions                     #    2.91  insn per cycle            
                                                  #    0.01  stalled cycles per insn   
     1,600,670,105      branches                         #    1.771 G/sec                     
        20,859,186      branch-misses                    #    1.30% of all branches           

       0.904891728 seconds time elapsed

       0.901056000 seconds user
       0.003986000 seconds sys


