===== Results for gcc, L=256, -O3 =====
===== Program output =====
# L: 256
# Minimum Temperature: 1.500000
# Maximum Temperature: 3.000000
# Temperature Step: 0.010000000000
# Equilibration Time: 5
# Measurement Time: 25
# Data Acquiring Step: 5
# Number of Points: 151
# Total Simulation Time (sec): 3.574811
# Temp	E	E^2	E^4	M	M^2	M^4
1.500000	-1.9512084961	3.8072156526	14.4949071288	0.9864624023	0.9731082063	0.9469401070
1.510000	-1.9489135742	3.7982750110	14.4270585173	0.9859863281	0.9721699554	0.9451179857
1.520000	-1.9470336914	3.7909493230	14.3714351477	0.9852172852	0.9706540819	0.9421731608
1.530000	-1.9424560547	3.7731394604	14.2366408247	0.9839111328	0.9680813473	0.9371823859
1.540000	-1.9426879883	3.7740405954	14.2434423940	0.9840759277	0.9684057781	0.9378110927
1.550000	-1.9388061523	3.7589780040	14.1300465038	0.9828369141	0.9659692496	0.9330998751
1.560000	-1.9376098633	3.7543401815	14.0951933332	0.9824523926	0.9652133955	0.9316395690
1.570000	-1.9348999023	3.7438510619	14.0166220651	0.9816162109	0.9635719374	0.9284768609
1.580000	-1.9328247070	3.7358309321	13.9567248797	0.9810302734	0.9624222584	0.9262637621
1.590000	-1.9296264648	3.7234721042	13.8644500149	0.9801025391	0.9606020290	0.9227602604
1.600000	-1.9308593750	3.7282231793	13.8997264194	0.9805969238	0.9615709802	0.9246212627
1.610000	-1.9249023437	3.7052582428	13.7290750780	0.9787353516	0.9579236008	0.9176203528
1.620000	-1.9210205078	3.6903258905	13.6185952548	0.9773437500	0.9552016113	0.9124131966
1.630000	-1.9208740234	3.6897763386	13.6147349131	0.9772827148	0.9550830856	0.9121897421
1.640000	-1.9183715820	3.6801648311	13.5438384009	0.9764526367	0.9534616336	0.9090962630
1.650000	-1.9162841797	3.6721564934	13.4849013020	0.9757568359	0.9521028865	0.9065055587
1.660000	-1.9091918945	3.6450309269	13.2865018717	0.9736328125	0.9479628287	0.8986410179
1.670000	-1.9064941406	3.6347221404	13.2112374720	0.9728515625	0.9464404766	0.8957507635
1.680000	-1.9038208008	3.6245401599	13.1373860137	0.9720642090	0.9449095583	0.8928568420
1.690000	-1.9025878906	3.6198546410	13.1035498722	0.9716735840	0.9441508269	0.8914255934
1.700000	-1.8964843750	3.5966542512	12.9359400322	0.9694458008	0.9398256909	0.8832743220
1.710000	-1.8968017578	3.5978753611	12.9449730529	0.9692016602	0.9393533088	0.8823900964
1.720000	-1.8900268555	3.5722241364	12.7611079443	0.9673828125	0.9358321205	0.8757915390
1.730000	-1.8885864258	3.5667775534	12.7221708709	0.9669372559	0.9349695070	0.8741748953
1.740000	-1.8818725586	3.5414598338	12.5421576092	0.9644592285	0.9301834820	0.8652483017
1.750000	-1.8807861328	3.5373696789	12.5131711897	0.9644165039	0.9301005337	0.8650919973
1.760000	-1.8751831055	3.5163178690	12.3645784016	0.9620117188	0.9254685178	0.8564992647
1.770000	-1.8702514648	3.4978514783	12.2351182747	0.9610229492	0.9235664181	0.8529797663
1.780000	-1.8673095703	3.4868543640	12.1582834212	0.9606872559	0.9229213333	0.8517886952
1.790000	-1.8646606445	3.4769744821	12.0895625774	0.9584289551	0.9185892275	0.8438177984
1.800000	-1.8558959961	3.4443558149	11.8636679089	0.9558105469	0.9135741957	0.8346192520
1.810000	-1.8559814453	3.4446965709	11.8663405482	0.9555725098	0.9131222224	0.8338046170
1.820000	-1.8511230469	3.4266689166	11.7422297276	0.9539001465	0.9099270685	0.8279730211
1.830000	-1.8478759766	3.4146978050	11.6608740139	0.9527221680	0.9076851171	0.8239125598
1.840000	-1.8408935547	3.3888923243	11.4846351580	0.9506347656	0.9037065957	0.8166861101
1.850000	-1.8359619141	3.3707834870	11.3625501151	0.9488647461	0.9003481563	0.8106406724
1.860000	-1.8318603516	3.3557302609	11.2611656968	0.9473266602	0.8974290621	0.8053834459
1.870000	-1.8265258789	3.3362276666	11.1308285328	0.9442626953	0.8916380119	0.7950397294
1.880000	-1.8205322266	3.3143419832	10.9849210278	0.9420349121	0.8874327959	0.7875476859
1.890000	-1.8171142578	3.3019073814	10.9026340655	0.9415344238	0.8864872282	0.7858601625
1.900000	-1.8046997070	3.2569637738	10.6081098974	0.9372253418	0.8783933768	0.7715820896
1.910000	-1.8043579102	3.2557404079	10.6002741244	0.9356018066	0.8753551079	0.7662618433
1.920000	-1.7958129883	3.2249794059	10.4009452929	0.9333862305	0.8712129209	0.7590226406
1.930000	-1.7899414063	3.2039471805	10.2660069954	0.9307128906	0.8662363563	0.7503995647
1.940000	-1.7865234375	3.1916840851	10.1870782634	0.9293762207	0.8637426252	0.7460598558
1.950000	-1.7743164063	3.1482187808	9.9115344963	0.9229431152	0.8518301805	0.7256357401
1.960000	-1.7750976563	3.1509895831	9.9289616090	0.9238464355	0.8534990219	0.7284837620
1.970000	-1.7688964844	3.1290262356	9.7911974265	0.9197875977	0.8460168261	0.7157701404
1.980000	-1.7577880859	3.0898599461	9.5477402163	0.9181701660	0.8430404244	0.7107305486
1.990000	-1.7539428711	3.0763345174	9.4640665710	0.9159179687	0.8389113899	0.7037912812
2.000000	-1.7485839844	3.0575605363	9.3488549569	0.9135559082	0.8345857704	0.6965379940
2.010000	-1.7365722656	3.0157199904	9.0950096365	0.9070922852	0.8228247449	0.6770679390
2.020000	-1.7306640625	2.9952241227	8.9716785478	0.9058471680	0.8205646202	0.6733444289
2.030000	-1.7222290039	2.9660927750	8.7979438321	0.8998840332	0.8097971847	0.6557906122
2.040000	-1.7163696289	2.9459888451	8.6796063547	0.8972961426	0.8051678529	0.6483838259
2.050000	-1.7119995117	2.9309685580	8.5908845051	0.8977905273	0.8060386468	0.6497332815
2.060000	-1.7026977539	2.8992141269	8.4058421332	0.8907226563	0.7933924984	0.6294895589
2.070000	-1.6951904297	2.8737330884	8.2590618922	0.8862976074	0.7855396634	0.6171234290
2.080000	-1.6795654297	2.8209953055	7.9586398038	0.8738830566	0.7636991357	0.5833206044
2.090000	-1.6651245117	2.7726836048	7.6882593309	0.8721313477	0.7606287409	0.5786034745
2.100000	-1.6610107422	2.7589959100	7.6124920656	0.8668151855	0.7513919888	0.5646602402
2.110000	-1.6543334961	2.7368349217	7.4904363802	0.8652648926	0.7486911958	0.5605620595
2.120000	-1.6419311523	2.6959472410	7.2682320487	0.8555480957	0.7319736002	0.5358177498
2.130000	-1.6320434570	2.6636744641	7.0963094458	0.8481750488	0.7194276189	0.5176522631
2.140000	-1.6179199219	2.6176762402	6.8523479541	0.8423828125	0.7096174948	0.5035816142
2.150000	-1.6069824219	2.5825111598	6.6705840174	0.8338500977	0.6953585479	0.4836688071
2.160000	-1.5947753906	2.5433614269	6.4692265046	0.8270202637	0.6839852510	0.4678985244
2.170000	-1.5901367187	2.5285653412	6.3939510189	0.8262817383	0.6827674661	0.4662423163
2.180000	-1.5747924805	2.4800637417	6.1516335097	0.8064331055	0.6503509577	0.4229996330
2.190000	-1.5559326172	2.4210345104	5.8624517721	0.7941040039	0.6306146454	0.3977087799
2.200000	-1.5497924805	2.4018736444	5.7691590650	0.7969726563	0.6351685982	0.4034472366
2.210000	-1.5452148437	2.3877072513	5.7013210512	0.7922729492	0.6277326990	0.3941398936
2.220000	-1.5124145508	2.2875238217	5.2339245885	0.7506652832	0.5635862941	0.3178279129
2.230000	-1.5063232422	2.2691318944	5.1500682971	0.7386840820	0.5458054665	0.2982369321
2.240000	-1.4718261719	2.1662972897	4.6930614050	0.6941101074	0.4818846894	0.2323983962
2.250000	-1.4661376953	2.1495865047	4.6209525950	0.6876464844	0.4729881056	0.2239622016
2.260000	-1.4451293945	2.0885021694	4.3627047328	0.6584716797	0.4336529039	0.1881722482
2.270000	-1.4322875977	2.0514665641	4.2086692282	0.6268066406	0.3931107387	0.1548909148
2.280000	-1.4023071289	1.9665533058	3.8680228375	0.5632873535	0.3173905840	0.1008636039
2.290000	-1.4009887695	1.9629207842	3.8542535265	0.5658935547	0.3204845935	0.1030299983
2.300000	-1.3752075195	1.8913602822	3.5784834108	0.5547912598	0.3080000369	0.0951182103
2.310000	-1.3571533203	1.8419469133	3.3933710540	0.5218750000	0.2724007219	0.0742537873
2.320000	-1.3279541016	1.7635857597	3.1111047165	0.4519348145	0.2047099037	0.0422873491
2.330000	-1.3131591797	1.7244866520	2.9745418135	0.4057922363	0.1650666403	0.0275131481
2.340000	-1.2835571289	1.6476196103	2.7153176451	0.3453308105	0.1195494404	0.0144371125
2.350000	-1.2731689453	1.6210108206	2.6280125183	0.2557922363	0.0662303617	0.0045967797
2.360000	-1.2521850586	1.5680353634	2.4591631009	0.1955993652	0.0384995120	0.0015208193
2.370000	-1.2420654297	1.5427948385	2.3806374950	0.1381958008	0.0193703309	0.0003944123
2.380000	-1.2232177734	1.4963194236	2.2393173997	0.0516357422	0.0028731145	0.0000106597
2.390000	-1.2159912109	1.4786653444	2.1866338030	0.0113403320	0.0001833800	0.0000000661
2.400000	-1.1972534180	1.4334665246	2.0551167929	0.0080322266	0.0000980604	0.0000000207
2.410000	-1.1869995117	1.4090191744	1.9856248630	0.0108886719	0.0001767304	0.0000000892
2.420000	-1.1749389648	1.3805001073	1.9058829009	0.0235778809	0.0005821964	0.0000004082
2.430000	-1.1823364258	1.3979553767	1.9544814741	0.0247680664	0.0006337572	0.0000004580
2.440000	-1.1597778320	1.3451052256	1.8094191074	0.0262329102	0.0008313641	0.0000010152
2.450000	-1.1584960937	1.3421389714	1.8014755751	0.0292541504	0.0009773163	0.0000013326
2.460000	-1.1467773437	1.3151228651	1.7296782557	0.0191711426	0.0003708677	0.0000001422
2.470000	-1.1316650391	1.2807508871	1.6407634368	0.0157470703	0.0004484590	0.0000006022
2.480000	-1.1209838867	1.2566110395	1.5791022921	0.0348693848	0.0013336485	0.0000025185
2.490000	-1.1134155273	1.2397099487	1.5369587645	0.0589233398	0.0035952780	0.0000146153
2.500000	-1.1128051758	1.2383631788	1.5336810546	0.0370544434	0.0014466809	0.0000024352
2.510000	-1.0970214844	1.2034719989	1.4484210736	0.0462158203	0.0022474740	0.0000059319
2.520000	-1.0938598633	1.1965704598	1.4319768450	0.0148925781	0.0004442308	0.0000004928
2.530000	-1.0894653320	1.1869879447	1.4091938393	0.0298889160	0.0011434598	0.0000017988
2.540000	-1.0767211914	1.1594113268	1.3446198628	0.0690795898	0.0048164953	0.0000240952
2.550000	-1.0697875977	1.1445187040	1.3102579366	0.0158447266	0.0003909316	0.0000002955
2.560000	-1.0546264648	1.1123289563	1.2376859783	0.0311828613	0.0010953018	0.0000017192
2.570000	-1.0494750977	1.1015047185	1.2137842581	0.0114562988	0.0001871260	0.0000000664
2.580000	-1.0436401367	1.0891919069	1.1863702602	0.0278747559	0.0009806776	0.0000016061
2.590000	-1.0425537109	1.0869350448	1.1815008497	0.0207214355	0.0005266173	0.0000004080
2.600000	-1.0316406250	1.0642936587	1.1327689275	0.0197143555	0.0005048886	0.0000005191
2.610000	-1.0288085938	1.0585679933	1.1210792388	0.0166076660	0.0005716780	0.0000009742
2.620000	-1.0192016602	1.0388050087	1.0792530594	0.0210021973	0.0005442949	0.0000005983
2.630000	-1.0093017578	1.0187146530	1.0378803810	0.0133422852	0.0002454057	0.0000001017
2.640000	-1.0021362305	1.0043052666	1.0087428283	0.0066162109	0.0000776067	0.0000000182
2.650000	-0.9906494141	0.9813956544	0.9631743205	0.0170654297	0.0004065119	0.0000003639
2.660000	-0.9848754883	0.9699891292	0.9409153500	0.0159423828	0.0002975170	0.0000001551
2.670000	-0.9744018555	0.9495338030	0.9018984379	0.0121826172	0.0002169568	0.0000001172
2.680000	-0.9733154297	0.9473741621	0.8976364501	0.0188110352	0.0004379947	0.0000002547
2.690000	-0.9718383789	0.9445935987	0.8927238572	0.0143493652	0.0003626676	0.0000004506
2.700000	-0.9630004883	0.9274630420	0.8605315352	0.0067138672	0.0000654381	0.0000000115
2.710000	-0.9555175781	0.9130994350	0.8340598926	0.0087097168	0.0001103608	0.0000000209
2.720000	-0.9524291992	0.9071965866	0.8232766760	0.0179931641	0.0003408685	0.0000001344
2.730000	-0.9392944336	0.8822958745	0.7785234914	0.0088500977	0.0001168501	0.0000000370
2.740000	-0.9385253906	0.8808412522	0.7759211805	0.0132995605	0.0002884520	0.0000001551
2.750000	-0.9371948242	0.8784031264	0.7718337257	0.0127319336	0.0002671164	0.0000001807
2.760000	-0.9203369141	0.8471697167	0.7182117541	0.0079833984	0.0001208719	0.0000000410
2.770000	-0.9320800781	0.8688575208	0.7552073298	0.0232788086	0.0007615779	0.0000012373
2.780000	-0.9185058594	0.8436898544	0.7119375597	0.0140258789	0.0003842171	0.0000004043
2.790000	-0.9151733398	0.8376124196	0.7018290069	0.0062988281	0.0000474751	0.0000000042
2.800000	-0.9057250977	0.8204259329	0.6733847340	0.0094726562	0.0001502831	0.0000000679
2.810000	-0.9036743164	0.8167781942	0.6676229143	0.0114990234	0.0002280917	0.0000001531
2.820000	-0.8967041016	0.8040891454	0.6465944909	0.0159423828	0.0003182139	0.0000001954
2.830000	-0.8950683594	0.8011641055	0.6419176243	0.0090209961	0.0001236875	0.0000000404
2.840000	-0.8844848633	0.7823492967	0.6121832365	0.0158325195	0.0003335755	0.0000002165
2.850000	-0.8869018555	0.7866032220	0.6187708372	0.0094421387	0.0001283472	0.0000000371
2.860000	-0.8692260742	0.7555931769	0.5710392280	0.0143249512	0.0003690189	0.0000003225
2.870000	-0.8757812500	0.7670346990	0.5884707634	0.0137817383	0.0002653014	0.0000001332
2.880000	-0.8661132812	0.7501991212	0.5629394416	0.0120483398	0.0001862071	0.0000000517
2.890000	-0.8671997070	0.7520780109	0.5657499886	0.0125793457	0.0002224168	0.0000000878
2.900000	-0.8642700195	0.7469766878	0.5580160796	0.0135498047	0.0002208758	0.0000000916
2.910000	-0.8545043945	0.7302496888	0.5334751750	0.0137878418	0.0002602657	0.0000001425
2.920000	-0.8521484375	0.7262026548	0.5275032061	0.0053283691	0.0000427691	0.0000000031
2.930000	-0.8433959961	0.7113533460	0.5061270353	0.0070007324	0.0000925263	0.0000000240
2.940000	-0.8440429687	0.7124763653	0.5078141699	0.0079101562	0.0000958379	0.0000000200
2.950000	-0.8357543945	0.6985609271	0.4881979533	0.0082885742	0.0002365727	0.0000002710
2.960000	-0.8337158203	0.6951372176	0.4833682886	0.0140808105	0.0002513619	0.0000001087
2.970000	-0.8341064453	0.6957662821	0.4841817085	0.0164550781	0.0003095765	0.0000001321
2.980000	-0.8269653320	0.6839093842	0.4678353245	0.0155212402	0.0003764102	0.0000003145
2.990000	-0.8227661133	0.6769984387	0.4584725907	0.0066589355	0.0000516264	0.0000000041
3.000000	-0.8201293945	0.6726350866	0.4524994899	0.0087341309	0.0001219055	0.0000000367

===== Performance statistics =====
# started on Mon Mar 24 18:18:14 2025


 Performance counter stats for './tiny_ising':

          3,575.38 msec task-clock                       #    1.000 CPUs utilized             
                25      context-switches                 #    6.992 /sec                      
                 0      cpu-migrations                   #    0.000 /sec                      
               140      page-faults                      #   39.157 /sec                      
    12,832,648,586      cycles                           #    3.589 GHz                       
       346,257,074      stalled-cycles-frontend          #    2.70% frontend cycles idle      
    37,628,515,899      instructions                     #    2.93  insn per cycle            
                                                  #    0.01  stalled cycles per insn   
     6,397,280,759      branches                         #    1.789 G/sec                     
        81,663,717      branch-misses                    #    1.28% of all branches           

       3.576926813 seconds time elapsed

       3.576616000 seconds user
       0.000000000 seconds sys


