===== Results for gcc, L=128, -O2 =====
===== Program output =====
# L: 128
# Minimum Temperature: 1.500000
# Maximum Temperature: 3.000000
# Temperature Step: 0.010000000000
# Equilibration Time: 5
# Measurement Time: 25
# Data Acquiring Step: 5
# Number of Points: 151
# Total Simulation Time (sec): 0.889375
# Temp	E	E^2	E^4	M	M^2	M^4
1.500000	-1.9488769531	3.7981704593	14.4268414235	0.9859375000	0.9720759988	0.9449443401
1.510000	-1.9471679688	3.7914801598	14.3755806474	0.9851562500	0.9705343843	0.9419429966
1.520000	-1.9499511719	3.8023203731	14.4578046133	0.9861816406	0.9725553870	0.9458684903
1.530000	-1.9469726563	3.7907036304	14.3694507920	0.9853759766	0.9709659606	0.9427754616
1.540000	-1.9448242188	3.7824013948	14.3074698777	0.9846679687	0.9695761859	0.9400980462
1.550000	-1.9394531250	3.7614975452	14.1491521478	0.9833007812	0.9668825507	0.9348700886
1.560000	-1.9399902344	3.7636055350	14.1653809865	0.9834472656	0.9671717227	0.9354335183
1.570000	-1.9359863281	3.7480471730	14.0479192972	0.9817871094	0.9639064252	0.9291175150
1.580000	-1.9317382812	3.7316355467	13.9254426860	0.9807128906	0.9618002951	0.9250694969
1.590000	-1.9314941406	3.7307089925	13.9187776881	0.9808593750	0.9620886385	0.9256281220
1.600000	-1.9294921875	3.7229555845	13.8606286205	0.9803222656	0.9610338032	0.9235938820
1.610000	-1.9301757812	3.7255870819	13.8801262332	0.9800292969	0.9604584038	0.9224841104
1.620000	-1.9222656250	3.6951327085	13.6544136589	0.9773925781	0.9552984536	0.9126035608
1.630000	-1.9198730469	3.6859849334	13.5875534911	0.9773437500	0.9552086592	0.9124535824
1.640000	-1.9150390625	3.6674071312	13.4503534800	0.9756835938	0.9519614279	0.9062418208
1.650000	-1.9174316406	3.6765639901	13.5174151995	0.9760986328	0.9527705163	0.9077791772
1.660000	-1.9087402344	3.6433260560	13.2743613137	0.9737548828	0.9482013077	0.8990960954
1.670000	-1.8997070312	3.6089306355	13.0250120163	0.9703857422	0.9416527838	0.8867261135
1.680000	-1.9025878906	3.6198467135	13.1033775721	0.9716064453	0.9440205842	0.8911805305
1.690000	-1.8963378906	3.5961105943	12.9322013665	0.9694824219	0.9398995697	0.8834239933
1.700000	-1.8934082031	3.5850403190	12.8531664898	0.9683837891	0.9377738923	0.8794450306
1.710000	-1.8953613281	3.5924693942	12.9069142656	0.9691650391	0.9392933577	0.8823189398
1.720000	-1.8944824219	3.5890953183	12.8820608318	0.9692382812	0.9394251883	0.8825285000
1.730000	-1.8916992187	3.5785968065	12.8073684650	0.9680664062	0.9371649981	0.8783247241
1.740000	-1.8811523437	3.5387844563	12.5237042796	0.9651855469	0.9315880477	0.8678745438
1.750000	-1.8840332031	3.5496145606	12.6002387270	0.9659667969	0.9330963910	0.8706858071
1.760000	-1.8783203125	3.5282050371	12.4498872783	0.9643798828	0.9300427645	0.8650322534
1.770000	-1.8726074219	3.5067502856	12.2985839146	0.9621337891	0.9257153481	0.8570004639
1.780000	-1.8713867187	3.5021329165	12.2655607896	0.9616699219	0.9248129070	0.8552932369
1.790000	-1.8711914062	3.5013727903	12.2598286712	0.9609130859	0.9233585209	0.8526078160
1.800000	-1.8527343750	3.4327090263	11.7846534010	0.9539062500	0.9099496067	0.8280537717
1.810000	-1.8560546875	3.4449884653	11.8686300621	0.9555908203	0.9131616324	0.8338928175
1.820000	-1.8528808594	3.4331975818	11.7872600628	0.9539794922	0.9100880951	0.8283012492
1.830000	-1.8386230469	3.3806330323	11.4300076607	0.9488769531	0.9003909349	0.8107882449
1.840000	-1.8313476562	3.3538925409	11.2493792247	0.9468994141	0.8966265231	0.8039679576
1.850000	-1.8332519531	3.3608722568	11.2962588929	0.9469238281	0.8966776669	0.8040769865
1.860000	-1.8322753906	3.3574077725	11.2745250008	0.9472900391	0.8973837525	0.8053881637
1.870000	-1.8183593750	3.3066128254	10.9360991153	0.9424560547	0.8882439047	0.7890497758
1.880000	-1.8185546875	3.3072098255	10.9385479164	0.9432373047	0.8897152752	0.7916595922
1.890000	-1.8230957031	3.3238099456	11.0494695790	0.9427001953	0.8886975497	0.7898327629
1.900000	-1.8084472656	3.2705255866	10.6969134275	0.9366455078	0.8773218364	0.7697534321
1.910000	-1.8028808594	3.2505317092	10.5679526361	0.9360351562	0.8761817873	0.7677648251
1.920000	-1.7971191406	3.2296808839	10.4314027327	0.9339111328	0.8722016782	0.7607765827
1.930000	-1.7979003906	3.2325256467	10.4502565702	0.9346191406	0.8735180795	0.7630518039
1.940000	-1.7840332031	3.1828682303	10.1318412408	0.9302246094	0.8653308749	0.7488426914
1.950000	-1.7686035156	3.1280945659	9.7866714091	0.9226074219	0.8512374520	0.7247170086
1.960000	-1.7740234375	3.1472592115	9.9064927780	0.9241943359	0.8541507095	0.7296264884
1.970000	-1.7645019531	3.1135614753	9.6954336727	0.9209716797	0.8482166141	0.7195649475
1.980000	-1.7549316406	3.0798174500	9.4856736310	0.9172607422	0.8413840860	0.7079836872
1.990000	-1.7458984375	3.0482546806	9.2929984692	0.9101806641	0.8284574479	0.6864365442
2.000000	-1.7395996094	3.0262970805	9.1595625386	0.9084228516	0.8252526492	0.6811098103
2.010000	-1.7284667969	2.9876763225	8.9271556382	0.9021972656	0.8139669478	0.6625651887
2.020000	-1.7196777344	2.9575137496	8.7495006231	0.8957031250	0.8023843527	0.6441414215
2.030000	-1.7110839844	2.9280382991	8.5761039980	0.8894775391	0.7913037032	0.6265832397
2.040000	-1.7098632813	2.9239147902	8.5525921150	0.8955322266	0.8020402402	0.6434693091
2.050000	-1.7181640625	2.9522437811	8.7175917917	0.9007080078	0.8113233358	0.6584021574
2.060000	-1.7062988281	2.9116753936	8.4804100215	0.8939697266	0.7992337972	0.6389408586
2.070000	-1.6843261719	2.8370385289	8.0497441699	0.8816162109	0.7773059219	0.6043881599
2.080000	-1.6571777344	2.7464506269	7.5453420817	0.8571777344	0.7347925723	0.5400349116
2.090000	-1.6732910156	2.8000370383	7.8417247879	0.8722656250	0.7609098494	0.5791741215
2.100000	-1.6622070312	2.7630172968	7.6352059451	0.8739746094	0.7638637245	0.5835861281
2.110000	-1.6614746094	2.7607297540	7.6241962463	0.8660400391	0.7501144975	0.5629392906
2.120000	-1.6500000000	2.7226111412	7.4138240149	0.8620849609	0.7432806045	0.5527337430
2.130000	-1.6416503906	2.6951567054	7.2653885331	0.8612304687	0.7417589962	0.5503283424
2.140000	-1.6130371094	2.6021881700	6.7744781356	0.8445312500	0.7133599937	0.5092402027
2.150000	-1.6133789062	2.6032438755	6.7795031138	0.8267578125	0.6835974336	0.4674928605
2.160000	-1.5891113281	2.5255173564	6.3806841690	0.8306884766	0.6901599854	0.4766408530
2.170000	-1.5939941406	2.5412351489	6.4620702470	0.8341064453	0.6958929747	0.4847037029
2.180000	-1.5799316406	2.4965050578	6.2357269069	0.8213623047	0.6747393161	0.4555494411
2.190000	-1.5626953125	2.4421606779	5.9655601618	0.8155029297	0.6651901811	0.4428618913
2.200000	-1.5523437500	2.4101872206	5.8130253645	0.8074218750	0.6521524906	0.4258856498
2.210000	-1.5448730469	2.3867775798	5.6980849012	0.7900390625	0.6242367446	0.3898588424
2.220000	-1.5464843750	2.3917008877	5.7210603024	0.8030761719	0.6450009763	0.4162050933
2.230000	-1.5227050781	2.3186898112	5.3768706742	0.7863769531	0.6184161067	0.3825063185
2.240000	-1.4851562500	2.2057936907	4.8664486686	0.7272949219	0.5291440666	0.2803872172
2.250000	-1.4700683594	2.1614028335	4.6742982898	0.7124023438	0.5077521026	0.2582942528
2.260000	-1.4636230469	2.1425209165	4.5932034792	0.6930908203	0.4808541983	0.2321171813
2.270000	-1.4228515625	2.0246381998	4.1002223623	0.6198974609	0.3848716766	0.1490275540
2.280000	-1.4165039062	2.0068675280	4.0305976697	0.6366455078	0.4053380817	0.1643325613
2.290000	-1.4284179688	2.0406739712	4.1667599211	0.6466064453	0.4185338885	0.1759001195
2.300000	-1.3845214844	1.9170290828	3.6759900842	0.5957275391	0.3549279422	0.1260259461
2.310000	-1.3634277344	1.8591445804	3.4579672791	0.5705566406	0.3258327782	0.1065597358
2.320000	-1.3416015625	1.8005607128	3.2468826541	0.5179931641	0.2689010471	0.0729431251
2.330000	-1.3260253906	1.7590463281	3.0992602482	0.5251464844	0.2767623663	0.0776098890
2.340000	-1.3472656250	1.8154249191	3.2979469782	0.5689941406	0.3242234051	0.1057168718
2.350000	-1.3092773438	1.7145474672	2.9419743546	0.4998291016	0.2499724299	0.0626300048
2.360000	-1.2869140625	1.6563056946	2.7443954556	0.4599853516	0.2116131634	0.0448026086
2.370000	-1.2729003906	1.6203539252	2.6260543586	0.3868652344	0.1502800286	0.0229507266
2.380000	-1.2515136719	1.5665989041	2.4562005065	0.3385986328	0.1148015648	0.0132479593
2.390000	-1.2229492187	1.4960251808	2.2406373039	0.2354980469	0.0566343606	0.0034797538
2.400000	-1.2224121094	1.4947582603	2.2370714041	0.1346191406	0.0208778799	0.0007026406
2.410000	-1.2153320312	1.4771445751	2.1826161190	0.0880126953	0.0083534032	0.0000917405
2.420000	-1.2029785156	1.4474460244	2.0967462300	0.0861328125	0.0076181948	0.0000634261
2.430000	-1.1646972656	1.3565666556	1.8405268613	0.0372558594	0.0015008330	0.0000027630
2.440000	-1.1888183594	1.4135589004	1.9996547388	0.0635498047	0.0052083462	0.0000457578
2.450000	-1.1509765625	1.3249568701	1.7566156206	0.0742187500	0.0058180809	0.0000403561
2.460000	-1.1364257813	1.2917437315	1.6700555026	0.0822509766	0.0072450906	0.0000619005
2.470000	-1.1369140625	1.2926471472	1.6713151610	0.0428955078	0.0021597713	0.0000078709
2.480000	-1.1280273437	1.2727382183	1.6213418562	0.0287109375	0.0019936562	0.0000137687
2.490000	-1.1135742187	1.2402876616	1.5395256606	0.0206542969	0.0006673574	0.0000009685
2.500000	-1.1266113281	1.2692899108	1.6112840119	0.0275390625	0.0008997977	0.0000013509
2.510000	-1.0955566406	1.2004415393	1.4419999764	0.0251464844	0.0013449609	0.0000068114
2.520000	-1.0601074219	1.1241106391	1.2648867315	0.0378417969	0.0018082440	0.0000062135
2.530000	-1.0730468750	1.1516303301	1.3271750341	0.0840087891	0.0071551114	0.0000539710
2.540000	-1.0518066406	1.1066870093	1.2264829128	0.0293701172	0.0010489494	0.0000020594
2.550000	-1.0493164062	1.1013540030	1.2142459388	0.0297363281	0.0018605173	0.0000087795
2.560000	-1.0635742187	1.1312391043	1.2799229898	0.1019775391	0.0113737911	0.0001601625
2.570000	-1.0502929688	1.1031870127	1.2173361402	0.0548828125	0.0035363615	0.0000195450
2.580000	-1.0339355469	1.0693131804	1.1446678056	0.0483642578	0.0042192072	0.0000434135
2.590000	-1.0321289063	1.0653443813	1.1351901840	0.0222900391	0.0008510202	0.0000016438
2.600000	-1.0251464844	1.0511226773	1.1056890640	0.0273437500	0.0012046456	0.0000026489
2.610000	-1.0238769531	1.0486503959	1.1010242769	0.0667968750	0.0048117220	0.0000304240
2.620000	-1.0204101563	1.0413101912	1.0846330948	0.0273681641	0.0010430664	0.0000021976
2.630000	-0.9974609375	0.9953661680	0.9925082458	0.0402587891	0.0018581003	0.0000048904
2.640000	-0.9967773438	0.9938624859	0.9889544247	0.0264404297	0.0011608928	0.0000041219
2.650000	-1.0000976562	1.0004223108	1.0017490639	0.0666503906	0.0052021861	0.0000359186
2.660000	-0.9992187500	0.9985219240	0.9973807916	0.0248291016	0.0010363132	0.0000032738
2.670000	-0.9847656250	0.9697988987	0.9406487116	0.0314453125	0.0019826591	0.0000157578
2.680000	-0.9828613281	0.9664366603	0.9356456663	0.0239501953	0.0009487301	0.0000020408
2.690000	-0.9727050781	0.9462497354	0.8957436442	0.0335449219	0.0016570151	0.0000047112
2.700000	-0.9627929687	0.9270548820	0.8597419680	0.0348632813	0.0028336704	0.0000276023
2.710000	-0.9556152344	0.9134212375	0.8351383650	0.0471679687	0.0027555645	0.0000134828
2.720000	-0.9458984375	0.8949048758	0.8015133716	0.0233154297	0.0007343024	0.0000008641
2.730000	-0.9375976563	0.8793846846	0.7743664965	0.0384033203	0.0015109032	0.0000025038
2.740000	-0.9376953125	0.8793931723	0.7737574607	0.0348632813	0.0014016330	0.0000029412
2.750000	-0.9416503906	0.8868451238	0.7869908063	0.0300537109	0.0011324555	0.0000024734
2.760000	-0.9341308594	0.8728753924	0.7628688539	0.0317382812	0.0019933701	0.0000139467
2.770000	-0.9263183594	0.8584267497	0.7381214596	0.0262939453	0.0007876128	0.0000009253
2.780000	-0.9042968750	0.8181858778	0.6708456578	0.0272460937	0.0013425171	0.0000043534
2.790000	-0.8997558594	0.8096153140	0.6556548268	0.0141113281	0.0002635658	0.0000001224
2.800000	-0.9077636719	0.8242930770	0.6803195478	0.0382324219	0.0017265081	0.0000042478
2.810000	-0.9108398438	0.8296442509	0.6883594475	0.0231445312	0.0006318510	0.0000005686
2.820000	-0.8943359375	0.8000399590	0.6407101159	0.0319091797	0.0024573535	0.0000257832
2.830000	-0.8936035156	0.7986257911	0.6381170660	0.0390136719	0.0019802928	0.0000085648
2.840000	-0.8808593750	0.7761388779	0.6030861716	0.0175048828	0.0005513400	0.0000010380
2.850000	-0.8682128906	0.7538557649	0.5684849557	0.0214111328	0.0006193846	0.0000006193
2.860000	-0.8826660156	0.7792267442	0.6075881267	0.0229248047	0.0005865544	0.0000004757
2.870000	-0.8668945313	0.7518438578	0.5662963385	0.0252929687	0.0009395182	0.0000016970
2.880000	-0.8633789063	0.7455776453	0.5563416681	0.0274169922	0.0011420339	0.0000028499
2.890000	-0.8616210937	0.7424661875	0.5514798067	0.0072265625	0.0001075983	0.0000000478
2.900000	-0.8669921875	0.7518374920	0.5657458137	0.0127441406	0.0002700210	0.0000001741
2.910000	-0.8574218750	0.7352493286	0.5408172509	0.0302734375	0.0011147678	0.0000021782
2.920000	-0.8596679687	0.7392937422	0.5473315247	0.0164550781	0.0004844010	0.0000007018
2.930000	-0.8441406250	0.7126519918	0.5080977249	0.0166503906	0.0005127609	0.0000007315
2.940000	-0.8422363281	0.7095457911	0.5039751546	0.0296875000	0.0010200620	0.0000015364
2.950000	-0.8347167969	0.6971856952	0.4872906837	0.0266357422	0.0011431605	0.0000042140
2.960000	-0.8284179687	0.6864933968	0.4718639378	0.0192138672	0.0003852218	0.0000001772
2.970000	-0.8244628906	0.6798468947	0.4624868164	0.0152099609	0.0002601534	0.0000000921
2.980000	-0.8314941406	0.6916455388	0.4791027485	0.0161621094	0.0003870189	0.0000002647
2.990000	-0.8186035156	0.6703258872	0.4499085794	0.0143554687	0.0003525555	0.0000002396
3.000000	-0.8135253906	0.6619758487	0.4386068458	0.0325927734	0.0011410326	0.0000016804

===== Performance statistics =====
# started on Mon Mar 24 18:17:58 2025


 Performance counter stats for './tiny_ising':

            890.38 msec task-clock                       #    0.999 CPUs utilized             
                 1      context-switches                 #    1.123 /sec                      
                 0      cpu-migrations                   #    0.000 /sec                      
                92      page-faults                      #  103.326 /sec                      
     3,207,159,175      cycles                           #    3.602 GHz                       
        90,313,129      stalled-cycles-frontend          #    2.82% frontend cycles idle      
     9,505,739,891      instructions                     #    2.96  insn per cycle            
                                                  #    0.01  stalled cycles per insn   
     1,600,808,670      branches                         #    1.798 G/sec                     
        20,859,725      branch-misses                    #    1.30% of all branches           

       0.891357475 seconds time elapsed

       0.887444000 seconds user
       0.003997000 seconds sys


