===== Results for gcc, L=1024, -O1 =====
===== Program output =====
# L: 1024
# Minimum Temperature: 1.500000
# Maximum Temperature: 3.000000
# Temperature Step: 0.010000000000
# Equilibration Time: 5
# Measurement Time: 25
# Data Acquiring Step: 5
# Number of Points: 151
# Total Simulation Time (sec): 55.608374
# Temp	E	E^2	E^4	M	M^2	M^4
1.500000	-1.9515151978	3.8084118507	14.5040051471	0.9866092682	0.9733978739	0.9475035213
1.510000	-1.9488059998	3.7978452229	14.4236343852	0.9858379364	0.9718764710	0.9445440075
1.520000	-1.9466758728	3.7895477311	14.3606837844	0.9851596832	0.9705396509	0.9419474059
1.530000	-1.9448944092	3.7826144478	14.3081748588	0.9846504211	0.9695364685	0.9400010285
1.540000	-1.9419815063	3.7712922701	14.2226468825	0.9837657928	0.9677951432	0.9366274704
1.550000	-1.9407005310	3.7663188030	14.1851611209	0.9833927155	0.9670612592	0.9352075813
1.560000	-1.9382987976	3.7570027671	14.1150778824	0.9826641083	0.9656287963	0.9324391520
1.570000	-1.9360160828	3.7481592666	14.0487127847	0.9820293427	0.9643817298	0.9300325064
1.580000	-1.9332984924	3.7376437139	13.9699902960	0.9811595917	0.9626742276	0.9267419893
1.590000	-1.9305618286	3.7270693576	13.8910517143	0.9803623199	0.9611103153	0.9237331804
1.600000	-1.9280220032	3.7172695969	13.8181044352	0.9795364380	0.9594917115	0.9206246442
1.610000	-1.9255317688	3.7076728676	13.7468421715	0.9788116455	0.9580722856	0.9179026890
1.620000	-1.9228874207	3.6974963227	13.6714833491	0.9779953003	0.9564748492	0.9148442968
1.630000	-1.9200881958	3.6867391057	13.5920515162	0.9771144867	0.9547527707	0.9115530463
1.640000	-1.9174118042	3.6764684227	13.5164258820	0.9762859344	0.9531342873	0.9084652038
1.650000	-1.9145530701	3.6655139758	13.4360002996	0.9753490448	0.9513058281	0.9049830410
1.660000	-1.9102836609	3.6491839129	13.3165468487	0.9739887238	0.9486540802	0.8999447390
1.670000	-1.9076309204	3.6390574432	13.2427640328	0.9732086182	0.9471351856	0.8970657081
1.680000	-1.9047431946	3.6280471327	13.1627331890	0.9722484589	0.9452671300	0.8935301901
1.690000	-1.9013023376	3.6149512285	13.0678817721	0.9711143494	0.9430631414	0.8893683221
1.700000	-1.8976043701	3.6009026382	12.9665040272	0.9698841095	0.9406752210	0.8848700036
1.710000	-1.8941810608	3.5879226104	12.8731989834	0.9687587738	0.9384936821	0.8807708427
1.720000	-1.8914939880	3.5777498319	12.8002985141	0.9678638458	0.9367604427	0.8775201968
1.730000	-1.8882385254	3.5654450237	12.7124024213	0.9667526245	0.9346106847	0.8734973101
1.740000	-1.8835006714	3.5475751854	12.5852954619	0.9651737213	0.9315603724	0.8678049514
1.750000	-1.8795455933	3.5326926464	12.4799316047	0.9639602661	0.9292195568	0.8634495879
1.760000	-1.8758155823	3.5186845085	12.3811464386	0.9626239777	0.9266449893	0.8586711841
1.770000	-1.8721664429	3.5050079685	12.2850917761	0.9612880707	0.9240749094	0.8539150097
1.780000	-1.8662078857	3.4827321943	12.1294280176	0.9593818665	0.9204136049	0.8471613487
1.790000	-1.8636016846	3.4730134173	12.0618524598	0.9582675934	0.9182770707	0.8432338445
1.800000	-1.8589797974	3.4558072469	11.9426225349	0.9567836761	0.9154351585	0.8380220990
1.810000	-1.8549896240	3.4409884794	11.8404289091	0.9553806305	0.9127523432	0.8331175491
1.820000	-1.8500053406	3.4225209626	11.7136662010	0.9535476685	0.9092533340	0.8267422724
1.830000	-1.8459434509	3.4075086933	11.6111355382	0.9520107269	0.9063245583	0.8214246915
1.840000	-1.8408790588	3.3888371025	11.4842357906	0.9501979828	0.9028764909	0.8151869851
1.850000	-1.8363632202	3.3722309072	11.3719552001	0.9486057281	0.8998529258	0.8097356422
1.860000	-1.8305061340	3.3507529895	11.2275493871	0.9464763641	0.8958175165	0.8024890539
1.870000	-1.8264022827	3.3357461297	11.1272133319	0.9448589325	0.8927586235	0.7970187493
1.880000	-1.8207214355	3.3150269717	10.9894094706	0.9428024292	0.8888764927	0.7901016758
1.890000	-1.8145431519	3.2925675429	10.8410101530	0.9400756836	0.8837424497	0.7810012786
1.900000	-1.8099731445	3.2760044093	10.7322261927	0.9384757996	0.8807371313	0.7756989685
1.910000	-1.8043174744	3.2555663951	10.5987757163	0.9362575531	0.8765790284	0.7683936785
1.920000	-1.7980049133	3.2328240784	10.4511826535	0.9336257935	0.8716573948	0.7597875635
1.930000	-1.7926734924	3.2136791527	10.3277452946	0.9318347931	0.8683161967	0.7539734170
1.940000	-1.7846214294	3.1848740904	10.1434286287	0.9283210754	0.8617802145	0.7426658117
1.950000	-1.7804679871	3.1700673755	10.0493414041	0.9266975403	0.8587683862	0.7374833301
1.960000	-1.7716514587	3.1387532723	9.8518271179	0.9226707458	0.8513223687	0.7247533968
1.970000	-1.7674407959	3.1238503687	9.7584836461	0.9209617615	0.8481712804	0.7193969442
1.980000	-1.7597511292	3.0967252657	9.5897225977	0.9178901672	0.8425225661	0.7098449721
1.990000	-1.7535011292	3.0747684783	9.4542290991	0.9151721954	0.8375406311	0.7014759307
2.000000	-1.7462234497	3.0493005400	9.2982850356	0.9117195129	0.8312333860	0.6909519884
2.010000	-1.7393684387	3.0254030983	9.1530703564	0.9081035614	0.8246524386	0.6800528328
2.020000	-1.7313682556	2.9976391603	8.9858779654	0.9049106598	0.8188636211	0.6705386746
2.030000	-1.7227081299	2.9677250435	8.8074126183	0.9006706238	0.8112079858	0.6580597368
2.040000	-1.7148475647	2.9407055183	8.6477883335	0.8967926025	0.8042381611	0.6468028448
2.050000	-1.7066024780	2.9124940499	8.4826452593	0.8929092407	0.7972872157	0.6356678725
2.060000	-1.6984664917	2.8847902514	8.3220358868	0.8891803741	0.7906428531	0.6251196476
2.070000	-1.6899993896	2.8560999205	8.1573294409	0.8845432281	0.7824189535	0.6121864138
2.080000	-1.6824607849	2.8306745541	8.0127213890	0.8809093475	0.7760016930	0.6021799141
2.090000	-1.6713050842	2.7932675869	7.8024208825	0.8744693756	0.7646985206	0.5847694221
2.100000	-1.6638687134	2.7684640217	7.6644476230	0.8703620911	0.7575321679	0.5738610310
2.110000	-1.6518890381	2.7287421776	7.4460860597	0.8625904083	0.7440642221	0.5536375480
2.120000	-1.6418075562	2.6955338357	7.2659219153	0.8576660156	0.7355916951	0.5410972054
2.130000	-1.6335540771	2.6685049890	7.1209836757	0.8525302887	0.7268092431	0.5282556027
2.140000	-1.6218597412	2.6304364360	6.9192738932	0.8448455811	0.7137672693	0.5094728980
2.150000	-1.6105339050	2.5938251695	6.7279882839	0.8381256104	0.7024595068	0.4934633245
2.160000	-1.5974929810	2.5519894019	6.5127068314	0.8273445129	0.6845021366	0.4685519186
2.170000	-1.5874443054	2.5199823471	6.3503404891	0.8222183228	0.6760445535	0.4570405210
2.180000	-1.5757354736	2.4829453350	6.1650478591	0.8123817444	0.6599649826	0.4355561112
2.190000	-1.5615142822	2.4383296974	5.9454794384	0.8009754181	0.6415649165	0.4116139918
2.200000	-1.5502357483	2.4032447538	5.7757188613	0.7903743744	0.6247057514	0.3902925330
2.210000	-1.5358963013	2.3589819683	5.5648386467	0.7774868011	0.6044907158	0.3654211194
2.220000	-1.5212501526	2.3142088391	5.3556256449	0.7659637451	0.5867116571	0.3442568953
2.230000	-1.5043365479	2.2630379787	5.1214273566	0.7493881226	0.5615986464	0.3154294373
2.240000	-1.4915527344	2.2247452882	4.9496317491	0.7349658966	0.5401888284	0.2918341845
2.250000	-1.4767395020	2.1807846127	4.7560404835	0.7200363159	0.5184972858	0.2689330279
2.260000	-1.4584907532	2.1272011201	4.5250342967	0.6977245331	0.4868325670	0.2370313142
2.270000	-1.4389884949	2.0707001543	4.2879009532	0.6711540222	0.4504916737	0.2030219501
2.280000	-1.4175247192	2.0093844405	4.0376911164	0.6354305267	0.4038405601	0.1631985327
2.290000	-1.3999969482	1.9599972105	3.8416341212	0.6003929138	0.3605027789	0.1300070455
2.300000	-1.3826988220	1.9118596117	3.6552345623	0.5727451324	0.3281075003	0.1077470838
2.310000	-1.3622520447	1.8557621513	3.4440876381	0.5335231781	0.2847670882	0.0812301187
2.320000	-1.3423713684	1.8019695840	3.2471570100	0.4873996735	0.2376712916	0.0565950401
2.330000	-1.3231819153	1.7508238948	3.0654790020	0.4342842102	0.1887075611	0.0356902364
2.340000	-1.2991127014	1.6877062785	2.8484366526	0.3814468384	0.1457048799	0.0213490209
2.350000	-1.2803817749	1.6393849794	2.6876321864	0.3273143768	0.1072973614	0.0115823118
2.360000	-1.2619125366	1.5924290566	2.5358673427	0.2620132446	0.0688436553	0.0047928240
2.370000	-1.2468292236	1.5545855478	2.4167513621	0.2116741180	0.0448355322	0.0020157061
2.380000	-1.2328910828	1.5200441059	2.3106780785	0.1760402679	0.0310510893	0.0009716566
2.390000	-1.2200576782	1.4885460487	2.2158009720	0.1307777405	0.0172243130	0.0003053001
2.400000	-1.2073394775	1.4576722374	2.1248294911	0.0842819214	0.0071740516	0.0000535737
2.410000	-1.1952728271	1.4286793799	2.0411376130	0.0566490173	0.0032293634	0.0000106754
2.420000	-1.1850593567	1.4043749576	1.9723212378	0.0362400055	0.0013261120	0.0000018318
2.430000	-1.1712272644	1.3717798349	1.8818157716	0.0139411926	0.0001993169	0.0000000439
2.440000	-1.1621299744	1.3505485774	1.8239949605	0.0050422668	0.0000269988	0.0000000009
2.450000	-1.1537734985	1.3311946905	1.7720867825	0.0038181305	0.0000176065	0.0000000006
2.460000	-1.1423065186	1.3048692042	1.7027098666	0.0041717529	0.0000198379	0.0000000006
2.470000	-1.1329193115	1.2835074689	1.6473981087	0.0030597687	0.0000109263	0.0000000002
2.480000	-1.1258918762	1.2676332270	1.6068975973	0.0025867462	0.0000086547	0.0000000001
2.490000	-1.1149452209	1.2431071620	1.5453368864	0.0090602875	0.0000895996	0.0000000110
2.500000	-1.1066024780	1.2245753646	1.4996158030	0.0034355164	0.0000164528	0.0000000006
2.510000	-1.1003326416	1.2107326716	1.4658772327	0.0055103302	0.0000367120	0.0000000021
2.520000	-1.0892784119	1.1865324533	1.4078829894	0.0058139801	0.0000406053	0.0000000028
2.530000	-1.0822242737	1.1712127162	1.3717548683	0.0063819885	0.0000438618	0.0000000025
2.540000	-1.0735702515	1.1525595337	1.3284232314	0.0025905609	0.0000074371	0.0000000001
2.550000	-1.0653060913	1.1348813332	1.2879750171	0.0035209656	0.0000185538	0.0000000008
2.560000	-1.0590209961	1.1215300596	1.2578502033	0.0037292480	0.0000161134	0.0000000004
2.570000	-1.0493171692	1.1010760074	1.2124101080	0.0038063049	0.0000224433	0.0000000010
2.580000	-1.0424270630	1.0866632643	1.1808764820	0.0040817261	0.0000204868	0.0000000008
2.590000	-1.0376220703	1.0766612074	1.1592064362	0.0043788910	0.0000265879	0.0000000013
2.600000	-1.0295143127	1.0599003259	1.1233912677	0.0043048859	0.0000276753	0.0000000015
2.610000	-1.0194656372	1.0393174560	1.0802109554	0.0053176880	0.0000395369	0.0000000027
2.620000	-1.0139686584	1.0281351128	1.0570728130	0.0046222687	0.0000317790	0.0000000024
2.630000	-1.0081062317	1.0162811004	1.0328391605	0.0046951294	0.0000297651	0.0000000014
2.640000	-1.0009880066	1.0019783115	1.0039658309	0.0027549744	0.0000146413	0.0000000006
2.650000	-0.9936096191	0.9872659198	0.9747170984	0.0039810181	0.0000217033	0.0000000008
2.660000	-0.9895507812	0.9792108628	0.9588543611	0.0034549713	0.0000151773	0.0000000004
2.670000	-0.9825912476	0.9654959120	0.9322224833	0.0046371460	0.0000278855	0.0000000013
2.680000	-0.9747283936	0.9500966708	0.9026883602	0.0077507019	0.0000760202	0.0000000089
2.690000	-0.9696441650	0.9402154583	0.8840263295	0.0018478394	0.0000048719	0.0000000001
2.700000	-0.9641921997	0.9296680231	0.8642879355	0.0050067902	0.0000267818	0.0000000009
2.710000	-0.9609130859	0.9233553720	0.8525903708	0.0041549683	0.0000215184	0.0000000007
2.720000	-0.9513984680	0.9051643892	0.8193419285	0.0034332275	0.0000205315	0.0000000014
2.730000	-0.9451110840	0.8932421982	0.7979075345	0.0046649933	0.0000306552	0.0000000017
2.740000	-0.9398948669	0.8834071822	0.7804252714	0.0027381897	0.0000126863	0.0000000005
2.750000	-0.9338424683	0.8720626521	0.7604963975	0.0026477814	0.0000089922	0.0000000001
2.760000	-0.9278350830	0.8608801116	0.7411220422	0.0042129517	0.0000245176	0.0000000012
2.770000	-0.9253189087	0.8562151688	0.7331047098	0.0036777496	0.0000183045	0.0000000006
2.780000	-0.9191925049	0.8449180813	0.7138974396	0.0036895752	0.0000149686	0.0000000003
2.790000	-0.9149078369	0.8370584945	0.7006741080	0.0022403717	0.0000078563	0.0000000002
2.800000	-0.9080802917	0.8246142113	0.6800030856	0.0056903839	0.0000476290	0.0000000046
2.810000	-0.9014427185	0.8126010235	0.6603270794	0.0048336029	0.0000334132	0.0000000025
2.820000	-0.8989433289	0.8080998652	0.6530278390	0.0029384613	0.0000132912	0.0000000004
2.830000	-0.8932502747	0.7978995328	0.6366547908	0.0030330658	0.0000107225	0.0000000002
2.840000	-0.8881050110	0.7887338503	0.6221116074	0.0019645691	0.0000042866	0.0000000000
2.850000	-0.8838615417	0.7812137280	0.6103026947	0.0023784637	0.0000076866	0.0000000001
2.860000	-0.8770805359	0.7692719035	0.5917842896	0.0031978607	0.0000167376	0.0000000007
2.870000	-0.8738487244	0.7636138102	0.5831128190	0.0023246765	0.0000084245	0.0000000001
2.880000	-0.8692901611	0.7556691046	0.5710470223	0.0022197723	0.0000104368	0.0000000003
2.890000	-0.8643608093	0.7471226260	0.5582012365	0.0017261505	0.0000037989	0.0000000000
2.900000	-0.8609016418	0.7411528947	0.5493113424	0.0047786713	0.0000266915	0.0000000011
2.910000	-0.8535217285	0.7285010364	0.5307187028	0.0025062561	0.0000075875	0.0000000001
2.920000	-0.8512321472	0.7245976508	0.5250460492	0.0036865234	0.0000157759	0.0000000004
2.930000	-0.8472717285	0.7178695009	0.5153369616	0.0019191742	0.0000073826	0.0000000002
2.940000	-0.8415885925	0.7082714502	0.5016487055	0.0021274567	0.0000051041	0.0000000000
2.950000	-0.8379882813	0.7022299006	0.4931424595	0.0025653839	0.0000107720	0.0000000003
2.960000	-0.8327423096	0.6934617860	0.4808948788	0.0042671204	0.0000237853	0.0000000011
2.970000	-0.8288139343	0.6869332699	0.4718793288	0.0021701813	0.0000060741	0.0000000001
2.980000	-0.8237831116	0.6786201644	0.4605295425	0.0024829865	0.0000084750	0.0000000001
2.990000	-0.8210441589	0.6741158974	0.4544386902	0.0036499023	0.0000149839	0.0000000003
3.000000	-0.8175804138	0.6684393300	0.4468154073	0.0020698547	0.0000044331	0.0000000000

===== Performance statistics =====
# started on Mon Mar 24 18:21:04 2025


 Performance counter stats for './tiny_ising':

         55,598.19 msec task-clock                       #    1.000 CPUs utilized             
               509      context-switches                 #    9.155 /sec                      
                 2      cpu-migrations                   #    0.036 /sec                      
               591      page-faults                      #   10.630 /sec                      
   200,594,668,889      cycles                           #    3.608 GHz                       
     5,689,310,848      stalled-cycles-frontend          #    2.84% frontend cycles idle      
   589,881,323,378      instructions                     #    2.94  insn per cycle            
                                                  #    0.01  stalled cycles per insn   
   102,572,665,527      branches                         #    1.845 G/sec                     
     1,286,629,747      branch-misses                    #    1.25% of all branches           

      55.613295455 seconds time elapsed

      55.597075000 seconds user
       0.000000000 seconds sys


