===== Results for gcc, L=128, -O1 =====
===== Program output =====
# L: 128
# Minimum Temperature: 1.500000
# Maximum Temperature: 3.000000
# Temperature Step: 0.010000000000
# Equilibration Time: 5
# Measurement Time: 25
# Data Acquiring Step: 5
# Number of Points: 151
# Total Simulation Time (sec): 0.886789
# Temp	E	E^2	E^4	M	M^2	M^4
1.500000	-1.9452636719	3.7840683579	14.3194398107	0.9849121094	0.9700538278	0.9410120487
1.510000	-1.9502441406	3.8034724832	14.4667112382	0.9860839844	0.9723641217	0.9455017004
1.520000	-1.9493652344	3.8000363946	14.4404525747	0.9855224609	0.9712560147	0.9433440513
1.530000	-1.9452636719	3.7840816140	14.3197410833	0.9850097656	0.9702465177	0.9413871554
1.540000	-1.9452148438	3.7838940620	14.3183571037	0.9844238281	0.9690934002	0.9391541156
1.550000	-1.9424316406	3.7730836749	14.2368083488	0.9841552734	0.9685657829	0.9381358609
1.560000	-1.9385253906	3.7578895450	14.1218670171	0.9827880859	0.9658728629	0.9329120910
1.570000	-1.9412109375	3.7683123827	14.2003662738	0.9833740234	0.9670258194	0.9351441564
1.580000	-1.9308105469	3.7281243205	13.9003241628	0.9804687500	0.9613290071	0.9241920019
1.590000	-1.9310058594	3.7288060546	13.9043291336	0.9805175781	0.9614178777	0.9243364710
1.600000	-1.9280273437	3.7173148394	13.8188076421	0.9793457031	0.9591202676	0.9199203638
1.610000	-1.9314941406	3.7306992650	13.9185598590	0.9806884766	0.9617532045	0.9249819927
1.620000	-1.9199218750	3.6861071110	13.5874904149	0.9770507812	0.9546288967	0.9113188803
1.630000	-1.9205566406	3.6885889411	13.6064418113	0.9770996094	0.9547294140	0.9115302673
1.640000	-1.9208496094	3.6896720290	13.6138095879	0.9773437500	0.9552013755	0.9124118447
1.650000	-1.9194824219	3.6844370484	13.5754351152	0.9767578125	0.9540597498	0.9102450089
1.660000	-1.9146484375	3.6659427643	13.4400755537	0.9755126953	0.9516302496	0.9056200349
1.670000	-1.9084960937	3.6423834562	13.2673374018	0.9734130859	0.9475354284	0.8978324449
1.680000	-1.9013183594	3.6150150895	13.0683859305	0.9712402344	0.9433095634	0.8898403675
1.690000	-1.9022949219	3.6187483668	13.0956638168	0.9713134766	0.9434541136	0.8901216750
1.700000	-1.8983886719	3.6040115476	12.9907867378	0.9701660156	0.9412382424	0.8859898407
1.710000	-1.8908691406	3.5754003406	12.7836910140	0.9666992187	0.9345119894	0.8733299216
1.720000	-1.8864257813	3.5586530447	12.6647334103	0.9658447266	0.9328591317	0.8702377137
1.730000	-1.8824218750	3.5435715437	12.5577436177	0.9649169922	0.9310709804	0.8669162021
1.740000	-1.8824218750	3.5435384035	12.5570367557	0.9648437500	0.9309283435	0.8666457434
1.750000	-1.8770019531	3.5231838822	12.4134935770	0.9629638672	0.9273041099	0.8599103277
1.760000	-1.8782714844	3.5279152274	12.4463476096	0.9629150391	0.9272088617	0.8597292184
1.770000	-1.8745117188	3.5138968468	12.3489099577	0.9620849609	0.9256203026	0.8568203284
1.780000	-1.8666015625	3.4842419386	12.1405078854	0.9586914063	0.9190957308	0.8447609240
1.790000	-1.8583496094	3.4535278678	11.9277431275	0.9563720703	0.9146576136	0.8366353116
1.800000	-1.8604003906	3.4611530900	11.9804607546	0.9576660156	0.9171343207	0.8411726306
1.810000	-1.8534667969	3.4353808522	11.8024122068	0.9552734375	0.9125511169	0.8327633213
1.820000	-1.8460937500	3.4081045628	11.6157547679	0.9499755859	0.9024657756	0.8144883105
1.830000	-1.8512695313	3.4273531437	11.7488711527	0.9549804687	0.9120068848	0.8318266147
1.840000	-1.8437011719	3.3993748307	11.5576603488	0.9507324219	0.9039022148	0.8170756461
1.850000	-1.8351074219	3.3677122474	11.3427329758	0.9483886719	0.8994568646	0.8090793512
1.860000	-1.8295410156	3.3473188519	11.2058650609	0.9463867188	0.8956554234	0.8022259085
1.870000	-1.8341796875	3.3642406702	11.3184596968	0.9474609375	0.8976874113	0.8058613175
1.880000	-1.8238769531	3.3265514016	11.0662674796	0.9447753906	0.8926069260	0.7967699128
1.890000	-1.8112792969	3.2807931304	10.7643928824	0.9397460937	0.8831339061	0.7799648872
1.900000	-1.8018066406	3.2465723872	10.5410788549	0.9338378906	0.8720708132	0.7605689405
1.910000	-1.8029785156	3.2507957816	10.5685081094	0.9371093750	0.8781804144	0.7712234314
1.920000	-1.8002929688	3.2414275885	10.5117127053	0.9358154297	0.8757895201	0.7671441323
1.930000	-1.7873046875	3.1946435452	10.2081266545	0.9296875000	0.8643457949	0.7471871328
1.940000	-1.7856933594	3.1889636636	10.1728403725	0.9276855469	0.8606555641	0.7409173876
1.950000	-1.7868164063	3.1928303957	10.1956710334	0.9279296875	0.8610732734	0.7415154371
1.960000	-1.7753906250	3.1521039724	9.9369184286	0.9256103516	0.8567673594	0.7340942384
1.970000	-1.7497558594	3.0617971063	9.3764611072	0.9144531250	0.8362494469	0.6993966174
1.980000	-1.7595703125	3.0961217642	9.5863917684	0.9185546875	0.8437543452	0.7119606682
1.990000	-1.7528808594	3.0726776481	9.4424079762	0.9116210938	0.8310841739	0.6908043522
2.000000	-1.7520507812	3.0697599411	9.4243861566	0.9159423828	0.8389607817	0.7038898473
2.010000	-1.7374511719	3.0190487504	9.1184030106	0.9068359375	0.8224462986	0.6767273204
2.020000	-1.7337402344	3.0059385896	9.0366648511	0.9079833984	0.8244526178	0.6797837729
2.030000	-1.7119140625	2.9306918859	8.5894480288	0.8977539062	0.8059701860	0.6496140941
2.040000	-1.7058105469	2.9098078132	8.4671933235	0.8911865234	0.7942353398	0.6308798525
2.050000	-1.7153320312	2.9427694082	8.6646787735	0.8975341797	0.8056432933	0.6493041181
2.060000	-1.7006835938	2.8931496620	8.3799745209	0.8918945312	0.7956126153	0.6334366119
2.070000	-1.6989746094	2.8865995288	8.3334348687	0.8867187500	0.7863093317	0.6184047001
2.080000	-1.6919433594	2.8627239823	8.1957771401	0.8871582031	0.7870698512	0.6195426064
2.090000	-1.6750976562	2.8060402632	7.8748479139	0.8798339844	0.7741217494	0.5993074509
2.100000	-1.6664062500	2.7769892454	7.7125526345	0.8731201172	0.7623687714	0.5812978780
2.110000	-1.6487792969	2.7188839555	7.3968344307	0.8607421875	0.7410255611	0.5495591167
2.120000	-1.6557128906	2.7420491815	7.5260665920	0.8687011719	0.7548237979	0.5703065637
2.130000	-1.6343750000	2.6717577696	7.1443990521	0.8533203125	0.7284826756	0.5316182279
2.140000	-1.6157226562	2.6105836153	6.8153963300	0.8498291016	0.7222358912	0.5217007295
2.150000	-1.6161132813	2.6126952171	6.8352395131	0.8410156250	0.7078232348	0.5024481663
2.160000	-1.5880371094	2.5220339894	6.3623993277	0.8193115234	0.6713320166	0.4508484242
2.170000	-1.5943847656	2.5424413085	6.4678418392	0.8300048828	0.6891670555	0.4756576076
2.180000	-1.5705566406	2.4667679667	6.0861279033	0.8143310547	0.6633137554	0.4404615398
2.190000	-1.5640625000	2.4463845491	5.9857109836	0.8029785156	0.6448591828	0.4160616465
2.200000	-1.5599609375	2.4334828854	5.9218852694	0.8030029297	0.6448443085	0.4159030598
2.210000	-1.5495605469	2.4015816092	5.7718323469	0.7882324219	0.6214526117	0.3865534773
2.220000	-1.5065429688	2.2698609114	5.1539666009	0.7506103516	0.5634835571	0.3176655650
2.230000	-1.4930175781	2.2299889445	4.9807125410	0.7361572266	0.5430009276	0.2971364883
2.240000	-1.4737792969	2.1722552419	4.7206898133	0.7152587891	0.5118670732	0.2625557630
2.250000	-1.4628417969	2.1399208665	4.5793873192	0.7018066406	0.4928259790	0.2434416296
2.260000	-1.4283203125	2.0404607534	4.1664328606	0.6614501953	0.4379739434	0.1925937335
2.270000	-1.4450683594	2.0882795930	4.3613857016	0.6420410156	0.4126634479	0.1710213531
2.280000	-1.4222656250	2.0232251644	4.0965882214	0.6186523438	0.3830365181	0.1471988942
2.290000	-1.4104980469	1.9895568728	3.9587521091	0.6342285156	0.4025234044	0.1624783903
2.300000	-1.3965820312	1.9506300449	3.8064276146	0.6154541016	0.3794528693	0.1449997555
2.310000	-1.3553222656	1.8376416087	3.3822447026	0.5528320313	0.3076378703	0.0970635927
2.320000	-1.3643554687	1.8616355658	3.4669493953	0.5262451172	0.2773624450	0.0773874394
2.330000	-1.3294433594	1.7675110221	3.1247405343	0.5102050781	0.2603803992	0.0678728438
2.340000	-1.3316406250	1.7740116358	3.1523715280	0.5386474609	0.2906330913	0.0850461546
2.350000	-1.3135253906	1.7257254481	2.9807285855	0.4816894531	0.2332977176	0.0556373929
2.360000	-1.2837890625	1.6482669592	2.7178041463	0.4637451172	0.2158518463	0.0473041076
2.370000	-1.2770507813	1.6309117556	2.6602172048	0.3567871094	0.1275350153	0.0163942538
2.380000	-1.2328613281	1.5200257659	2.3109527334	0.2455566406	0.0612771630	0.0039881876
2.390000	-1.2357421875	1.5275845528	2.3367244395	0.2401123047	0.0577903658	0.0033715438
2.400000	-1.2136718750	1.4735209465	2.1743463653	0.1365234375	0.0190349340	0.0003878533
2.410000	-1.1906738281	1.4177600741	2.0103591048	0.0914062500	0.0086690247	0.0000846102
2.420000	-1.1970703125	1.4331874847	2.0552409765	0.1059326172	0.0117030114	0.0001565944
2.430000	-1.1707519531	1.3711523414	1.8827308720	0.0596679688	0.0043600202	0.0000325523
2.440000	-1.1592773437	1.3443203211	1.8093220252	0.1093505859	0.0132520288	0.0002272538
2.450000	-1.1465332031	1.3145626664	1.7282022237	0.1304199219	0.0175591528	0.0003444344
2.460000	-1.1435546875	1.3077493906	1.7103758490	0.0907226563	0.0090492547	0.0001058454
2.470000	-1.1379394531	1.2950751901	1.6780954148	0.0636230469	0.0049023986	0.0000415885
2.480000	-1.1316406250	1.2807644844	1.6411457976	0.0624267578	0.0043814987	0.0000269476
2.490000	-1.1209960938	1.2567469597	1.5799845302	0.0238281250	0.0009118795	0.0000019968
2.500000	-1.0979980469	1.2058618665	1.4553805883	0.0647216797	0.0053317815	0.0000454540
2.510000	-1.0779296875	1.1620942354	1.3512122354	0.0149658203	0.0004337162	0.0000005372
2.520000	-1.1039062500	1.2187244654	1.4858539950	0.0407958984	0.0020141155	0.0000065368
2.530000	-1.0762207031	1.1585087180	1.3433323261	0.0609619141	0.0046396345	0.0000366658
2.540000	-1.0811035156	1.1689583659	1.3672850480	0.0271484375	0.0007840216	0.0000008043
2.550000	-1.0602539063	1.1242056608	1.2641420903	0.0503662109	0.0030094951	0.0000134564
2.560000	-1.0613281250	1.1267127275	1.2708204779	0.0680419922	0.0059658617	0.0000680295
2.570000	-1.0541992188	1.1114136696	1.2355871984	0.1175292969	0.0147423506	0.0002676520
2.580000	-1.0283691406	1.0579717755	1.1211191759	0.0344970703	0.0016717702	0.0000064181
2.590000	-1.0344726562	1.0705047846	1.1476094190	0.0311035156	0.0012933552	0.0000025648
2.600000	-1.0383789062	1.0783208847	1.1631656348	0.0207031250	0.0007430553	0.0000012090
2.610000	-1.0062011719	1.0127121568	1.0266890711	0.0386230469	0.0018008053	0.0000045560
2.620000	-1.0166992187	1.0338226795	1.0693880115	0.0223876953	0.0007130831	0.0000008398
2.630000	-0.9936523438	0.9876784801	0.9768086920	0.0288574219	0.0013691247	0.0000035562
2.640000	-0.9989257812	0.9979614973	0.9963677746	0.0244140625	0.0010420859	0.0000039004
2.650000	-1.0003417969	1.0008674026	1.0024563800	0.0201660156	0.0005181849	0.0000005873
2.660000	-0.9883300781	0.9768823504	0.9546344933	0.0545654297	0.0031532496	0.0000123398
2.670000	-0.9790039062	0.9586740971	0.9199110252	0.0162109375	0.0002972364	0.0000001079
2.680000	-0.9870117188	0.9742075682	0.9491405753	0.0590087891	0.0049869269	0.0000413431
2.690000	-0.9885742187	0.9773435354	0.9554541959	0.0273681641	0.0009963900	0.0000017082
2.700000	-0.9599121094	0.9216596484	0.8502889407	0.0822265625	0.0085973382	0.0001315381
2.710000	-0.9544921875	0.9111321449	0.8304406732	0.0294921875	0.0010297477	0.0000017219
2.720000	-0.9457031250	0.8946663141	0.8015392646	0.0595703125	0.0051323950	0.0000435740
2.730000	-0.9540527344	0.9103639245	0.8292947244	0.0585205078	0.0046914428	0.0000446881
2.740000	-0.9506347656	0.9038187861	0.8172921711	0.0359375000	0.0018732488	0.0000057030
2.750000	-0.9412597656	0.8863152862	0.7867852789	0.0191406250	0.0005171180	0.0000005775
2.760000	-0.9264648438	0.8583645821	0.7368840618	0.0108642578	0.0002056152	0.0000001358
2.770000	-0.9337402344	0.8721155524	0.7614307167	0.0357421875	0.0016961992	0.0000067915
2.780000	-0.9285644531	0.8623524547	0.7440644841	0.0264160156	0.0008770406	0.0000011614
2.790000	-0.9022460937	0.8141709089	0.6632756201	0.0335449219	0.0021142006	0.0000107923
2.800000	-0.9162597656	0.8399567962	0.7069535908	0.0246582031	0.0007589579	0.0000009847
2.810000	-0.9097167969	0.8276409507	0.6851769560	0.0282470703	0.0012783140	0.0000047503
2.820000	-0.8964355469	0.8038350940	0.6469258919	0.0194580078	0.0006000012	0.0000008588
2.830000	-0.9002929687	0.8107596636	0.6580846670	0.0386474609	0.0017683715	0.0000047560
2.840000	-0.8910644531	0.7947628856	0.6340701560	0.0340820312	0.0017658114	0.0000068707
2.850000	-0.8834472656	0.7805991769	0.6097085182	0.0191406250	0.0006522417	0.0000010363
2.860000	-0.8856933594	0.7847419620	0.6167199988	0.0248046875	0.0007111609	0.0000008252
2.870000	-0.8850097656	0.7833292365	0.6138783007	0.0183105469	0.0005841374	0.0000008137
2.880000	-0.8679199219	0.7537533641	0.5695542455	0.0369628906	0.0015615344	0.0000036067
2.890000	-0.8641113281	0.7467200160	0.5576849116	0.0262207031	0.0011146903	0.0000031529
2.900000	-0.8571289063	0.7349335432	0.5408983539	0.0256591797	0.0012117356	0.0000045519
2.910000	-0.8508789062	0.7242921591	0.5254830933	0.0198486328	0.0006255358	0.0000009318
2.920000	-0.8454589844	0.7148621202	0.5112035960	0.0356933594	0.0014517665	0.0000029215
2.930000	-0.8395507813	0.7049677134	0.4973226111	0.0231689453	0.0007205576	0.0000009691
2.940000	-0.8481445312	0.7196393490	0.5186946770	0.0159667969	0.0003876030	0.0000002923
2.950000	-0.8485351562	0.7204518557	0.5203319460	0.0195068359	0.0004914552	0.0000003989
2.960000	-0.8343261719	0.6961423278	0.4847312649	0.0214599609	0.0006546706	0.0000008929
2.970000	-0.8377441406	0.7018710971	0.4927795260	0.0197265625	0.0005657256	0.0000006093
2.980000	-0.8301269531	0.6893948913	0.4760551085	0.0306396484	0.0014403552	0.0000049626
2.990000	-0.8303710937	0.6895603418	0.4756139141	0.0223144531	0.0005812287	0.0000005119
3.000000	-0.7974121094	0.6359666228	0.4047111325	0.0224609375	0.0005758464	0.0000004653

===== Performance statistics =====
# started on Mon Mar 24 18:17:57 2025


 Performance counter stats for './tiny_ising':

            887.74 msec task-clock                       #    0.999 CPUs utilized             
                 8      context-switches                 #    9.012 /sec                      
                 0      cpu-migrations                   #    0.000 /sec                      
                92      page-faults                      #  103.634 /sec                      
     3,203,259,189      cycles                           #    3.608 GHz                       
        94,105,231      stalled-cycles-frontend          #    2.94% frontend cycles idle      
     9,235,722,294      instructions                     #    2.88  insn per cycle            
                                                  #    0.01  stalled cycles per insn   
     1,605,019,614      branches                         #    1.808 G/sec                     
        20,810,195      branch-misses                    #    1.30% of all branches           

       0.888698162 seconds time elapsed

       0.884636000 seconds user
       0.004002000 seconds sys


